{"uid":"6da599facf9454a8","name":"Check that correct case could be opened from table","fullName":"io.github.dzmitryrak.tests.CaseTest.tableSortingValidation","historyId":"fac2bcff3102148b7350e158fb9f5380","time":{"start":1678189403953,"stop":1678189403953,"duration":0},"status":"skipped","statusMessage":"Could not start a new session. Possible causes are invalid address of the remote server or browser start-up failure. \nHost info: host: 'fv-az401-994', ip: '10.1.0.131'","statusTrace":"org.openqa.selenium.SessionNotCreatedException: Could not start a new session. Possible causes are invalid address of the remote server or browser start-up failure. \nHost info: host: 'fv-az401-994', ip: '10.1.0.131'\n\tat org.openqa.selenium.remote.RemoteWebDriver.execute(RemoteWebDriver.java:553)\n\tat org.openqa.selenium.remote.RemoteWebDriver.startSession(RemoteWebDriver.java:228)\n\tat org.openqa.selenium.remote.RemoteWebDriver.<init>(RemoteWebDriver.java:156)\n\tat org.openqa.selenium.chromium.ChromiumDriver.<init>(ChromiumDriver.java:101)\n\tat org.openqa.selenium.chrome.ChromeDriver.<init>(ChromeDriver.java:82)\n\tat com.codeborne.selenide.webdriver.ChromeDriverFactory.create(ChromeDriverFactory.java:42)\n\tat com.codeborne.selenide.webdriver.WebDriverFactory.createWebDriverInstance(WebDriverFactory.java:119)\n\tat com.codeborne.selenide.webdriver.WebDriverFactory.createWebDriver(WebDriverFactory.java:67)\n\tat com.codeborne.selenide.drivercommands.CreateDriverCommand.lambda$createDriver$0(CreateDriverCommand.java:76)\n\tat com.codeborne.selenide.logevents.SelenideLogger.get(SelenideLogger.java:118)\n\tat com.codeborne.selenide.drivercommands.CreateDriverCommand.createDriver(CreateDriverCommand.java:52)\n\tat com.codeborne.selenide.impl.WebDriverThreadLocalContainer.createDriver(WebDriverThreadLocalContainer.java:180)\n\tat com.codeborne.selenide.impl.WebDriverThreadLocalContainer.getAndCheckWebDriver(WebDriverThreadLocalContainer.java:164)\n\tat com.codeborne.selenide.WebDriverRunner.getAndCheckWebDriver(WebDriverRunner.java:130)\n\tat com.codeborne.selenide.impl.StaticDriver.getAndCheckWebDriver(StaticDriver.java:65)\n\tat com.codeborne.selenide.SelenideDriver.getAndCheckWebDriver(SelenideDriver.java:220)\n\tat com.codeborne.selenide.logevents.SelenideLogger.run(SelenideLogger.java:105)\n\tat com.codeborne.selenide.drivercommands.Navigator.open(Navigator.java:89)\n\tat com.codeborne.selenide.SelenideDriver.open(SelenideDriver.java:97)\n\tat com.codeborne.selenide.Selenide.open(Selenide.java:128)\n\tat io.github.dzmitryrak.tests.base.BaseTest.setUp(BaseTest.java:49)\n\tat java.base/jdk.internal.reflect.NativeMethodAccessorImpl.invoke0(Native Method)\n\tat java.base/jdk.internal.reflect.NativeMethodAccessorImpl.invoke(NativeMethodAccessorImpl.java:62)\n\tat java.base/jdk.internal.reflect.DelegatingMethodAccessorImpl.invoke(DelegatingMethodAccessorImpl.java:43)\n\tat java.base/java.lang.reflect.Method.invoke(Method.java:566)\n\tat org.testng.internal.invokers.MethodInvocationHelper.invokeMethod(MethodInvocationHelper.java:139)\n\tat org.testng.internal.invokers.MethodInvocationHelper.invokeMethodConsideringTimeout(MethodInvocationHelper.java:69)\n\tat org.testng.internal.invokers.ConfigInvoker.invokeConfigurationMethod(ConfigInvoker.java:361)\n\tat org.testng.internal.invokers.ConfigInvoker.invokeConfigurations(ConfigInvoker.java:296)\n\tat org.testng.internal.invokers.TestInvoker.runConfigMethods(TestInvoker.java:823)\n\tat org.testng.internal.invokers.TestInvoker.invokeMethod(TestInvoker.java:590)\n\tat org.testng.internal.invokers.TestInvoker.invokeTestMethod(TestInvoker.java:221)\n\tat org.testng.internal.invokers.MethodRunner.runInSequence(MethodRunner.java:50)\n\tat org.testng.internal.invokers.TestInvoker$MethodInvocationAgent.invoke(TestInvoker.java:969)\n\tat org.testng.internal.invokers.TestInvoker.invokeTestMethods(TestInvoker.java:194)\n\tat org.testng.internal.invokers.TestMethodWorker.invokeTestMethods(TestMethodWorker.java:148)\n\tat org.testng.internal.invokers.TestMethodWorker.run(TestMethodWorker.java:128)\n\tat java.base/java.util.ArrayList.forEach(ArrayList.java:1541)\n\tat org.testng.TestRunner.privateRun(TestRunner.java:829)\n\tat org.testng.TestRunner.run(TestRunner.java:602)\n\tat org.testng.SuiteRunner.runTest(SuiteRunner.java:437)\n\tat org.testng.SuiteRunner$SuiteWorker.run(SuiteRunner.java:475)\n\tat org.testng.internal.thread.ThreadUtil.lambda$execute$0(ThreadUtil.java:58)\n\tat java.base/java.util.concurrent.FutureTask.run(FutureTask.java:264)\n\tat java.base/java.util.concurrent.ThreadPoolExecutor.runWorker(ThreadPoolExecutor.java:1128)\n\tat java.base/java.util.concurrent.ThreadPoolExecutor$Worker.run(ThreadPoolExecutor.java:628)\n\tat java.base/java.lang.Thread.run(Thread.java:829)\nCaused by: org.openqa.selenium.TimeoutException: java.util.concurrent.TimeoutException\nBuild info: version: '4.7.2', revision: '4d4020c3b7'\nSystem info: os.name: 'Linux', os.arch: 'amd64', os.version: '5.15.0-1033-azure', java.version: '11.0.18'\nDriver info: driver.version: SelenideDriver\n\tat org.openqa.selenium.remote.http.netty.NettyHttpHandler.makeCall(NettyHttpHandler.java:65)\n\tat org.openqa.selenium.remote.http.AddSeleniumUserAgent.lambda$apply$0(AddSeleniumUserAgent.java:42)\n\tat org.openqa.selenium.remote.http.Filter.lambda$andFinally$1(Filter.java:56)\n\tat org.openqa.selenium.remote.http.netty.NettyHttpHandler.execute(NettyHttpHandler.java:49)\n\tat org.openqa.selenium.remote.http.AddSeleniumUserAgent.lambda$apply$0(AddSeleniumUserAgent.java:42)\n\tat org.openqa.selenium.remote.http.Filter.lambda$andFinally$1(Filter.java:56)\n\tat org.openqa.selenium.remote.http.netty.NettyClient.execute(NettyClient.java:99)\n\tat org.openqa.selenium.remote.ProtocolHandshake.createSession(ProtocolHandshake.java:124)\n\tat org.openqa.selenium.remote.ProtocolHandshake.createSession(ProtocolHandshake.java:106)\n\tat org.openqa.selenium.remote.ProtocolHandshake.createSession(ProtocolHandshake.java:67)\n\tat org.openqa.selenium.remote.HttpCommandExecutor.execute(HttpCommandExecutor.java:156)\n\tat org.openqa.selenium.remote.service.DriverCommandExecutor.invokeExecute(DriverCommandExecutor.java:167)\n\tat org.openqa.selenium.remote.service.DriverCommandExecutor.execute(DriverCommandExecutor.java:142)\n\tat org.openqa.selenium.remote.RemoteWebDriver.execute(RemoteWebDriver.java:535)\n\t... 46 more\nCaused by: java.util.concurrent.TimeoutException\n\tat java.base/java.util.concurrent.CompletableFuture.timedGet(CompletableFuture.java:1886)\n\tat java.base/java.util.concurrent.CompletableFuture.get(CompletableFuture.java:2021)\n\tat org.asynchttpclient.netty.NettyResponseFuture.get(NettyResponseFuture.java:206)\n\tat org.openqa.selenium.remote.http.netty.NettyHttpHandler.makeCall(NettyHttpHandler.java:59)\n\t... 59 more\n","flaky":false,"newFailed":false,"newBroken":false,"newPassed":false,"retriesCount":0,"retriesStatusChange":false,"beforeStages":[{"name":"Open browser","time":{"start":1678189403951,"stop":1678189403951,"duration":0},"description":"Open browser","status":"broken","steps":[],"attachments":[],"parameters":[],"stepsCount":0,"attachmentsCount":0,"shouldDisplayMessage":false,"hasContent":false}],"afterStages":[{"name":"Close browser","time":{"start":1678189403954,"stop":1678189403955,"duration":1},"description":"Close browser","status":"passed","steps":[],"attachments":[],"parameters":[],"stepsCount":0,"attachmentsCount":0,"shouldDisplayMessage":false,"hasContent":false}],"labels":[{"name":"package","value":"io.github.dzmitryrak.tests.CaseTest"},{"name":"testClass","value":"io.github.dzmitryrak.tests.CaseTest"},{"name":"testMethod","value":"tableSortingValidation"},{"name":"parentSuite","value":"Build Verification Test"},{"name":"suite","value":"Cases"},{"name":"subSuite","value":"io.github.dzmitryrak.tests.CaseTest"},{"name":"host","value":"fv-az401-994"},{"name":"thread","value":"2638@fv-az401-994.TestNG-tests-3(18)"},{"name":"framework","value":"testng"},{"name":"language","value":"java"},{"name":"resultFormat","value":"allure2"}],"parameters":[],"links":[],"hidden":false,"retry":false,"extra":{"severity":"normal","retries":[],"categories":[],"history":{"statistic":{"failed":1,"broken":0,"skipped":1,"passed":12,"unknown":0,"total":14},"items":[{"uid":"930a8e70733c16c0","reportUrl":"https://dzmitryrak.github.io/SSC/217//#testresult/930a8e70733c16c0","status":"passed","time":{"start":1678119410574,"stop":1678119431432,"duration":20858}},{"uid":"94d3a2d0147a3839","reportUrl":"https://dzmitryrak.github.io/SSC/216//#testresult/94d3a2d0147a3839","status":"passed","time":{"start":1678097669031,"stop":1678097692070,"duration":23039}},{"uid":"32c43204850a21d1","reportUrl":"https://dzmitryrak.github.io/SSC/215//#testresult/32c43204850a21d1","status":"passed","time":{"start":1678083044212,"stop":1678083068893,"duration":24681}},{"uid":"3b096da144a63ebe","reportUrl":"https://dzmitryrak.github.io/SSC/215//#testresult/3b096da144a63ebe","status":"passed","time":{"start":1678060030615,"stop":1678060052597,"duration":21982}},{"uid":"3826bf274c8ce1a8","reportUrl":"https://dzmitryrak.github.io/SSC/213//#testresult/3826bf274c8ce1a8","status":"passed","time":{"start":1678058321405,"stop":1678058346522,"duration":25117}},{"uid":"507af1e95c930da2","reportUrl":"https://dzmitryrak.github.io/SSC/212//#testresult/507af1e95c930da2","status":"passed","time":{"start":1678057747058,"stop":1678057769542,"duration":22484}},{"uid":"d5aa30d12b22f5d6","reportUrl":"https://dzmitryrak.github.io/SSC/211//#testresult/d5aa30d12b22f5d6","status":"passed","time":{"start":1678056766210,"stop":1678056786720,"duration":20510}},{"uid":"1cbf85a57d8631c8","reportUrl":"https://dzmitryrak.github.io/SSC/211//#testresult/1cbf85a57d8631c8","status":"passed","time":{"start":1678053377661,"stop":1678053400285,"duration":22624}},{"uid":"3afaa3497afef311","reportUrl":"https://dzmitryrak.github.io/SSC/210//#testresult/3afaa3497afef311","status":"passed","time":{"start":1677842671786,"stop":1677842692760,"duration":20974}},{"uid":"b1f4b3cd2095441a","reportUrl":"https://dzmitryrak.github.io/SSC/209//#testresult/b1f4b3cd2095441a","status":"passed","time":{"start":1677841344439,"stop":1677841364916,"duration":20477}},{"uid":"a020bf53714af745","reportUrl":"https://dzmitryrak.github.io/SSC/209//#testresult/a020bf53714af745","status":"passed","time":{"start":1677839675810,"stop":1677839703702,"duration":27892}},{"uid":"f7cde26586a4dc86","reportUrl":"https://dzmitryrak.github.io/SSC/209//#testresult/f7cde26586a4dc86","status":"passed","time":{"start":1677838459058,"stop":1677838481114,"duration":22056}},{"uid":"b9aa0c0d1605a273","reportUrl":"https://dzmitryrak.github.io/SSC/209//#testresult/b9aa0c0d1605a273","status":"failed","statusDetails":"Element not found {By.xpath: //*[contains(@class,'slds-breadcrumb__item')]}\nExpected: visible\nScreenshot: file:/home/runner/work/SSC/SSC/build/reports/tests/1677783858352.14.png\nPage source: file:/home/runner/work/SSC/SSC/build/reports/tests/1677783858352.14.html\nTimeout: 20 s.\nCaused by: NoSuchElementException: no such element: Unable to locate element: {\"method\":\"xpath\",\"selector\":\"//*[contains(@class,'slds-breadcrumb__item')]\"}","time":{"start":1677783833371,"stop":1677783858663,"duration":25292}}]},"tags":[]},"source":"6da599facf9454a8.json","parameterValues":[]}