{"uid":"9ac31065bf2009b5","name":"Check that values of cells could be interacted","fullName":"io.github.dzmitryrak.tests.CaseTest.tableValidation","historyId":"73d939c39153b7e6ea467410260c9119","time":{"start":1678189403957,"stop":1678189403958,"duration":1},"status":"skipped","statusMessage":"Could not start a new session. Possible causes are invalid address of the remote server or browser start-up failure. \nHost info: host: 'fv-az401-994', ip: '10.1.0.131'","statusTrace":"org.openqa.selenium.SessionNotCreatedException: Could not start a new session. Possible causes are invalid address of the remote server or browser start-up failure. \nHost info: host: 'fv-az401-994', ip: '10.1.0.131'\n\tat org.openqa.selenium.remote.RemoteWebDriver.execute(RemoteWebDriver.java:553)\n\tat org.openqa.selenium.remote.RemoteWebDriver.startSession(RemoteWebDriver.java:228)\n\tat org.openqa.selenium.remote.RemoteWebDriver.<init>(RemoteWebDriver.java:156)\n\tat org.openqa.selenium.chromium.ChromiumDriver.<init>(ChromiumDriver.java:101)\n\tat org.openqa.selenium.chrome.ChromeDriver.<init>(ChromeDriver.java:82)\n\tat com.codeborne.selenide.webdriver.ChromeDriverFactory.create(ChromeDriverFactory.java:42)\n\tat com.codeborne.selenide.webdriver.WebDriverFactory.createWebDriverInstance(WebDriverFactory.java:119)\n\tat com.codeborne.selenide.webdriver.WebDriverFactory.createWebDriver(WebDriverFactory.java:67)\n\tat com.codeborne.selenide.drivercommands.CreateDriverCommand.lambda$createDriver$0(CreateDriverCommand.java:76)\n\tat com.codeborne.selenide.logevents.SelenideLogger.get(SelenideLogger.java:118)\n\tat com.codeborne.selenide.drivercommands.CreateDriverCommand.createDriver(CreateDriverCommand.java:52)\n\tat com.codeborne.selenide.impl.WebDriverThreadLocalContainer.createDriver(WebDriverThreadLocalContainer.java:180)\n\tat com.codeborne.selenide.impl.WebDriverThreadLocalContainer.getAndCheckWebDriver(WebDriverThreadLocalContainer.java:164)\n\tat com.codeborne.selenide.WebDriverRunner.getAndCheckWebDriver(WebDriverRunner.java:130)\n\tat com.codeborne.selenide.impl.StaticDriver.getAndCheckWebDriver(StaticDriver.java:65)\n\tat com.codeborne.selenide.SelenideDriver.getAndCheckWebDriver(SelenideDriver.java:220)\n\tat com.codeborne.selenide.logevents.SelenideLogger.run(SelenideLogger.java:105)\n\tat com.codeborne.selenide.drivercommands.Navigator.open(Navigator.java:89)\n\tat com.codeborne.selenide.SelenideDriver.open(SelenideDriver.java:97)\n\tat com.codeborne.selenide.Selenide.open(Selenide.java:128)\n\tat io.github.dzmitryrak.tests.base.BaseTest.setUp(BaseTest.java:49)\n\tat java.base/jdk.internal.reflect.NativeMethodAccessorImpl.invoke0(Native Method)\n\tat java.base/jdk.internal.reflect.NativeMethodAccessorImpl.invoke(NativeMethodAccessorImpl.java:62)\n\tat java.base/jdk.internal.reflect.DelegatingMethodAccessorImpl.invoke(DelegatingMethodAccessorImpl.java:43)\n\tat java.base/java.lang.reflect.Method.invoke(Method.java:566)\n\tat org.testng.internal.invokers.MethodInvocationHelper.invokeMethod(MethodInvocationHelper.java:139)\n\tat org.testng.internal.invokers.MethodInvocationHelper.invokeMethodConsideringTimeout(MethodInvocationHelper.java:69)\n\tat org.testng.internal.invokers.ConfigInvoker.invokeConfigurationMethod(ConfigInvoker.java:361)\n\tat org.testng.internal.invokers.ConfigInvoker.invokeConfigurations(ConfigInvoker.java:296)\n\tat org.testng.internal.invokers.TestInvoker.runConfigMethods(TestInvoker.java:823)\n\tat org.testng.internal.invokers.TestInvoker.invokeMethod(TestInvoker.java:590)\n\tat org.testng.internal.invokers.TestInvoker.invokeTestMethod(TestInvoker.java:221)\n\tat org.testng.internal.invokers.MethodRunner.runInSequence(MethodRunner.java:50)\n\tat org.testng.internal.invokers.TestInvoker$MethodInvocationAgent.invoke(TestInvoker.java:969)\n\tat org.testng.internal.invokers.TestInvoker.invokeTestMethods(TestInvoker.java:194)\n\tat org.testng.internal.invokers.TestMethodWorker.invokeTestMethods(TestMethodWorker.java:148)\n\tat org.testng.internal.invokers.TestMethodWorker.run(TestMethodWorker.java:128)\n\tat java.base/java.util.ArrayList.forEach(ArrayList.java:1541)\n\tat org.testng.TestRunner.privateRun(TestRunner.java:829)\n\tat org.testng.TestRunner.run(TestRunner.java:602)\n\tat org.testng.SuiteRunner.runTest(SuiteRunner.java:437)\n\tat org.testng.SuiteRunner$SuiteWorker.run(SuiteRunner.java:475)\n\tat org.testng.internal.thread.ThreadUtil.lambda$execute$0(ThreadUtil.java:58)\n\tat java.base/java.util.concurrent.FutureTask.run(FutureTask.java:264)\n\tat java.base/java.util.concurrent.ThreadPoolExecutor.runWorker(ThreadPoolExecutor.java:1128)\n\tat java.base/java.util.concurrent.ThreadPoolExecutor$Worker.run(ThreadPoolExecutor.java:628)\n\tat java.base/java.lang.Thread.run(Thread.java:829)\nCaused by: org.openqa.selenium.TimeoutException: java.util.concurrent.TimeoutException\nBuild info: version: '4.7.2', revision: '4d4020c3b7'\nSystem info: os.name: 'Linux', os.arch: 'amd64', os.version: '5.15.0-1033-azure', java.version: '11.0.18'\nDriver info: driver.version: SelenideDriver\n\tat org.openqa.selenium.remote.http.netty.NettyHttpHandler.makeCall(NettyHttpHandler.java:65)\n\tat org.openqa.selenium.remote.http.AddSeleniumUserAgent.lambda$apply$0(AddSeleniumUserAgent.java:42)\n\tat org.openqa.selenium.remote.http.Filter.lambda$andFinally$1(Filter.java:56)\n\tat org.openqa.selenium.remote.http.netty.NettyHttpHandler.execute(NettyHttpHandler.java:49)\n\tat org.openqa.selenium.remote.http.AddSeleniumUserAgent.lambda$apply$0(AddSeleniumUserAgent.java:42)\n\tat org.openqa.selenium.remote.http.Filter.lambda$andFinally$1(Filter.java:56)\n\tat org.openqa.selenium.remote.http.netty.NettyClient.execute(NettyClient.java:99)\n\tat org.openqa.selenium.remote.ProtocolHandshake.createSession(ProtocolHandshake.java:124)\n\tat org.openqa.selenium.remote.ProtocolHandshake.createSession(ProtocolHandshake.java:106)\n\tat org.openqa.selenium.remote.ProtocolHandshake.createSession(ProtocolHandshake.java:67)\n\tat org.openqa.selenium.remote.HttpCommandExecutor.execute(HttpCommandExecutor.java:156)\n\tat org.openqa.selenium.remote.service.DriverCommandExecutor.invokeExecute(DriverCommandExecutor.java:167)\n\tat org.openqa.selenium.remote.service.DriverCommandExecutor.execute(DriverCommandExecutor.java:142)\n\tat org.openqa.selenium.remote.RemoteWebDriver.execute(RemoteWebDriver.java:535)\n\t... 46 more\nCaused by: java.util.concurrent.TimeoutException\n\tat java.base/java.util.concurrent.CompletableFuture.timedGet(CompletableFuture.java:1886)\n\tat java.base/java.util.concurrent.CompletableFuture.get(CompletableFuture.java:2021)\n\tat org.asynchttpclient.netty.NettyResponseFuture.get(NettyResponseFuture.java:206)\n\tat org.openqa.selenium.remote.http.netty.NettyHttpHandler.makeCall(NettyHttpHandler.java:59)\n\t... 59 more\n","flaky":false,"newFailed":false,"newBroken":false,"newPassed":false,"retriesCount":0,"retriesStatusChange":false,"beforeStages":[{"name":"Open browser","time":{"start":1678189403956,"stop":1678189403956,"duration":0},"description":"Open browser","status":"broken","steps":[],"attachments":[],"parameters":[],"stepsCount":0,"attachmentsCount":0,"shouldDisplayMessage":false,"hasContent":false}],"afterStages":[{"name":"Close browser","time":{"start":1678189403961,"stop":1678189403961,"duration":0},"description":"Close browser","status":"passed","steps":[],"attachments":[],"parameters":[],"stepsCount":0,"attachmentsCount":0,"shouldDisplayMessage":false,"hasContent":false}],"labels":[{"name":"package","value":"io.github.dzmitryrak.tests.CaseTest"},{"name":"testClass","value":"io.github.dzmitryrak.tests.CaseTest"},{"name":"testMethod","value":"tableValidation"},{"name":"parentSuite","value":"Build Verification Test"},{"name":"suite","value":"Cases"},{"name":"subSuite","value":"io.github.dzmitryrak.tests.CaseTest"},{"name":"host","value":"fv-az401-994"},{"name":"thread","value":"2638@fv-az401-994.TestNG-tests-3(18)"},{"name":"framework","value":"testng"},{"name":"language","value":"java"},{"name":"resultFormat","value":"allure2"}],"parameters":[],"links":[],"hidden":false,"retry":false,"extra":{"severity":"normal","retries":[],"categories":[],"history":{"statistic":{"failed":2,"broken":1,"skipped":2,"passed":9,"unknown":0,"total":14},"items":[{"uid":"df90dc416802db87","reportUrl":"https://dzmitryrak.github.io/SSC/217//#testresult/df90dc416802db87","status":"broken","statusDetails":"Cannot find column 'Case Number'. List View was not loaded or column doesn't exist","time":{"start":1678119432011,"stop":1678119445065,"duration":13054}},{"uid":"f13d5ecd80b09951","reportUrl":"https://dzmitryrak.github.io/SSC/216//#testresult/f13d5ecd80b09951","status":"passed","time":{"start":1678097692723,"stop":1678097730980,"duration":38257}},{"uid":"1975562b1cdf828","reportUrl":"https://dzmitryrak.github.io/SSC/215//#testresult/1975562b1cdf828","status":"passed","time":{"start":1678083069678,"stop":1678083102411,"duration":32733}},{"uid":"46497b27d479b11e","reportUrl":"https://dzmitryrak.github.io/SSC/215//#testresult/46497b27d479b11e","status":"failed","statusDetails":"expected [Starting generator after electrical failure] but found [-]","time":{"start":1678060053146,"stop":1678060083378,"duration":30232}},{"uid":"f5e566f3389fe4a","reportUrl":"https://dzmitryrak.github.io/SSC/213//#testresult/f5e566f3389fe4a","status":"passed","time":{"start":1678058347243,"stop":1678058383499,"duration":36256}},{"uid":"98fd1923bef54346","reportUrl":"https://dzmitryrak.github.io/SSC/212//#testresult/98fd1923bef54346","status":"passed","time":{"start":1678057770060,"stop":1678057800452,"duration":30392}},{"uid":"c1ca457179a98b18","reportUrl":"https://dzmitryrak.github.io/SSC/211//#testresult/c1ca457179a98b18","status":"passed","time":{"start":1678056787311,"stop":1678056812135,"duration":24824}},{"uid":"14b53f0e55d7c9e","reportUrl":"https://dzmitryrak.github.io/SSC/211//#testresult/14b53f0e55d7c9e","status":"skipped","statusDetails":"Could not start a new session. Possible causes are invalid address of the remote server or browser start-up failure. \nHost info: host: 'fv-az491-144', ip: '10.1.0.48'","time":{"start":1678053498580,"stop":1678053498583,"duration":3}},{"uid":"fc10a56f454c64a","reportUrl":"https://dzmitryrak.github.io/SSC/210//#testresult/fc10a56f454c64a","status":"passed","time":{"start":1677842693186,"stop":1677842714254,"duration":21068}},{"uid":"829168af67c7d4b6","reportUrl":"https://dzmitryrak.github.io/SSC/209//#testresult/829168af67c7d4b6","status":"passed","time":{"start":1677841365479,"stop":1677841392084,"duration":26605}},{"uid":"20cec61485eb3ce0","reportUrl":"https://dzmitryrak.github.io/SSC/209//#testresult/20cec61485eb3ce0","status":"passed","time":{"start":1677839704569,"stop":1677839737956,"duration":33387}},{"uid":"a2604b61aed5afbb","reportUrl":"https://dzmitryrak.github.io/SSC/209//#testresult/a2604b61aed5afbb","status":"passed","time":{"start":1677838481690,"stop":1677838504954,"duration":23264}},{"uid":"ccfc6ce93ae467d","reportUrl":"https://dzmitryrak.github.io/SSC/209//#testresult/ccfc6ce93ae467d","status":"failed","statusDetails":"Element not found {By.xpath: //*[contains(@class,'slds-breadcrumb__item')]}\nExpected: visible\nScreenshot: file:/home/runner/work/SSC/SSC/build/reports/tests/1677783883495.16.png\nPage source: file:/home/runner/work/SSC/SSC/build/reports/tests/1677783883495.16.html\nTimeout: 20 s.\nCaused by: NoSuchElementException: no such element: Unable to locate element: {\"method\":\"xpath\",\"selector\":\"//*[contains(@class,'slds-breadcrumb__item')]\"}","time":{"start":1677783859253,"stop":1677783883803,"duration":24550}}]},"tags":[]},"source":"9ac31065bf2009b5.json","parameterValues":[]}