{"uid":"df90dc416802db87","name":"Check that values of cells could be interacted","fullName":"io.github.dzmitryrak.tests.CaseTest.tableValidation","historyId":"73d939c39153b7e6ea467410260c9119","time":{"start":1678119432011,"stop":1678119445065,"duration":13054},"status":"broken","statusMessage":"Cannot find column 'Case Number'. List View was not loaded or column doesn't exist","statusTrace":"io.github.dzmitryrak.utils.SalesforceElementNotFoundException: Cannot find column 'Case Number'. List View was not loaded or column doesn't exist\n\tat io.github.dzmitryrak.pages.Table.getColumnIndex(Table.java:153)\n\tat io.github.dzmitryrak.pages.Table.findCell(Table.java:126)\n\tat io.github.dzmitryrak.pages.Table.clickCell(Table.java:102)\n\tat io.github.dzmitryrak.tests.CaseTest.tableValidation(CaseTest.java:40)\n\tat java.base/jdk.internal.reflect.NativeMethodAccessorImpl.invoke0(Native Method)\n\tat java.base/jdk.internal.reflect.NativeMethodAccessorImpl.invoke(NativeMethodAccessorImpl.java:62)\n\tat java.base/jdk.internal.reflect.DelegatingMethodAccessorImpl.invoke(DelegatingMethodAccessorImpl.java:43)\n\tat java.base/java.lang.reflect.Method.invoke(Method.java:566)\n\tat org.testng.internal.invokers.MethodInvocationHelper.invokeMethod(MethodInvocationHelper.java:139)\n\tat org.testng.internal.invokers.TestInvoker.invokeMethod(TestInvoker.java:677)\n\tat org.testng.internal.invokers.TestInvoker.invokeTestMethod(TestInvoker.java:221)\n\tat org.testng.internal.invokers.MethodRunner.runInSequence(MethodRunner.java:50)\n\tat org.testng.internal.invokers.TestInvoker$MethodInvocationAgent.invoke(TestInvoker.java:969)\n\tat org.testng.internal.invokers.TestInvoker.invokeTestMethods(TestInvoker.java:194)\n\tat org.testng.internal.invokers.TestMethodWorker.invokeTestMethods(TestMethodWorker.java:148)\n\tat org.testng.internal.invokers.TestMethodWorker.run(TestMethodWorker.java:128)\n\tat java.base/java.util.ArrayList.forEach(ArrayList.java:1541)\n\tat org.testng.TestRunner.privateRun(TestRunner.java:829)\n\tat org.testng.TestRunner.run(TestRunner.java:602)\n\tat org.testng.SuiteRunner.runTest(SuiteRunner.java:437)\n\tat org.testng.SuiteRunner$SuiteWorker.run(SuiteRunner.java:475)\n\tat org.testng.internal.thread.ThreadUtil.lambda$execute$0(ThreadUtil.java:58)\n\tat java.base/java.util.concurrent.FutureTask.run(FutureTask.java:264)\n\tat java.base/java.util.concurrent.ThreadPoolExecutor.runWorker(ThreadPoolExecutor.java:1128)\n\tat java.base/java.util.concurrent.ThreadPoolExecutor$Worker.run(ThreadPoolExecutor.java:628)\n\tat java.base/java.lang.Thread.run(Thread.java:829)\n","flaky":true,"newFailed":false,"newBroken":true,"newPassed":false,"retriesCount":0,"retriesStatusChange":false,"beforeStages":[{"name":"Open browser","time":{"start":1678119431575,"stop":1678119432009,"duration":434},"description":"Open browser","status":"passed","steps":[],"attachments":[],"parameters":[],"stepsCount":0,"attachmentsCount":0,"shouldDisplayMessage":false,"hasContent":false}],"testStage":{"status":"broken","statusMessage":"Cannot find column 'Case Number'. List View was not loaded or column doesn't exist","statusTrace":"io.github.dzmitryrak.utils.SalesforceElementNotFoundException: Cannot find column 'Case Number'. List View was not loaded or column doesn't exist\n\tat io.github.dzmitryrak.pages.Table.getColumnIndex(Table.java:153)\n\tat io.github.dzmitryrak.pages.Table.findCell(Table.java:126)\n\tat io.github.dzmitryrak.pages.Table.clickCell(Table.java:102)\n\tat io.github.dzmitryrak.tests.CaseTest.tableValidation(CaseTest.java:40)\n\tat java.base/jdk.internal.reflect.NativeMethodAccessorImpl.invoke0(Native Method)\n\tat java.base/jdk.internal.reflect.NativeMethodAccessorImpl.invoke(NativeMethodAccessorImpl.java:62)\n\tat java.base/jdk.internal.reflect.DelegatingMethodAccessorImpl.invoke(DelegatingMethodAccessorImpl.java:43)\n\tat java.base/java.lang.reflect.Method.invoke(Method.java:566)\n\tat org.testng.internal.invokers.MethodInvocationHelper.invokeMethod(MethodInvocationHelper.java:139)\n\tat org.testng.internal.invokers.TestInvoker.invokeMethod(TestInvoker.java:677)\n\tat org.testng.internal.invokers.TestInvoker.invokeTestMethod(TestInvoker.java:221)\n\tat org.testng.internal.invokers.MethodRunner.runInSequence(MethodRunner.java:50)\n\tat org.testng.internal.invokers.TestInvoker$MethodInvocationAgent.invoke(TestInvoker.java:969)\n\tat org.testng.internal.invokers.TestInvoker.invokeTestMethods(TestInvoker.java:194)\n\tat org.testng.internal.invokers.TestMethodWorker.invokeTestMethods(TestMethodWorker.java:148)\n\tat org.testng.internal.invokers.TestMethodWorker.run(TestMethodWorker.java:128)\n\tat java.base/java.util.ArrayList.forEach(ArrayList.java:1541)\n\tat org.testng.TestRunner.privateRun(TestRunner.java:829)\n\tat org.testng.TestRunner.run(TestRunner.java:602)\n\tat org.testng.SuiteRunner.runTest(SuiteRunner.java:437)\n\tat org.testng.SuiteRunner$SuiteWorker.run(SuiteRunner.java:475)\n\tat org.testng.internal.thread.ThreadUtil.lambda$execute$0(ThreadUtil.java:58)\n\tat java.base/java.util.concurrent.FutureTask.run(FutureTask.java:264)\n\tat java.base/java.util.concurrent.ThreadPoolExecutor.runWorker(ThreadPoolExecutor.java:1128)\n\tat java.base/java.util.concurrent.ThreadPoolExecutor$Worker.run(ThreadPoolExecutor.java:628)\n\tat java.base/java.lang.Thread.run(Thread.java:829)\n","steps":[{"name":"Open Login Page","time":{"start":1678119432012,"stop":1678119434257,"duration":2245},"status":"passed","steps":[],"attachments":[],"parameters":[],"stepsCount":0,"attachmentsCount":0,"shouldDisplayMessage":false,"hasContent":false},{"name":"Login by user: drak@tms.sandbox","time":{"start":1678119434257,"stop":1678119437995,"duration":3738},"status":"passed","steps":[],"attachments":[],"parameters":[{"name":"username","value":"drak@tms.sandbox"},{"name":"password","value":"password03"}],"stepsCount":0,"attachmentsCount":0,"shouldDisplayMessage":false,"hasContent":true},{"name":"Opening List View","time":{"start":1678119437995,"stop":1678119444726,"duration":6731},"status":"passed","steps":[],"attachments":[],"parameters":[{"name":"listViewName","value":"Case"}],"stepsCount":0,"attachmentsCount":0,"shouldDisplayMessage":false,"hasContent":true}],"attachments":[],"parameters":[],"stepsCount":3,"attachmentsCount":0,"shouldDisplayMessage":true,"hasContent":true},"afterStages":[{"name":"Close browser","time":{"start":1678119445099,"stop":1678119445221,"duration":122},"description":"Close browser","status":"passed","steps":[],"attachments":[],"parameters":[],"stepsCount":0,"attachmentsCount":0,"shouldDisplayMessage":false,"hasContent":false}],"labels":[{"name":"package","value":"io.github.dzmitryrak.tests.CaseTest"},{"name":"testClass","value":"io.github.dzmitryrak.tests.CaseTest"},{"name":"testMethod","value":"tableValidation"},{"name":"parentSuite","value":"Build Verification Test"},{"name":"suite","value":"Cases"},{"name":"subSuite","value":"io.github.dzmitryrak.tests.CaseTest"},{"name":"host","value":"fv-az360-695"},{"name":"thread","value":"2515@fv-az360-695.TestNG-tests-3(18)"},{"name":"framework","value":"testng"},{"name":"language","value":"java"},{"name":"resultFormat","value":"allure2"}],"parameters":[],"links":[],"hidden":false,"retry":false,"extra":{"severity":"normal","retries":[],"categories":[{"name":"Test defects","matchedStatuses":[],"flaky":false}],"history":{"statistic":{"failed":2,"broken":1,"skipped":1,"passed":9,"unknown":0,"total":13},"items":[{"uid":"f13d5ecd80b09951","reportUrl":"https://dzmitryrak.github.io/SSC/216//#testresult/f13d5ecd80b09951","status":"passed","time":{"start":1678097692723,"stop":1678097730980,"duration":38257}},{"uid":"1975562b1cdf828","reportUrl":"https://dzmitryrak.github.io/SSC/215//#testresult/1975562b1cdf828","status":"passed","time":{"start":1678083069678,"stop":1678083102411,"duration":32733}},{"uid":"46497b27d479b11e","reportUrl":"https://dzmitryrak.github.io/SSC/215//#testresult/46497b27d479b11e","status":"failed","statusDetails":"expected [Starting generator after electrical failure] but found [-]","time":{"start":1678060053146,"stop":1678060083378,"duration":30232}},{"uid":"f5e566f3389fe4a","reportUrl":"https://dzmitryrak.github.io/SSC/213//#testresult/f5e566f3389fe4a","status":"passed","time":{"start":1678058347243,"stop":1678058383499,"duration":36256}},{"uid":"98fd1923bef54346","reportUrl":"https://dzmitryrak.github.io/SSC/212//#testresult/98fd1923bef54346","status":"passed","time":{"start":1678057770060,"stop":1678057800452,"duration":30392}},{"uid":"c1ca457179a98b18","reportUrl":"https://dzmitryrak.github.io/SSC/211//#testresult/c1ca457179a98b18","status":"passed","time":{"start":1678056787311,"stop":1678056812135,"duration":24824}},{"uid":"14b53f0e55d7c9e","reportUrl":"https://dzmitryrak.github.io/SSC/211//#testresult/14b53f0e55d7c9e","status":"skipped","statusDetails":"Could not start a new session. Possible causes are invalid address of the remote server or browser start-up failure. \nHost info: host: 'fv-az491-144', ip: '10.1.0.48'","time":{"start":1678053498580,"stop":1678053498583,"duration":3}},{"uid":"fc10a56f454c64a","reportUrl":"https://dzmitryrak.github.io/SSC/210//#testresult/fc10a56f454c64a","status":"passed","time":{"start":1677842693186,"stop":1677842714254,"duration":21068}},{"uid":"829168af67c7d4b6","reportUrl":"https://dzmitryrak.github.io/SSC/209//#testresult/829168af67c7d4b6","status":"passed","time":{"start":1677841365479,"stop":1677841392084,"duration":26605}},{"uid":"20cec61485eb3ce0","reportUrl":"https://dzmitryrak.github.io/SSC/209//#testresult/20cec61485eb3ce0","status":"passed","time":{"start":1677839704569,"stop":1677839737956,"duration":33387}},{"uid":"a2604b61aed5afbb","reportUrl":"https://dzmitryrak.github.io/SSC/209//#testresult/a2604b61aed5afbb","status":"passed","time":{"start":1677838481690,"stop":1677838504954,"duration":23264}},{"uid":"ccfc6ce93ae467d","reportUrl":"https://dzmitryrak.github.io/SSC/209//#testresult/ccfc6ce93ae467d","status":"failed","statusDetails":"Element not found {By.xpath: //*[contains(@class,'slds-breadcrumb__item')]}\nExpected: visible\nScreenshot: file:/home/runner/work/SSC/SSC/build/reports/tests/1677783883495.16.png\nPage source: file:/home/runner/work/SSC/SSC/build/reports/tests/1677783883495.16.html\nTimeout: 20 s.\nCaused by: NoSuchElementException: no such element: Unable to locate element: {\"method\":\"xpath\",\"selector\":\"//*[contains(@class,'slds-breadcrumb__item')]\"}","time":{"start":1677783859253,"stop":1677783883803,"duration":24550}}]},"tags":[]},"source":"df90dc416802db87.json","parameterValues":[]}