{"uid":"701017ed093802a9","name":"Check that panel could be validated","fullName":"io.github.dzmitryrak.tests.CaseTest.panelValidation","historyId":"432519be66c1a9bb7a09e1c11a15b62f","time":{"start":1674373306716,"stop":1674373326745,"duration":20029},"status":"failed","statusMessage":"Element not found {By.xpath: //*[contains(@class,'windowViewMode') and contains(@class,'active')]//*[contains(text(), 'Case Details')]/ancestor::article//*[text()='Case Number']/ancestor::*[@slot = 'secondaryFields' or @class = 'slds-media__body']//lightning-formatted-text}\nExpected: text \"00001002\"\nScreenshot: file:/home/runner/work/SSC/SSC/build/reports/tests/1674373326299.8.png\nPage source: file:/home/runner/work/SSC/SSC/build/reports/tests/1674373326299.8.html\nTimeout: 5 s.\nCaused by: NoSuchElementException: no such element: Unable to locate element: {\"method\":\"xpath\",\"selector\":\"//*[contains(@class,'windowViewMode') and contains(@class,'active')]//*[contains(text(), 'Case Details')]/ancestor::article//*[text()='Case Number']/ancestor::*[@slot = 'secondaryFields' or @class = 'slds-media__body']//lightning-formatted-text\"}","statusTrace":"Element not found {By.xpath: //*[contains(@class,'windowViewMode') and contains(@class,'active')]//*[contains(text(), 'Case Details')]/ancestor::article//*[text()='Case Number']/ancestor::*[@slot = 'secondaryFields' or @class = 'slds-media__body']//lightning-formatted-text}\nExpected: text \"00001002\"\nScreenshot: file:/home/runner/work/SSC/SSC/build/reports/tests/1674373326299.8.png\nPage source: file:/home/runner/work/SSC/SSC/build/reports/tests/1674373326299.8.html\nTimeout: 5 s.\nCaused by: NoSuchElementException: no such element: Unable to locate element: {\"method\":\"xpath\",\"selector\":\"//*[contains(@class,'windowViewMode') and contains(@class,'active')]//*[contains(text(), 'Case Details')]/ancestor::article//*[text()='Case Number']/ancestor::*[@slot = 'secondaryFields' or @class = 'slds-media__body']//lightning-formatted-text\"}\n\tat com.codeborne.selenide.impl.WebElementSource.createElementNotFoundError(WebElementSource.java:87)\n\tat com.codeborne.selenide.impl.ElementFinder.createElementNotFoundError(ElementFinder.java:142)\n\tat com.codeborne.selenide.impl.WebElementSource.checkConditionAndReturnElement(WebElementSource.java:131)\n\tat com.codeborne.selenide.impl.WebElementSource.checkCondition(WebElementSource.java:100)\n\tat com.codeborne.selenide.commands.Should.execute(Should.java:30)\n\tat com.codeborne.selenide.commands.Should.execute(Should.java:14)\n\tat com.codeborne.selenide.commands.Commands.execute(Commands.java:158)\n\tat com.codeborne.selenide.impl.SelenideElementProxy.dispatchAndRetry(SelenideElementProxy.java:130)\n\tat com.codeborne.selenide.impl.SelenideElementProxy.invoke(SelenideElementProxy.java:82)\n\tat com.sun.proxy.$Proxy30.shouldHave(Unknown Source)\n\tat io.github.dzmitryrak.utils.ElementHelper.validate(ElementHelper.java:203)\n\tat io.github.dzmitryrak.pages.Panel.validate(Panel.java:27)\n\tat io.github.dzmitryrak.tests.CaseTest.panelValidation(CaseTest.java:21)\n\tat java.base/jdk.internal.reflect.NativeMethodAccessorImpl.invoke0(Native Method)\n\tat java.base/jdk.internal.reflect.NativeMethodAccessorImpl.invoke(NativeMethodAccessorImpl.java:62)\n\tat java.base/jdk.internal.reflect.DelegatingMethodAccessorImpl.invoke(DelegatingMethodAccessorImpl.java:43)\n\tat java.base/java.lang.reflect.Method.invoke(Method.java:566)\n\tat org.testng.internal.invokers.MethodInvocationHelper.invokeMethod(MethodInvocationHelper.java:139)\n\tat org.testng.internal.invokers.TestInvoker.invokeMethod(TestInvoker.java:677)\n\tat org.testng.internal.invokers.TestInvoker.invokeTestMethod(TestInvoker.java:221)\n\tat org.testng.internal.invokers.MethodRunner.runInSequence(MethodRunner.java:50)\n\tat org.testng.internal.invokers.TestInvoker$MethodInvocationAgent.invoke(TestInvoker.java:969)\n\tat org.testng.internal.invokers.TestInvoker.invokeTestMethods(TestInvoker.java:194)\n\tat org.testng.internal.invokers.TestMethodWorker.invokeTestMethods(TestMethodWorker.java:148)\n\tat org.testng.internal.invokers.TestMethodWorker.run(TestMethodWorker.java:128)\n\tat java.base/java.util.ArrayList.forEach(ArrayList.java:1541)\n\tat org.testng.TestRunner.privateRun(TestRunner.java:829)\n\tat org.testng.TestRunner.run(TestRunner.java:602)\n\tat org.testng.SuiteRunner.runTest(SuiteRunner.java:437)\n\tat org.testng.SuiteRunner$SuiteWorker.run(SuiteRunner.java:475)\n\tat org.testng.internal.thread.ThreadUtil.lambda$execute$0(ThreadUtil.java:58)\n\tat java.base/java.util.concurrent.FutureTask.run(FutureTask.java:264)\n\tat java.base/java.util.concurrent.ThreadPoolExecutor.runWorker(ThreadPoolExecutor.java:1128)\n\tat java.base/java.util.concurrent.ThreadPoolExecutor$Worker.run(ThreadPoolExecutor.java:628)\n\tat java.base/java.lang.Thread.run(Thread.java:829)\nCaused by: org.openqa.selenium.NoSuchElementException: no such element: Unable to locate element: {\"method\":\"xpath\",\"selector\":\"//*[contains(@class,'windowViewMode') and contains(@class,'active')]//*[contains(text(), 'Case Details')]/ancestor::article//*[text()='Case Number']/ancestor::*[@slot = 'secondaryFields' or @class = 'slds-media__body']//lightning-formatted-text\"}\n  (Session info: headless chrome=109.0.5414.74)\nFor documentation on this error, please visit: https://selenium.dev/exceptions/#no_such_element\nBuild info: version: '4.7.2', revision: '4d4020c3b7'\nSystem info: os.name: 'Linux', os.arch: 'amd64', os.version: '5.15.0-1031-azure', java.version: '11.0.17'\nDriver info: org.openqa.selenium.chrome.ChromeDriver\nCommand: [a209458225e3a95b53b5bdc68545b282, findElement {using=xpath, value=//*[contains(@class,'windowViewMode') and contains(@class,'active')]//*[contains(text(), 'Case Details')]/ancestor::article//*[text()='Case Number']/ancestor::*[@slot = 'secondaryFields' or @class = 'slds-media__body']//lightning-formatted-text}]\nCapabilities {acceptInsecureCerts: true, browserName: chrome, browserVersion: 109.0.5414.74, chrome: {chromedriverVersion: 109.0.5414.74 (e7c5703604da..., userDataDir: /tmp/.com.google.Chrome.fR5dRt}, goog:chromeOptions: {debuggerAddress: localhost:40463}, networkConnectionEnabled: false, pageLoadStrategy: normal, platformName: LINUX, proxy: Proxy(), se:cdp: ws://localhost:40463/devtoo..., se:cdpVersion: 109.0.5414.74, setWindowRect: true, strictFileInteractability: false, timeouts: {implicit: 0, pageLoad: 300000, script: 30000}, unhandledPromptBehavior: accept, webauthn:extension:credBlob: true, webauthn:extension:largeBlob: true, webauthn:virtualAuthenticators: true}\nSession ID: a209458225e3a95b53b5bdc68545b282\n\tat jdk.internal.reflect.GeneratedConstructorAccessor27.newInstance(Unknown Source)\n\tat java.base/jdk.internal.reflect.DelegatingConstructorAccessorImpl.newInstance(DelegatingConstructorAccessorImpl.java:45)\n\tat java.base/java.lang.reflect.Constructor.newInstance(Constructor.java:490)\n\tat org.openqa.selenium.remote.codec.w3c.W3CHttpResponseCodec.createException(W3CHttpResponseCodec.java:200)\n\tat org.openqa.selenium.remote.codec.w3c.W3CHttpResponseCodec.decode(W3CHttpResponseCodec.java:133)\n\tat org.openqa.selenium.remote.codec.w3c.W3CHttpResponseCodec.decode(W3CHttpResponseCodec.java:53)\n\tat org.openqa.selenium.remote.HttpCommandExecutor.execute(HttpCommandExecutor.java:184)\n\tat org.openqa.selenium.remote.service.DriverCommandExecutor.invokeExecute(DriverCommandExecutor.java:167)\n\tat org.openqa.selenium.remote.service.DriverCommandExecutor.execute(DriverCommandExecutor.java:142)\n\tat org.openqa.selenium.remote.RemoteWebDriver.execute(RemoteWebDriver.java:535)\n\tat org.openqa.selenium.remote.ElementLocation$ElementFinder$2.findElement(ElementLocation.java:162)\n\tat org.openqa.selenium.remote.ElementLocation.findElement(ElementLocation.java:60)\n\tat org.openqa.selenium.remote.RemoteWebDriver.findElement(RemoteWebDriver.java:351)\n\tat org.openqa.selenium.remote.RemoteWebDriver.findElement(RemoteWebDriver.java:343)\n\tat com.codeborne.selenide.impl.WebElementSelector.findElement(WebElementSelector.java:70)\n\tat com.codeborne.selenide.impl.WebElementSelector.findElement(WebElementSelector.java:44)\n\tat com.codeborne.selenide.impl.WebElementSelector.findElement(WebElementSelector.java:33)\n\tat com.codeborne.selenide.impl.ElementFinder.getWebElement(ElementFinder.java:122)\n\tat com.codeborne.selenide.impl.WebElementSource.checkConditionAndReturnElement(WebElementSource.java:112)\n\t... 32 more\n","flaky":false,"newFailed":true,"newBroken":false,"newPassed":false,"retriesCount":0,"retriesStatusChange":false,"beforeStages":[{"name":"Open browser","time":{"start":1674373306275,"stop":1674373306715,"duration":440},"description":"Open browser","status":"passed","steps":[],"attachments":[],"parameters":[],"stepsCount":0,"attachmentsCount":0,"shouldDisplayMessage":false,"hasContent":false}],"testStage":{"status":"failed","statusMessage":"Element not found {By.xpath: //*[contains(@class,'windowViewMode') and contains(@class,'active')]//*[contains(text(), 'Case Details')]/ancestor::article//*[text()='Case Number']/ancestor::*[@slot = 'secondaryFields' or @class = 'slds-media__body']//lightning-formatted-text}\nExpected: text \"00001002\"\nScreenshot: file:/home/runner/work/SSC/SSC/build/reports/tests/1674373326299.8.png\nPage source: file:/home/runner/work/SSC/SSC/build/reports/tests/1674373326299.8.html\nTimeout: 5 s.\nCaused by: NoSuchElementException: no such element: Unable to locate element: {\"method\":\"xpath\",\"selector\":\"//*[contains(@class,'windowViewMode') and contains(@class,'active')]//*[contains(text(), 'Case Details')]/ancestor::article//*[text()='Case Number']/ancestor::*[@slot = 'secondaryFields' or @class = 'slds-media__body']//lightning-formatted-text\"}","statusTrace":"Element not found {By.xpath: //*[contains(@class,'windowViewMode') and contains(@class,'active')]//*[contains(text(), 'Case Details')]/ancestor::article//*[text()='Case Number']/ancestor::*[@slot = 'secondaryFields' or @class = 'slds-media__body']//lightning-formatted-text}\nExpected: text \"00001002\"\nScreenshot: file:/home/runner/work/SSC/SSC/build/reports/tests/1674373326299.8.png\nPage source: file:/home/runner/work/SSC/SSC/build/reports/tests/1674373326299.8.html\nTimeout: 5 s.\nCaused by: NoSuchElementException: no such element: Unable to locate element: {\"method\":\"xpath\",\"selector\":\"//*[contains(@class,'windowViewMode') and contains(@class,'active')]//*[contains(text(), 'Case Details')]/ancestor::article//*[text()='Case Number']/ancestor::*[@slot = 'secondaryFields' or @class = 'slds-media__body']//lightning-formatted-text\"}\n\tat com.codeborne.selenide.impl.WebElementSource.createElementNotFoundError(WebElementSource.java:87)\n\tat com.codeborne.selenide.impl.ElementFinder.createElementNotFoundError(ElementFinder.java:142)\n\tat com.codeborne.selenide.impl.WebElementSource.checkConditionAndReturnElement(WebElementSource.java:131)\n\tat com.codeborne.selenide.impl.WebElementSource.checkCondition(WebElementSource.java:100)\n\tat com.codeborne.selenide.commands.Should.execute(Should.java:30)\n\tat com.codeborne.selenide.commands.Should.execute(Should.java:14)\n\tat com.codeborne.selenide.commands.Commands.execute(Commands.java:158)\n\tat com.codeborne.selenide.impl.SelenideElementProxy.dispatchAndRetry(SelenideElementProxy.java:130)\n\tat com.codeborne.selenide.impl.SelenideElementProxy.invoke(SelenideElementProxy.java:82)\n\tat com.sun.proxy.$Proxy30.shouldHave(Unknown Source)\n\tat io.github.dzmitryrak.utils.ElementHelper.validate(ElementHelper.java:203)\n\tat io.github.dzmitryrak.pages.Panel.validate(Panel.java:27)\n\tat io.github.dzmitryrak.tests.CaseTest.panelValidation(CaseTest.java:21)\n\tat java.base/jdk.internal.reflect.NativeMethodAccessorImpl.invoke0(Native Method)\n\tat java.base/jdk.internal.reflect.NativeMethodAccessorImpl.invoke(NativeMethodAccessorImpl.java:62)\n\tat java.base/jdk.internal.reflect.DelegatingMethodAccessorImpl.invoke(DelegatingMethodAccessorImpl.java:43)\n\tat java.base/java.lang.reflect.Method.invoke(Method.java:566)\n\tat org.testng.internal.invokers.MethodInvocationHelper.invokeMethod(MethodInvocationHelper.java:139)\n\tat org.testng.internal.invokers.TestInvoker.invokeMethod(TestInvoker.java:677)\n\tat org.testng.internal.invokers.TestInvoker.invokeTestMethod(TestInvoker.java:221)\n\tat org.testng.internal.invokers.MethodRunner.runInSequence(MethodRunner.java:50)\n\tat org.testng.internal.invokers.TestInvoker$MethodInvocationAgent.invoke(TestInvoker.java:969)\n\tat org.testng.internal.invokers.TestInvoker.invokeTestMethods(TestInvoker.java:194)\n\tat org.testng.internal.invokers.TestMethodWorker.invokeTestMethods(TestMethodWorker.java:148)\n\tat org.testng.internal.invokers.TestMethodWorker.run(TestMethodWorker.java:128)\n\tat java.base/java.util.ArrayList.forEach(ArrayList.java:1541)\n\tat org.testng.TestRunner.privateRun(TestRunner.java:829)\n\tat org.testng.TestRunner.run(TestRunner.java:602)\n\tat org.testng.SuiteRunner.runTest(SuiteRunner.java:437)\n\tat org.testng.SuiteRunner$SuiteWorker.run(SuiteRunner.java:475)\n\tat org.testng.internal.thread.ThreadUtil.lambda$execute$0(ThreadUtil.java:58)\n\tat java.base/java.util.concurrent.FutureTask.run(FutureTask.java:264)\n\tat java.base/java.util.concurrent.ThreadPoolExecutor.runWorker(ThreadPoolExecutor.java:1128)\n\tat java.base/java.util.concurrent.ThreadPoolExecutor$Worker.run(ThreadPoolExecutor.java:628)\n\tat java.base/java.lang.Thread.run(Thread.java:829)\nCaused by: org.openqa.selenium.NoSuchElementException: no such element: Unable to locate element: {\"method\":\"xpath\",\"selector\":\"//*[contains(@class,'windowViewMode') and contains(@class,'active')]//*[contains(text(), 'Case Details')]/ancestor::article//*[text()='Case Number']/ancestor::*[@slot = 'secondaryFields' or @class = 'slds-media__body']//lightning-formatted-text\"}\n  (Session info: headless chrome=109.0.5414.74)\nFor documentation on this error, please visit: https://selenium.dev/exceptions/#no_such_element\nBuild info: version: '4.7.2', revision: '4d4020c3b7'\nSystem info: os.name: 'Linux', os.arch: 'amd64', os.version: '5.15.0-1031-azure', java.version: '11.0.17'\nDriver info: org.openqa.selenium.chrome.ChromeDriver\nCommand: [a209458225e3a95b53b5bdc68545b282, findElement {using=xpath, value=//*[contains(@class,'windowViewMode') and contains(@class,'active')]//*[contains(text(), 'Case Details')]/ancestor::article//*[text()='Case Number']/ancestor::*[@slot = 'secondaryFields' or @class = 'slds-media__body']//lightning-formatted-text}]\nCapabilities {acceptInsecureCerts: true, browserName: chrome, browserVersion: 109.0.5414.74, chrome: {chromedriverVersion: 109.0.5414.74 (e7c5703604da..., userDataDir: /tmp/.com.google.Chrome.fR5dRt}, goog:chromeOptions: {debuggerAddress: localhost:40463}, networkConnectionEnabled: false, pageLoadStrategy: normal, platformName: LINUX, proxy: Proxy(), se:cdp: ws://localhost:40463/devtoo..., se:cdpVersion: 109.0.5414.74, setWindowRect: true, strictFileInteractability: false, timeouts: {implicit: 0, pageLoad: 300000, script: 30000}, unhandledPromptBehavior: accept, webauthn:extension:credBlob: true, webauthn:extension:largeBlob: true, webauthn:virtualAuthenticators: true}\nSession ID: a209458225e3a95b53b5bdc68545b282\n\tat jdk.internal.reflect.GeneratedConstructorAccessor27.newInstance(Unknown Source)\n\tat java.base/jdk.internal.reflect.DelegatingConstructorAccessorImpl.newInstance(DelegatingConstructorAccessorImpl.java:45)\n\tat java.base/java.lang.reflect.Constructor.newInstance(Constructor.java:490)\n\tat org.openqa.selenium.remote.codec.w3c.W3CHttpResponseCodec.createException(W3CHttpResponseCodec.java:200)\n\tat org.openqa.selenium.remote.codec.w3c.W3CHttpResponseCodec.decode(W3CHttpResponseCodec.java:133)\n\tat org.openqa.selenium.remote.codec.w3c.W3CHttpResponseCodec.decode(W3CHttpResponseCodec.java:53)\n\tat org.openqa.selenium.remote.HttpCommandExecutor.execute(HttpCommandExecutor.java:184)\n\tat org.openqa.selenium.remote.service.DriverCommandExecutor.invokeExecute(DriverCommandExecutor.java:167)\n\tat org.openqa.selenium.remote.service.DriverCommandExecutor.execute(DriverCommandExecutor.java:142)\n\tat org.openqa.selenium.remote.RemoteWebDriver.execute(RemoteWebDriver.java:535)\n\tat org.openqa.selenium.remote.ElementLocation$ElementFinder$2.findElement(ElementLocation.java:162)\n\tat org.openqa.selenium.remote.ElementLocation.findElement(ElementLocation.java:60)\n\tat org.openqa.selenium.remote.RemoteWebDriver.findElement(RemoteWebDriver.java:351)\n\tat org.openqa.selenium.remote.RemoteWebDriver.findElement(RemoteWebDriver.java:343)\n\tat com.codeborne.selenide.impl.WebElementSelector.findElement(WebElementSelector.java:70)\n\tat com.codeborne.selenide.impl.WebElementSelector.findElement(WebElementSelector.java:44)\n\tat com.codeborne.selenide.impl.WebElementSelector.findElement(WebElementSelector.java:33)\n\tat com.codeborne.selenide.impl.ElementFinder.getWebElement(ElementFinder.java:122)\n\tat com.codeborne.selenide.impl.WebElementSource.checkConditionAndReturnElement(WebElementSource.java:112)\n\t... 32 more\n","steps":[{"name":"Open Login Page","time":{"start":1674373306717,"stop":1674373308872,"duration":2155},"status":"passed","steps":[],"attachments":[],"parameters":[],"stepsCount":0,"attachmentsCount":0,"shouldDisplayMessage":false,"hasContent":false},{"name":"Login by user: drak@tms.sandbox","time":{"start":1674373308873,"stop":1674373309375,"duration":502},"status":"passed","steps":[],"attachments":[],"parameters":[{"name":"username","value":"drak@tms.sandbox"},{"name":"password","value":"password02"}],"stepsCount":0,"attachmentsCount":0,"shouldDisplayMessage":false,"hasContent":true}],"attachments":[{"uid":"6dceb3d58bb57ae4","name":"Screenshot","source":"6dceb3d58bb57ae4.png","type":"image/png","size":182931}],"parameters":[],"stepsCount":2,"attachmentsCount":1,"shouldDisplayMessage":true,"hasContent":true},"afterStages":[{"name":"Close browser","time":{"start":1674373326764,"stop":1674373326866,"duration":102},"description":"Close browser","status":"passed","steps":[],"attachments":[],"parameters":[],"stepsCount":0,"attachmentsCount":0,"shouldDisplayMessage":false,"hasContent":false}],"labels":[{"name":"package","value":"io.github.dzmitryrak.tests.CaseTest"},{"name":"testClass","value":"io.github.dzmitryrak.tests.CaseTest"},{"name":"testMethod","value":"panelValidation"},{"name":"parentSuite","value":"Build Verification Test"},{"name":"suite","value":"Cases"},{"name":"subSuite","value":"io.github.dzmitryrak.tests.CaseTest"},{"name":"host","value":"fv-az248-908"},{"name":"thread","value":"2609@fv-az248-908.TestNG-tests-3(18)"},{"name":"framework","value":"testng"},{"name":"language","value":"java"},{"name":"resultFormat","value":"allure2"}],"parameters":[],"links":[],"hidden":false,"retry":false,"extra":{"severity":"normal","retries":[],"categories":[{"name":"Product defects","matchedStatuses":[],"flaky":false}],"history":{"statistic":{"failed":1,"broken":0,"skipped":0,"passed":24,"unknown":0,"total":25},"items":[{"uid":"d6b165dbb9fd9d3d","reportUrl":"https://dzmitryrak.github.io/SSC/184//#testresult/d6b165dbb9fd9d3d","status":"passed","time":{"start":1674229115409,"stop":1674229133668,"duration":18259}},{"uid":"8c9817bcedaec759","reportUrl":"https://dzmitryrak.github.io/SSC/183//#testresult/8c9817bcedaec759","status":"passed","time":{"start":1674213251345,"stop":1674213271284,"duration":19939}},{"uid":"7c0c127bfa0e315a","reportUrl":"https://dzmitryrak.github.io/SSC/182//#testresult/7c0c127bfa0e315a","status":"passed","time":{"start":1674210090285,"stop":1674210110878,"duration":20593}},{"uid":"cd7c3a30163e41","reportUrl":"https://dzmitryrak.github.io/SSC/181//#testresult/cd7c3a30163e41","status":"passed","time":{"start":1674208073529,"stop":1674208099232,"duration":25703}},{"uid":"bad808b4d1331e07","reportUrl":"https://dzmitryrak.github.io/SSC/180//#testresult/bad808b4d1331e07","status":"passed","time":{"start":1674157848034,"stop":1674157867809,"duration":19775}},{"uid":"68239301b6aea84e","reportUrl":"https://dzmitryrak.github.io/SSC/180//#testresult/68239301b6aea84e","status":"passed","time":{"start":1674157133047,"stop":1674157146729,"duration":13682}},{"uid":"ca3367afc9b2ddca","reportUrl":"https://dzmitryrak.github.io/SSC/177//#testresult/ca3367afc9b2ddca","status":"passed","time":{"start":1674145788910,"stop":1674145811280,"duration":22370}},{"uid":"b3c63ed85616d691","reportUrl":"https://dzmitryrak.github.io/SSC/178//#testresult/b3c63ed85616d691","status":"passed","time":{"start":1674141313316,"stop":1674141326792,"duration":13476}},{"uid":"6a25842a4412f084","reportUrl":"https://dzmitryrak.github.io/SSC/177//#testresult/6a25842a4412f084","status":"passed","time":{"start":1674125269075,"stop":1674125281010,"duration":11935}},{"uid":"14ce9d35baec526d","reportUrl":"https://dzmitryrak.github.io/SSC/175//#testresult/14ce9d35baec526d","status":"passed","time":{"start":1673601523608,"stop":1673601552066,"duration":28458}},{"uid":"cecae07da93a3c7d","reportUrl":"https://dzmitryrak.github.io/SSC/175//#testresult/cecae07da93a3c7d","status":"passed","time":{"start":1673597397910,"stop":1673597412583,"duration":14673}},{"uid":"3e9a4df01a6d7857","reportUrl":"https://dzmitryrak.github.io/SSC/174//#testresult/3e9a4df01a6d7857","status":"passed","time":{"start":1673533634492,"stop":1673533648615,"duration":14123}},{"uid":"c9d359fff0142351","reportUrl":"https://dzmitryrak.github.io/SSC/173//#testresult/c9d359fff0142351","status":"passed","time":{"start":1673526803006,"stop":1673526815909,"duration":12903}},{"uid":"f65a08c4d09c8798","reportUrl":"https://dzmitryrak.github.io/SSC/172//#testresult/f65a08c4d09c8798","status":"passed","time":{"start":1673525159583,"stop":1673525175588,"duration":16005}},{"uid":"4dd5396b71974164","reportUrl":"https://dzmitryrak.github.io/SSC/171//#testresult/4dd5396b71974164","status":"passed","time":{"start":1673523091498,"stop":1673523106555,"duration":15057}},{"uid":"879d069ba7cc6864","reportUrl":"https://dzmitryrak.github.io/SSC/170//#testresult/879d069ba7cc6864","status":"passed","time":{"start":1673521568370,"stop":1673521582745,"duration":14375}},{"uid":"bb8b7dbf6ad76488","reportUrl":"https://dzmitryrak.github.io/SSC/169//#testresult/bb8b7dbf6ad76488","status":"passed","time":{"start":1673512349144,"stop":1673512363347,"duration":14203}},{"uid":"daba3f286b1cb799","reportUrl":"https://dzmitryrak.github.io/SSC/168//#testresult/daba3f286b1cb799","status":"passed","time":{"start":1673452219370,"stop":1673452234794,"duration":15424}},{"uid":"592b1e4309cdecdc","reportUrl":"https://dzmitryrak.github.io/SSC/167//#testresult/592b1e4309cdecdc","status":"passed","time":{"start":1673451140603,"stop":1673451160710,"duration":20107}},{"uid":"8a11a5c17ec68ba1","reportUrl":"https://dzmitryrak.github.io/SSC/166//#testresult/8a11a5c17ec68ba1","status":"passed","time":{"start":1673450353616,"stop":1673450367693,"duration":14077}}]},"tags":[]},"source":"701017ed093802a9.json","parameterValues":[]}