{"uid":"966b569a981d63ce","name":"Check that correct case could be opened from table","fullName":"io.github.dzmitryrak.tests.CaseTest.tableSortingValidation","historyId":"fac2bcff3102148b7350e158fb9f5380","time":{"start":1674373350632,"stop":1674373382254,"duration":31622},"status":"failed","statusMessage":"Element not found {By.xpath: //*[contains(@class,'windowViewMode') and contains(@class,'active')]//*[contains(text(), 'Case Details')]/ancestor::article//*[text()='Case Number']/ancestor::*[@slot = 'secondaryFields' or @class = 'slds-media__body']//lightning-formatted-text}\nExpected: text \"00001036\"\nScreenshot: file:/home/runner/work/SSC/SSC/build/reports/tests/1674373381754.12.png\nPage source: file:/home/runner/work/SSC/SSC/build/reports/tests/1674373381754.12.html\nTimeout: 5 s.\nCaused by: NoSuchElementException: no such element: Unable to locate element: {\"method\":\"xpath\",\"selector\":\"//*[contains(@class,'windowViewMode') and contains(@class,'active')]//*[contains(text(), 'Case Details')]/ancestor::article//*[text()='Case Number']/ancestor::*[@slot = 'secondaryFields' or @class = 'slds-media__body']//lightning-formatted-text\"}","statusTrace":"Element not found {By.xpath: //*[contains(@class,'windowViewMode') and contains(@class,'active')]//*[contains(text(), 'Case Details')]/ancestor::article//*[text()='Case Number']/ancestor::*[@slot = 'secondaryFields' or @class = 'slds-media__body']//lightning-formatted-text}\nExpected: text \"00001036\"\nScreenshot: file:/home/runner/work/SSC/SSC/build/reports/tests/1674373381754.12.png\nPage source: file:/home/runner/work/SSC/SSC/build/reports/tests/1674373381754.12.html\nTimeout: 5 s.\nCaused by: NoSuchElementException: no such element: Unable to locate element: {\"method\":\"xpath\",\"selector\":\"//*[contains(@class,'windowViewMode') and contains(@class,'active')]//*[contains(text(), 'Case Details')]/ancestor::article//*[text()='Case Number']/ancestor::*[@slot = 'secondaryFields' or @class = 'slds-media__body']//lightning-formatted-text\"}\n\tat com.codeborne.selenide.impl.WebElementSource.createElementNotFoundError(WebElementSource.java:87)\n\tat com.codeborne.selenide.impl.ElementFinder.createElementNotFoundError(ElementFinder.java:142)\n\tat com.codeborne.selenide.impl.WebElementSource.checkConditionAndReturnElement(WebElementSource.java:131)\n\tat com.codeborne.selenide.impl.WebElementSource.checkCondition(WebElementSource.java:100)\n\tat com.codeborne.selenide.commands.Should.execute(Should.java:30)\n\tat com.codeborne.selenide.commands.Should.execute(Should.java:14)\n\tat com.codeborne.selenide.commands.Commands.execute(Commands.java:158)\n\tat com.codeborne.selenide.impl.SelenideElementProxy.dispatchAndRetry(SelenideElementProxy.java:130)\n\tat com.codeborne.selenide.impl.SelenideElementProxy.invoke(SelenideElementProxy.java:82)\n\tat com.sun.proxy.$Proxy30.shouldHave(Unknown Source)\n\tat io.github.dzmitryrak.utils.ElementHelper.validate(ElementHelper.java:203)\n\tat io.github.dzmitryrak.pages.Panel.validate(Panel.java:27)\n\tat io.github.dzmitryrak.tests.CaseTest.tableSortingValidation(CaseTest.java:61)\n\tat java.base/jdk.internal.reflect.NativeMethodAccessorImpl.invoke0(Native Method)\n\tat java.base/jdk.internal.reflect.NativeMethodAccessorImpl.invoke(NativeMethodAccessorImpl.java:62)\n\tat java.base/jdk.internal.reflect.DelegatingMethodAccessorImpl.invoke(DelegatingMethodAccessorImpl.java:43)\n\tat java.base/java.lang.reflect.Method.invoke(Method.java:566)\n\tat org.testng.internal.invokers.MethodInvocationHelper.invokeMethod(MethodInvocationHelper.java:139)\n\tat org.testng.internal.invokers.TestInvoker.invokeMethod(TestInvoker.java:677)\n\tat org.testng.internal.invokers.TestInvoker.invokeTestMethod(TestInvoker.java:221)\n\tat org.testng.internal.invokers.MethodRunner.runInSequence(MethodRunner.java:50)\n\tat org.testng.internal.invokers.TestInvoker$MethodInvocationAgent.invoke(TestInvoker.java:969)\n\tat org.testng.internal.invokers.TestInvoker.invokeTestMethods(TestInvoker.java:194)\n\tat org.testng.internal.invokers.TestMethodWorker.invokeTestMethods(TestMethodWorker.java:148)\n\tat org.testng.internal.invokers.TestMethodWorker.run(TestMethodWorker.java:128)\n\tat java.base/java.util.ArrayList.forEach(ArrayList.java:1541)\n\tat org.testng.TestRunner.privateRun(TestRunner.java:829)\n\tat org.testng.TestRunner.run(TestRunner.java:602)\n\tat org.testng.SuiteRunner.runTest(SuiteRunner.java:437)\n\tat org.testng.SuiteRunner$SuiteWorker.run(SuiteRunner.java:475)\n\tat org.testng.internal.thread.ThreadUtil.lambda$execute$0(ThreadUtil.java:58)\n\tat java.base/java.util.concurrent.FutureTask.run(FutureTask.java:264)\n\tat java.base/java.util.concurrent.ThreadPoolExecutor.runWorker(ThreadPoolExecutor.java:1128)\n\tat java.base/java.util.concurrent.ThreadPoolExecutor$Worker.run(ThreadPoolExecutor.java:628)\n\tat java.base/java.lang.Thread.run(Thread.java:829)\nCaused by: org.openqa.selenium.NoSuchElementException: no such element: Unable to locate element: {\"method\":\"xpath\",\"selector\":\"//*[contains(@class,'windowViewMode') and contains(@class,'active')]//*[contains(text(), 'Case Details')]/ancestor::article//*[text()='Case Number']/ancestor::*[@slot = 'secondaryFields' or @class = 'slds-media__body']//lightning-formatted-text\"}\n  (Session info: headless chrome=109.0.5414.74)\nFor documentation on this error, please visit: https://selenium.dev/exceptions/#no_such_element\nBuild info: version: '4.7.2', revision: '4d4020c3b7'\nSystem info: os.name: 'Linux', os.arch: 'amd64', os.version: '5.15.0-1031-azure', java.version: '11.0.17'\nDriver info: org.openqa.selenium.chrome.ChromeDriver\nCommand: [e7f06b596030a2507dbc332120a56402, findElement {using=xpath, value=//*[contains(@class,'windowViewMode') and contains(@class,'active')]//*[contains(text(), 'Case Details')]/ancestor::article//*[text()='Case Number']/ancestor::*[@slot = 'secondaryFields' or @class = 'slds-media__body']//lightning-formatted-text}]\nCapabilities {acceptInsecureCerts: true, browserName: chrome, browserVersion: 109.0.5414.74, chrome: {chromedriverVersion: 109.0.5414.74 (e7c5703604da..., userDataDir: /tmp/.com.google.Chrome.v2fGmb}, goog:chromeOptions: {debuggerAddress: localhost:39693}, networkConnectionEnabled: false, pageLoadStrategy: normal, platformName: LINUX, proxy: Proxy(), se:cdp: ws://localhost:39693/devtoo..., se:cdpVersion: 109.0.5414.74, setWindowRect: true, strictFileInteractability: false, timeouts: {implicit: 0, pageLoad: 300000, script: 30000}, unhandledPromptBehavior: accept, webauthn:extension:credBlob: true, webauthn:extension:largeBlob: true, webauthn:virtualAuthenticators: true}\nSession ID: e7f06b596030a2507dbc332120a56402\n\tat jdk.internal.reflect.GeneratedConstructorAccessor27.newInstance(Unknown Source)\n\tat java.base/jdk.internal.reflect.DelegatingConstructorAccessorImpl.newInstance(DelegatingConstructorAccessorImpl.java:45)\n\tat java.base/java.lang.reflect.Constructor.newInstance(Constructor.java:490)\n\tat org.openqa.selenium.remote.codec.w3c.W3CHttpResponseCodec.createException(W3CHttpResponseCodec.java:200)\n\tat org.openqa.selenium.remote.codec.w3c.W3CHttpResponseCodec.decode(W3CHttpResponseCodec.java:133)\n\tat org.openqa.selenium.remote.codec.w3c.W3CHttpResponseCodec.decode(W3CHttpResponseCodec.java:53)\n\tat org.openqa.selenium.remote.HttpCommandExecutor.execute(HttpCommandExecutor.java:184)\n\tat org.openqa.selenium.remote.service.DriverCommandExecutor.invokeExecute(DriverCommandExecutor.java:167)\n\tat org.openqa.selenium.remote.service.DriverCommandExecutor.execute(DriverCommandExecutor.java:142)\n\tat org.openqa.selenium.remote.RemoteWebDriver.execute(RemoteWebDriver.java:535)\n\tat org.openqa.selenium.remote.ElementLocation$ElementFinder$2.findElement(ElementLocation.java:162)\n\tat org.openqa.selenium.remote.ElementLocation.findElement(ElementLocation.java:60)\n\tat org.openqa.selenium.remote.RemoteWebDriver.findElement(RemoteWebDriver.java:351)\n\tat org.openqa.selenium.remote.RemoteWebDriver.findElement(RemoteWebDriver.java:343)\n\tat com.codeborne.selenide.impl.WebElementSelector.findElement(WebElementSelector.java:70)\n\tat com.codeborne.selenide.impl.WebElementSelector.findElement(WebElementSelector.java:44)\n\tat com.codeborne.selenide.impl.WebElementSelector.findElement(WebElementSelector.java:33)\n\tat com.codeborne.selenide.impl.ElementFinder.getWebElement(ElementFinder.java:122)\n\tat com.codeborne.selenide.impl.WebElementSource.checkConditionAndReturnElement(WebElementSource.java:112)\n\t... 32 more\n","flaky":false,"newFailed":true,"newBroken":false,"newPassed":false,"retriesCount":0,"retriesStatusChange":false,"beforeStages":[{"name":"Open browser","time":{"start":1674373349832,"stop":1674373350631,"duration":799},"description":"Open browser","status":"passed","steps":[],"attachments":[],"parameters":[],"stepsCount":0,"attachmentsCount":0,"shouldDisplayMessage":false,"hasContent":false}],"testStage":{"status":"failed","statusMessage":"Element not found {By.xpath: //*[contains(@class,'windowViewMode') and contains(@class,'active')]//*[contains(text(), 'Case Details')]/ancestor::article//*[text()='Case Number']/ancestor::*[@slot = 'secondaryFields' or @class = 'slds-media__body']//lightning-formatted-text}\nExpected: text \"00001036\"\nScreenshot: file:/home/runner/work/SSC/SSC/build/reports/tests/1674373381754.12.png\nPage source: file:/home/runner/work/SSC/SSC/build/reports/tests/1674373381754.12.html\nTimeout: 5 s.\nCaused by: NoSuchElementException: no such element: Unable to locate element: {\"method\":\"xpath\",\"selector\":\"//*[contains(@class,'windowViewMode') and contains(@class,'active')]//*[contains(text(), 'Case Details')]/ancestor::article//*[text()='Case Number']/ancestor::*[@slot = 'secondaryFields' or @class = 'slds-media__body']//lightning-formatted-text\"}","statusTrace":"Element not found {By.xpath: //*[contains(@class,'windowViewMode') and contains(@class,'active')]//*[contains(text(), 'Case Details')]/ancestor::article//*[text()='Case Number']/ancestor::*[@slot = 'secondaryFields' or @class = 'slds-media__body']//lightning-formatted-text}\nExpected: text \"00001036\"\nScreenshot: file:/home/runner/work/SSC/SSC/build/reports/tests/1674373381754.12.png\nPage source: file:/home/runner/work/SSC/SSC/build/reports/tests/1674373381754.12.html\nTimeout: 5 s.\nCaused by: NoSuchElementException: no such element: Unable to locate element: {\"method\":\"xpath\",\"selector\":\"//*[contains(@class,'windowViewMode') and contains(@class,'active')]//*[contains(text(), 'Case Details')]/ancestor::article//*[text()='Case Number']/ancestor::*[@slot = 'secondaryFields' or @class = 'slds-media__body']//lightning-formatted-text\"}\n\tat com.codeborne.selenide.impl.WebElementSource.createElementNotFoundError(WebElementSource.java:87)\n\tat com.codeborne.selenide.impl.ElementFinder.createElementNotFoundError(ElementFinder.java:142)\n\tat com.codeborne.selenide.impl.WebElementSource.checkConditionAndReturnElement(WebElementSource.java:131)\n\tat com.codeborne.selenide.impl.WebElementSource.checkCondition(WebElementSource.java:100)\n\tat com.codeborne.selenide.commands.Should.execute(Should.java:30)\n\tat com.codeborne.selenide.commands.Should.execute(Should.java:14)\n\tat com.codeborne.selenide.commands.Commands.execute(Commands.java:158)\n\tat com.codeborne.selenide.impl.SelenideElementProxy.dispatchAndRetry(SelenideElementProxy.java:130)\n\tat com.codeborne.selenide.impl.SelenideElementProxy.invoke(SelenideElementProxy.java:82)\n\tat com.sun.proxy.$Proxy30.shouldHave(Unknown Source)\n\tat io.github.dzmitryrak.utils.ElementHelper.validate(ElementHelper.java:203)\n\tat io.github.dzmitryrak.pages.Panel.validate(Panel.java:27)\n\tat io.github.dzmitryrak.tests.CaseTest.tableSortingValidation(CaseTest.java:61)\n\tat java.base/jdk.internal.reflect.NativeMethodAccessorImpl.invoke0(Native Method)\n\tat java.base/jdk.internal.reflect.NativeMethodAccessorImpl.invoke(NativeMethodAccessorImpl.java:62)\n\tat java.base/jdk.internal.reflect.DelegatingMethodAccessorImpl.invoke(DelegatingMethodAccessorImpl.java:43)\n\tat java.base/java.lang.reflect.Method.invoke(Method.java:566)\n\tat org.testng.internal.invokers.MethodInvocationHelper.invokeMethod(MethodInvocationHelper.java:139)\n\tat org.testng.internal.invokers.TestInvoker.invokeMethod(TestInvoker.java:677)\n\tat org.testng.internal.invokers.TestInvoker.invokeTestMethod(TestInvoker.java:221)\n\tat org.testng.internal.invokers.MethodRunner.runInSequence(MethodRunner.java:50)\n\tat org.testng.internal.invokers.TestInvoker$MethodInvocationAgent.invoke(TestInvoker.java:969)\n\tat org.testng.internal.invokers.TestInvoker.invokeTestMethods(TestInvoker.java:194)\n\tat org.testng.internal.invokers.TestMethodWorker.invokeTestMethods(TestMethodWorker.java:148)\n\tat org.testng.internal.invokers.TestMethodWorker.run(TestMethodWorker.java:128)\n\tat java.base/java.util.ArrayList.forEach(ArrayList.java:1541)\n\tat org.testng.TestRunner.privateRun(TestRunner.java:829)\n\tat org.testng.TestRunner.run(TestRunner.java:602)\n\tat org.testng.SuiteRunner.runTest(SuiteRunner.java:437)\n\tat org.testng.SuiteRunner$SuiteWorker.run(SuiteRunner.java:475)\n\tat org.testng.internal.thread.ThreadUtil.lambda$execute$0(ThreadUtil.java:58)\n\tat java.base/java.util.concurrent.FutureTask.run(FutureTask.java:264)\n\tat java.base/java.util.concurrent.ThreadPoolExecutor.runWorker(ThreadPoolExecutor.java:1128)\n\tat java.base/java.util.concurrent.ThreadPoolExecutor$Worker.run(ThreadPoolExecutor.java:628)\n\tat java.base/java.lang.Thread.run(Thread.java:829)\nCaused by: org.openqa.selenium.NoSuchElementException: no such element: Unable to locate element: {\"method\":\"xpath\",\"selector\":\"//*[contains(@class,'windowViewMode') and contains(@class,'active')]//*[contains(text(), 'Case Details')]/ancestor::article//*[text()='Case Number']/ancestor::*[@slot = 'secondaryFields' or @class = 'slds-media__body']//lightning-formatted-text\"}\n  (Session info: headless chrome=109.0.5414.74)\nFor documentation on this error, please visit: https://selenium.dev/exceptions/#no_such_element\nBuild info: version: '4.7.2', revision: '4d4020c3b7'\nSystem info: os.name: 'Linux', os.arch: 'amd64', os.version: '5.15.0-1031-azure', java.version: '11.0.17'\nDriver info: org.openqa.selenium.chrome.ChromeDriver\nCommand: [e7f06b596030a2507dbc332120a56402, findElement {using=xpath, value=//*[contains(@class,'windowViewMode') and contains(@class,'active')]//*[contains(text(), 'Case Details')]/ancestor::article//*[text()='Case Number']/ancestor::*[@slot = 'secondaryFields' or @class = 'slds-media__body']//lightning-formatted-text}]\nCapabilities {acceptInsecureCerts: true, browserName: chrome, browserVersion: 109.0.5414.74, chrome: {chromedriverVersion: 109.0.5414.74 (e7c5703604da..., userDataDir: /tmp/.com.google.Chrome.v2fGmb}, goog:chromeOptions: {debuggerAddress: localhost:39693}, networkConnectionEnabled: false, pageLoadStrategy: normal, platformName: LINUX, proxy: Proxy(), se:cdp: ws://localhost:39693/devtoo..., se:cdpVersion: 109.0.5414.74, setWindowRect: true, strictFileInteractability: false, timeouts: {implicit: 0, pageLoad: 300000, script: 30000}, unhandledPromptBehavior: accept, webauthn:extension:credBlob: true, webauthn:extension:largeBlob: true, webauthn:virtualAuthenticators: true}\nSession ID: e7f06b596030a2507dbc332120a56402\n\tat jdk.internal.reflect.GeneratedConstructorAccessor27.newInstance(Unknown Source)\n\tat java.base/jdk.internal.reflect.DelegatingConstructorAccessorImpl.newInstance(DelegatingConstructorAccessorImpl.java:45)\n\tat java.base/java.lang.reflect.Constructor.newInstance(Constructor.java:490)\n\tat org.openqa.selenium.remote.codec.w3c.W3CHttpResponseCodec.createException(W3CHttpResponseCodec.java:200)\n\tat org.openqa.selenium.remote.codec.w3c.W3CHttpResponseCodec.decode(W3CHttpResponseCodec.java:133)\n\tat org.openqa.selenium.remote.codec.w3c.W3CHttpResponseCodec.decode(W3CHttpResponseCodec.java:53)\n\tat org.openqa.selenium.remote.HttpCommandExecutor.execute(HttpCommandExecutor.java:184)\n\tat org.openqa.selenium.remote.service.DriverCommandExecutor.invokeExecute(DriverCommandExecutor.java:167)\n\tat org.openqa.selenium.remote.service.DriverCommandExecutor.execute(DriverCommandExecutor.java:142)\n\tat org.openqa.selenium.remote.RemoteWebDriver.execute(RemoteWebDriver.java:535)\n\tat org.openqa.selenium.remote.ElementLocation$ElementFinder$2.findElement(ElementLocation.java:162)\n\tat org.openqa.selenium.remote.ElementLocation.findElement(ElementLocation.java:60)\n\tat org.openqa.selenium.remote.RemoteWebDriver.findElement(RemoteWebDriver.java:351)\n\tat org.openqa.selenium.remote.RemoteWebDriver.findElement(RemoteWebDriver.java:343)\n\tat com.codeborne.selenide.impl.WebElementSelector.findElement(WebElementSelector.java:70)\n\tat com.codeborne.selenide.impl.WebElementSelector.findElement(WebElementSelector.java:44)\n\tat com.codeborne.selenide.impl.WebElementSelector.findElement(WebElementSelector.java:33)\n\tat com.codeborne.selenide.impl.ElementFinder.getWebElement(ElementFinder.java:122)\n\tat com.codeborne.selenide.impl.WebElementSource.checkConditionAndReturnElement(WebElementSource.java:112)\n\t... 32 more\n","steps":[{"name":"Open Login Page","time":{"start":1674373350633,"stop":1674373352961,"duration":2328},"status":"passed","steps":[],"attachments":[],"parameters":[],"stepsCount":0,"attachmentsCount":0,"shouldDisplayMessage":false,"hasContent":false},{"name":"Login by user: drak@tms.sandbox","time":{"start":1674373352962,"stop":1674373354137,"duration":1175},"status":"passed","steps":[],"attachments":[],"parameters":[{"name":"username","value":"drak@tms.sandbox"},{"name":"password","value":"password02"}],"stepsCount":0,"attachmentsCount":0,"shouldDisplayMessage":false,"hasContent":true},{"name":"Opening List View","time":{"start":1674373354137,"stop":1674373363362,"duration":9225},"status":"passed","steps":[],"attachments":[],"parameters":[{"name":"listViewName","value":"Case"}],"stepsCount":0,"attachmentsCount":0,"shouldDisplayMessage":false,"hasContent":true},{"name":"Check sorting of the column titled Case Number with order DESC","time":{"start":1674373367094,"stop":1674373374211,"duration":7117},"status":"passed","steps":[],"attachments":[{"uid":"32b2d7d810bbb6f3","name":"Screenshot","source":"32b2d7d810bbb6f3.png","type":"image/png","size":142345}],"parameters":[{"name":"column","value":"Case Number"},{"name":"ascDesc","value":"DESC"}],"stepsCount":0,"attachmentsCount":1,"shouldDisplayMessage":false,"hasContent":true},{"name":"Check that Details page was opened","time":{"start":1674373375174,"stop":1674373376569,"duration":1395},"status":"passed","steps":[],"attachments":[],"parameters":[],"stepsCount":0,"attachmentsCount":0,"shouldDisplayMessage":false,"hasContent":false}],"attachments":[{"uid":"ed3e9fb7f7085a01","name":"Screenshot","source":"ed3e9fb7f7085a01.png","type":"image/png","size":161975}],"parameters":[],"stepsCount":5,"attachmentsCount":2,"shouldDisplayMessage":true,"hasContent":true},"afterStages":[{"name":"Close browser","time":{"start":1674373382266,"stop":1674373382396,"duration":130},"description":"Close browser","status":"passed","steps":[],"attachments":[],"parameters":[],"stepsCount":0,"attachmentsCount":0,"shouldDisplayMessage":false,"hasContent":false}],"labels":[{"name":"package","value":"io.github.dzmitryrak.tests.CaseTest"},{"name":"testClass","value":"io.github.dzmitryrak.tests.CaseTest"},{"name":"testMethod","value":"tableSortingValidation"},{"name":"parentSuite","value":"Build Verification Test"},{"name":"suite","value":"Cases"},{"name":"subSuite","value":"io.github.dzmitryrak.tests.CaseTest"},{"name":"host","value":"fv-az248-908"},{"name":"thread","value":"2609@fv-az248-908.TestNG-tests-3(18)"},{"name":"framework","value":"testng"},{"name":"language","value":"java"},{"name":"resultFormat","value":"allure2"}],"parameters":[],"links":[],"hidden":false,"retry":false,"extra":{"severity":"normal","retries":[],"categories":[{"name":"Product defects","matchedStatuses":[],"flaky":false}],"history":{"statistic":{"failed":1,"broken":0,"skipped":0,"passed":12,"unknown":0,"total":13},"items":[{"uid":"2bd4e97f40a52a59","reportUrl":"https://dzmitryrak.github.io/SSC/184//#testresult/2bd4e97f40a52a59","status":"passed","time":{"start":1674229159856,"stop":1674229190306,"duration":30450}},{"uid":"c25aec93ed2d64b8","reportUrl":"https://dzmitryrak.github.io/SSC/183//#testresult/c25aec93ed2d64b8","status":"passed","time":{"start":1674213299063,"stop":1674213328049,"duration":28986}},{"uid":"867ce5bb683a341b","reportUrl":"https://dzmitryrak.github.io/SSC/182//#testresult/867ce5bb683a341b","status":"passed","time":{"start":1674210131271,"stop":1674210161850,"duration":30579}},{"uid":"aa05136004016103","reportUrl":"https://dzmitryrak.github.io/SSC/181//#testresult/aa05136004016103","status":"passed","time":{"start":1674208132669,"stop":1674208167671,"duration":35002}},{"uid":"81e432b5c5082b48","reportUrl":"https://dzmitryrak.github.io/SSC/180//#testresult/81e432b5c5082b48","status":"passed","time":{"start":1674157889010,"stop":1674157914487,"duration":25477}},{"uid":"238e2b5e0de5c53","reportUrl":"https://dzmitryrak.github.io/SSC/180//#testresult/238e2b5e0de5c53","status":"passed","time":{"start":1674157163172,"stop":1674157186347,"duration":23175}},{"uid":"75cc698d2cd42701","reportUrl":"https://dzmitryrak.github.io/SSC/177//#testresult/75cc698d2cd42701","status":"passed","time":{"start":1674145834250,"stop":1674145865009,"duration":30759}},{"uid":"8e7d103f42167f0c","reportUrl":"https://dzmitryrak.github.io/SSC/178//#testresult/8e7d103f42167f0c","status":"passed","time":{"start":1674141342784,"stop":1674141366631,"duration":23847}},{"uid":"1cf6486745a4ccf6","reportUrl":"https://dzmitryrak.github.io/SSC/177//#testresult/1cf6486745a4ccf6","status":"passed","time":{"start":1674125297862,"stop":1674125318133,"duration":20271}},{"uid":"54e3a790ac21f81e","reportUrl":"https://dzmitryrak.github.io/SSC/175//#testresult/54e3a790ac21f81e","status":"passed","time":{"start":1673601584886,"stop":1673601624414,"duration":39528}},{"uid":"9cb19825414d3f3a","reportUrl":"https://dzmitryrak.github.io/SSC/175//#testresult/9cb19825414d3f3a","status":"passed","time":{"start":1673597431417,"stop":1673597453793,"duration":22376}},{"uid":"155593338bf6096","reportUrl":"https://dzmitryrak.github.io/SSC/174//#testresult/155593338bf6096","status":"passed","time":{"start":1673533668626,"stop":1673533693540,"duration":24914}}]},"tags":[]},"source":"966b569a981d63ce.json","parameterValues":[]}