{"uid":"77df25ee2aa5b410","name":"Edit Contact","fullName":"io.github.dzmitryrak.tests.ContactCRUDTest.editContact","historyId":"8fe7c54f3471e8e29f802bfd9cc2c25f","time":{"start":1681914078952,"stop":1681914146274,"duration":67322},"status":"failed","statusMessage":"Element not found {By.xpath: //*[contains(@class,'windowViewMode') and contains(@class,'active')]//lightning-button-menu[contains(@class, 'menu-button-item')]}\nExpected: exist\nScreenshot: file:/home/runner/work/SSC/SSC/build/reports/tests/1681914145890.12.png\nPage source: file:/home/runner/work/SSC/SSC/build/reports/tests/1681914145890.12.html\nTimeout: 5 s.\nCaused by: NoSuchElementException: no such element: Unable to locate element: {\"method\":\"xpath\",\"selector\":\"//*[contains(@class,'windowViewMode') and contains(@class,'active')]//lightning-button-menu[contains(@class, 'menu-button-item')]\"}","statusTrace":"Element not found {By.xpath: //*[contains(@class,'windowViewMode') and contains(@class,'active')]//lightning-button-menu[contains(@class, 'menu-button-item')]}\nExpected: exist\nScreenshot: file:/home/runner/work/SSC/SSC/build/reports/tests/1681914145890.12.png\nPage source: file:/home/runner/work/SSC/SSC/build/reports/tests/1681914145890.12.html\nTimeout: 5 s.\nCaused by: NoSuchElementException: no such element: Unable to locate element: {\"method\":\"xpath\",\"selector\":\"//*[contains(@class,'windowViewMode') and contains(@class,'active')]//lightning-button-menu[contains(@class, 'menu-button-item')]\"}\n\tat com.codeborne.selenide.impl.WebElementSource.createElementNotFoundError(WebElementSource.java:87)\n\tat com.codeborne.selenide.impl.ElementFinder.createElementNotFoundError(ElementFinder.java:142)\n\tat com.codeborne.selenide.impl.ExceptionWrapper.wrap(ExceptionWrapper.java:32)\n\tat com.codeborne.selenide.impl.SelenideElementProxy.dispatchAndRetry(SelenideElementProxy.java:152)\n\tat com.codeborne.selenide.impl.SelenideElementProxy.invoke(SelenideElementProxy.java:82)\n\tat com.sun.proxy.$Proxy30.getWrappedElement(Unknown Source)\n\tat org.openqa.selenium.remote.internal.WebElementToJsonConverter.apply(WebElementToJsonConverter.java:51)\n\tat java.base/java.util.stream.ReferencePipeline$3$1.accept(ReferencePipeline.java:195)\n\tat java.base/java.util.Spliterators$ArraySpliterator.forEachRemaining(Spliterators.java:948)\n\tat java.base/java.util.stream.AbstractPipeline.copyInto(AbstractPipeline.java:484)\n\tat java.base/java.util.stream.AbstractPipeline.wrapAndCopyInto(AbstractPipeline.java:474)\n\tat java.base/java.util.stream.ReduceOps$ReduceOp.evaluateSequential(ReduceOps.java:913)\n\tat java.base/java.util.stream.AbstractPipeline.evaluate(AbstractPipeline.java:234)\n\tat java.base/java.util.stream.ReferencePipeline.collect(ReferencePipeline.java:578)\n\tat org.openqa.selenium.remote.RemoteWebDriver.executeScript(RemoteWebDriver.java:469)\n\tat com.codeborne.selenide.Driver.executeJavaScript(Driver.java:56)\n\tat com.codeborne.selenide.SelenideDriver.executeJavaScript(SelenideDriver.java:234)\n\tat com.codeborne.selenide.Selenide.executeJavaScript(Selenide.java:550)\n\tat io.github.dzmitryrak.pages.BasePage.clickJS(BasePage.java:39)\n\tat io.github.dzmitryrak.pages.ObjectAction.moreActions(ObjectAction.java:79)\n\tat io.github.dzmitryrak.tests.ContactCRUDTest.editContact(ContactCRUDTest.java:182)\n\tat java.base/jdk.internal.reflect.NativeMethodAccessorImpl.invoke0(Native Method)\n\tat java.base/jdk.internal.reflect.NativeMethodAccessorImpl.invoke(NativeMethodAccessorImpl.java:62)\n\tat java.base/jdk.internal.reflect.DelegatingMethodAccessorImpl.invoke(DelegatingMethodAccessorImpl.java:43)\n\tat java.base/java.lang.reflect.Method.invoke(Method.java:566)\n\tat org.testng.internal.invokers.MethodInvocationHelper.invokeMethod(MethodInvocationHelper.java:139)\n\tat org.testng.internal.invokers.TestInvoker.invokeMethod(TestInvoker.java:677)\n\tat org.testng.internal.invokers.TestInvoker.invokeTestMethod(TestInvoker.java:221)\n\tat org.testng.internal.invokers.MethodRunner.runInSequence(MethodRunner.java:50)\n\tat org.testng.internal.invokers.TestInvoker$MethodInvocationAgent.invoke(TestInvoker.java:969)\n\tat org.testng.internal.invokers.TestInvoker.invokeTestMethods(TestInvoker.java:194)\n\tat org.testng.internal.invokers.TestMethodWorker.invokeTestMethods(TestMethodWorker.java:148)\n\tat org.testng.internal.invokers.TestMethodWorker.run(TestMethodWorker.java:128)\n\tat java.base/java.util.ArrayList.forEach(ArrayList.java:1541)\n\tat org.testng.TestRunner.privateRun(TestRunner.java:829)\n\tat org.testng.TestRunner.run(TestRunner.java:602)\n\tat org.testng.SuiteRunner.runTest(SuiteRunner.java:437)\n\tat org.testng.SuiteRunner$SuiteWorker.run(SuiteRunner.java:475)\n\tat org.testng.internal.thread.ThreadUtil.lambda$execute$0(ThreadUtil.java:58)\n\tat java.base/java.util.concurrent.FutureTask.run(FutureTask.java:264)\n\tat java.base/java.util.concurrent.ThreadPoolExecutor.runWorker(ThreadPoolExecutor.java:1128)\n\tat java.base/java.util.concurrent.ThreadPoolExecutor$Worker.run(ThreadPoolExecutor.java:628)\n\tat java.base/java.lang.Thread.run(Thread.java:829)\nCaused by: org.openqa.selenium.NoSuchElementException: no such element: Unable to locate element: {\"method\":\"xpath\",\"selector\":\"//*[contains(@class,'windowViewMode') and contains(@class,'active')]//lightning-button-menu[contains(@class, 'menu-button-item')]\"}\n  (Session info: headless chrome=112.0.5615.49)\nFor documentation on this error, please visit: https://selenium.dev/exceptions/#no_such_element\nBuild info: version: '4.7.2', revision: '4d4020c3b7'\nSystem info: os.name: 'Linux', os.arch: 'amd64', os.version: '5.15.0-1035-azure', java.version: '11.0.18'\nDriver info: org.openqa.selenium.chrome.ChromeDriver\nCommand: [53582484b8c03c89cabc3e3450664bc8, findElement {using=xpath, value=//*[contains(@class,'windowViewMode') and contains(@class,'active')]//lightning-button-menu[contains(@class, 'menu-button-item')]}]\nCapabilities {acceptInsecureCerts: true, browserName: chrome, browserVersion: 112.0.5615.49, chrome: {chromedriverVersion: 112.0.5615.49 (bd2a7bcb881c..., userDataDir: /tmp/.com.google.Chrome.XCMG5a}, goog:chromeOptions: {debuggerAddress: localhost:35407}, networkConnectionEnabled: false, pageLoadStrategy: normal, platformName: LINUX, proxy: Proxy(), se:cdp: ws://localhost:35407/devtoo..., se:cdpVersion: 112.0.5615.49, setWindowRect: true, strictFileInteractability: false, timeouts: {implicit: 0, pageLoad: 300000, script: 30000}, unhandledPromptBehavior: accept, webauthn:extension:credBlob: true, webauthn:extension:largeBlob: true, webauthn:extension:minPinLength: true, webauthn:extension:prf: true, webauthn:virtualAuthenticators: true}\nSession ID: 53582484b8c03c89cabc3e3450664bc8\n\tat jdk.internal.reflect.GeneratedConstructorAccessor32.newInstance(Unknown Source)\n\tat java.base/jdk.internal.reflect.DelegatingConstructorAccessorImpl.newInstance(DelegatingConstructorAccessorImpl.java:45)\n\tat java.base/java.lang.reflect.Constructor.newInstance(Constructor.java:490)\n\tat org.openqa.selenium.remote.codec.w3c.W3CHttpResponseCodec.createException(W3CHttpResponseCodec.java:200)\n\tat org.openqa.selenium.remote.codec.w3c.W3CHttpResponseCodec.decode(W3CHttpResponseCodec.java:133)\n\tat org.openqa.selenium.remote.codec.w3c.W3CHttpResponseCodec.decode(W3CHttpResponseCodec.java:53)\n\tat org.openqa.selenium.remote.HttpCommandExecutor.execute(HttpCommandExecutor.java:184)\n\tat org.openqa.selenium.remote.service.DriverCommandExecutor.invokeExecute(DriverCommandExecutor.java:167)\n\tat org.openqa.selenium.remote.service.DriverCommandExecutor.execute(DriverCommandExecutor.java:142)\n\tat org.openqa.selenium.remote.RemoteWebDriver.execute(RemoteWebDriver.java:535)\n\tat org.openqa.selenium.remote.ElementLocation$ElementFinder$2.findElement(ElementLocation.java:162)\n\tat org.openqa.selenium.remote.ElementLocation.findElement(ElementLocation.java:60)\n\tat org.openqa.selenium.remote.RemoteWebDriver.findElement(RemoteWebDriver.java:351)\n\tat org.openqa.selenium.remote.RemoteWebDriver.findElement(RemoteWebDriver.java:343)\n\tat com.codeborne.selenide.impl.WebElementSelector.findElement(WebElementSelector.java:70)\n\tat com.codeborne.selenide.impl.WebElementSelector.findElement(WebElementSelector.java:44)\n\tat com.codeborne.selenide.impl.WebElementSelector.findElement(WebElementSelector.java:33)\n\tat com.codeborne.selenide.impl.ElementFinder.getWebElement(ElementFinder.java:122)\n\tat com.codeborne.selenide.commands.GetWrappedElement.execute(GetWrappedElement.java:19)\n\tat com.codeborne.selenide.commands.GetWrappedElement.execute(GetWrappedElement.java:13)\n\tat com.codeborne.selenide.commands.Commands.execute(Commands.java:158)\n\tat com.codeborne.selenide.impl.SelenideElementProxy.dispatchAndRetry(SelenideElementProxy.java:130)\n\t... 39 more\n","flaky":false,"newFailed":true,"newBroken":false,"newPassed":false,"retriesCount":0,"retriesStatusChange":false,"beforeStages":[{"name":"Open browser","time":{"start":1681914078248,"stop":1681914078951,"duration":703},"description":"Open browser","status":"passed","steps":[],"attachments":[],"parameters":[],"stepsCount":0,"attachmentsCount":0,"shouldDisplayMessage":false,"hasContent":false}],"testStage":{"status":"failed","statusMessage":"Element not found {By.xpath: //*[contains(@class,'windowViewMode') and contains(@class,'active')]//lightning-button-menu[contains(@class, 'menu-button-item')]}\nExpected: exist\nScreenshot: file:/home/runner/work/SSC/SSC/build/reports/tests/1681914145890.12.png\nPage source: file:/home/runner/work/SSC/SSC/build/reports/tests/1681914145890.12.html\nTimeout: 5 s.\nCaused by: NoSuchElementException: no such element: Unable to locate element: {\"method\":\"xpath\",\"selector\":\"//*[contains(@class,'windowViewMode') and contains(@class,'active')]//lightning-button-menu[contains(@class, 'menu-button-item')]\"}","statusTrace":"Element not found {By.xpath: //*[contains(@class,'windowViewMode') and contains(@class,'active')]//lightning-button-menu[contains(@class, 'menu-button-item')]}\nExpected: exist\nScreenshot: file:/home/runner/work/SSC/SSC/build/reports/tests/1681914145890.12.png\nPage source: file:/home/runner/work/SSC/SSC/build/reports/tests/1681914145890.12.html\nTimeout: 5 s.\nCaused by: NoSuchElementException: no such element: Unable to locate element: {\"method\":\"xpath\",\"selector\":\"//*[contains(@class,'windowViewMode') and contains(@class,'active')]//lightning-button-menu[contains(@class, 'menu-button-item')]\"}\n\tat com.codeborne.selenide.impl.WebElementSource.createElementNotFoundError(WebElementSource.java:87)\n\tat com.codeborne.selenide.impl.ElementFinder.createElementNotFoundError(ElementFinder.java:142)\n\tat com.codeborne.selenide.impl.ExceptionWrapper.wrap(ExceptionWrapper.java:32)\n\tat com.codeborne.selenide.impl.SelenideElementProxy.dispatchAndRetry(SelenideElementProxy.java:152)\n\tat com.codeborne.selenide.impl.SelenideElementProxy.invoke(SelenideElementProxy.java:82)\n\tat com.sun.proxy.$Proxy30.getWrappedElement(Unknown Source)\n\tat org.openqa.selenium.remote.internal.WebElementToJsonConverter.apply(WebElementToJsonConverter.java:51)\n\tat java.base/java.util.stream.ReferencePipeline$3$1.accept(ReferencePipeline.java:195)\n\tat java.base/java.util.Spliterators$ArraySpliterator.forEachRemaining(Spliterators.java:948)\n\tat java.base/java.util.stream.AbstractPipeline.copyInto(AbstractPipeline.java:484)\n\tat java.base/java.util.stream.AbstractPipeline.wrapAndCopyInto(AbstractPipeline.java:474)\n\tat java.base/java.util.stream.ReduceOps$ReduceOp.evaluateSequential(ReduceOps.java:913)\n\tat java.base/java.util.stream.AbstractPipeline.evaluate(AbstractPipeline.java:234)\n\tat java.base/java.util.stream.ReferencePipeline.collect(ReferencePipeline.java:578)\n\tat org.openqa.selenium.remote.RemoteWebDriver.executeScript(RemoteWebDriver.java:469)\n\tat com.codeborne.selenide.Driver.executeJavaScript(Driver.java:56)\n\tat com.codeborne.selenide.SelenideDriver.executeJavaScript(SelenideDriver.java:234)\n\tat com.codeborne.selenide.Selenide.executeJavaScript(Selenide.java:550)\n\tat io.github.dzmitryrak.pages.BasePage.clickJS(BasePage.java:39)\n\tat io.github.dzmitryrak.pages.ObjectAction.moreActions(ObjectAction.java:79)\n\tat io.github.dzmitryrak.tests.ContactCRUDTest.editContact(ContactCRUDTest.java:182)\n\tat java.base/jdk.internal.reflect.NativeMethodAccessorImpl.invoke0(Native Method)\n\tat java.base/jdk.internal.reflect.NativeMethodAccessorImpl.invoke(NativeMethodAccessorImpl.java:62)\n\tat java.base/jdk.internal.reflect.DelegatingMethodAccessorImpl.invoke(DelegatingMethodAccessorImpl.java:43)\n\tat java.base/java.lang.reflect.Method.invoke(Method.java:566)\n\tat org.testng.internal.invokers.MethodInvocationHelper.invokeMethod(MethodInvocationHelper.java:139)\n\tat org.testng.internal.invokers.TestInvoker.invokeMethod(TestInvoker.java:677)\n\tat org.testng.internal.invokers.TestInvoker.invokeTestMethod(TestInvoker.java:221)\n\tat org.testng.internal.invokers.MethodRunner.runInSequence(MethodRunner.java:50)\n\tat org.testng.internal.invokers.TestInvoker$MethodInvocationAgent.invoke(TestInvoker.java:969)\n\tat org.testng.internal.invokers.TestInvoker.invokeTestMethods(TestInvoker.java:194)\n\tat org.testng.internal.invokers.TestMethodWorker.invokeTestMethods(TestMethodWorker.java:148)\n\tat org.testng.internal.invokers.TestMethodWorker.run(TestMethodWorker.java:128)\n\tat java.base/java.util.ArrayList.forEach(ArrayList.java:1541)\n\tat org.testng.TestRunner.privateRun(TestRunner.java:829)\n\tat org.testng.TestRunner.run(TestRunner.java:602)\n\tat org.testng.SuiteRunner.runTest(SuiteRunner.java:437)\n\tat org.testng.SuiteRunner$SuiteWorker.run(SuiteRunner.java:475)\n\tat org.testng.internal.thread.ThreadUtil.lambda$execute$0(ThreadUtil.java:58)\n\tat java.base/java.util.concurrent.FutureTask.run(FutureTask.java:264)\n\tat java.base/java.util.concurrent.ThreadPoolExecutor.runWorker(ThreadPoolExecutor.java:1128)\n\tat java.base/java.util.concurrent.ThreadPoolExecutor$Worker.run(ThreadPoolExecutor.java:628)\n\tat java.base/java.lang.Thread.run(Thread.java:829)\nCaused by: org.openqa.selenium.NoSuchElementException: no such element: Unable to locate element: {\"method\":\"xpath\",\"selector\":\"//*[contains(@class,'windowViewMode') and contains(@class,'active')]//lightning-button-menu[contains(@class, 'menu-button-item')]\"}\n  (Session info: headless chrome=112.0.5615.49)\nFor documentation on this error, please visit: https://selenium.dev/exceptions/#no_such_element\nBuild info: version: '4.7.2', revision: '4d4020c3b7'\nSystem info: os.name: 'Linux', os.arch: 'amd64', os.version: '5.15.0-1035-azure', java.version: '11.0.18'\nDriver info: org.openqa.selenium.chrome.ChromeDriver\nCommand: [53582484b8c03c89cabc3e3450664bc8, findElement {using=xpath, value=//*[contains(@class,'windowViewMode') and contains(@class,'active')]//lightning-button-menu[contains(@class, 'menu-button-item')]}]\nCapabilities {acceptInsecureCerts: true, browserName: chrome, browserVersion: 112.0.5615.49, chrome: {chromedriverVersion: 112.0.5615.49 (bd2a7bcb881c..., userDataDir: /tmp/.com.google.Chrome.XCMG5a}, goog:chromeOptions: {debuggerAddress: localhost:35407}, networkConnectionEnabled: false, pageLoadStrategy: normal, platformName: LINUX, proxy: Proxy(), se:cdp: ws://localhost:35407/devtoo..., se:cdpVersion: 112.0.5615.49, setWindowRect: true, strictFileInteractability: false, timeouts: {implicit: 0, pageLoad: 300000, script: 30000}, unhandledPromptBehavior: accept, webauthn:extension:credBlob: true, webauthn:extension:largeBlob: true, webauthn:extension:minPinLength: true, webauthn:extension:prf: true, webauthn:virtualAuthenticators: true}\nSession ID: 53582484b8c03c89cabc3e3450664bc8\n\tat jdk.internal.reflect.GeneratedConstructorAccessor32.newInstance(Unknown Source)\n\tat java.base/jdk.internal.reflect.DelegatingConstructorAccessorImpl.newInstance(DelegatingConstructorAccessorImpl.java:45)\n\tat java.base/java.lang.reflect.Constructor.newInstance(Constructor.java:490)\n\tat org.openqa.selenium.remote.codec.w3c.W3CHttpResponseCodec.createException(W3CHttpResponseCodec.java:200)\n\tat org.openqa.selenium.remote.codec.w3c.W3CHttpResponseCodec.decode(W3CHttpResponseCodec.java:133)\n\tat org.openqa.selenium.remote.codec.w3c.W3CHttpResponseCodec.decode(W3CHttpResponseCodec.java:53)\n\tat org.openqa.selenium.remote.HttpCommandExecutor.execute(HttpCommandExecutor.java:184)\n\tat org.openqa.selenium.remote.service.DriverCommandExecutor.invokeExecute(DriverCommandExecutor.java:167)\n\tat org.openqa.selenium.remote.service.DriverCommandExecutor.execute(DriverCommandExecutor.java:142)\n\tat org.openqa.selenium.remote.RemoteWebDriver.execute(RemoteWebDriver.java:535)\n\tat org.openqa.selenium.remote.ElementLocation$ElementFinder$2.findElement(ElementLocation.java:162)\n\tat org.openqa.selenium.remote.ElementLocation.findElement(ElementLocation.java:60)\n\tat org.openqa.selenium.remote.RemoteWebDriver.findElement(RemoteWebDriver.java:351)\n\tat org.openqa.selenium.remote.RemoteWebDriver.findElement(RemoteWebDriver.java:343)\n\tat com.codeborne.selenide.impl.WebElementSelector.findElement(WebElementSelector.java:70)\n\tat com.codeborne.selenide.impl.WebElementSelector.findElement(WebElementSelector.java:44)\n\tat com.codeborne.selenide.impl.WebElementSelector.findElement(WebElementSelector.java:33)\n\tat com.codeborne.selenide.impl.ElementFinder.getWebElement(ElementFinder.java:122)\n\tat com.codeborne.selenide.commands.GetWrappedElement.execute(GetWrappedElement.java:19)\n\tat com.codeborne.selenide.commands.GetWrappedElement.execute(GetWrappedElement.java:13)\n\tat com.codeborne.selenide.commands.Commands.execute(Commands.java:158)\n\tat com.codeborne.selenide.impl.SelenideElementProxy.dispatchAndRetry(SelenideElementProxy.java:130)\n\t... 39 more\n","steps":[{"name":"Open Login Page","time":{"start":1681914078959,"stop":1681914081400,"duration":2441},"status":"passed","steps":[],"attachments":[],"parameters":[],"stepsCount":0,"attachmentsCount":0,"shouldDisplayMessage":false,"hasContent":false},{"name":"Login by user: drak@tms.sandbox","time":{"start":1681914081401,"stop":1681914087474,"duration":6073},"status":"passed","steps":[],"attachments":[],"parameters":[{"name":"username","value":"drak@tms.sandbox"},{"name":"password","value":"password03"}],"stepsCount":0,"attachmentsCount":0,"shouldDisplayMessage":false,"hasContent":true},{"name":"Opening List View","time":{"start":1681914087475,"stop":1681914092467,"duration":4992},"status":"passed","steps":[],"attachments":[],"parameters":[{"name":"listViewName","value":"Contact"}],"stepsCount":0,"attachmentsCount":0,"shouldDisplayMessage":false,"hasContent":true},{"name":"Click New action","time":{"start":1681914092468,"stop":1681914092881,"duration":413},"status":"passed","steps":[],"attachments":[],"parameters":[{"name":"actionName","value":"New"}],"stepsCount":0,"attachmentsCount":0,"shouldDisplayMessage":false,"hasContent":true},{"name":"Filling the form","time":{"start":1681914118326,"stop":1681914135301,"duration":16975},"status":"passed","steps":[],"attachments":[],"parameters":[{"name":"data","value":"{Reports To=Berry Reilly Shields, Email=antwan.stroman@hotmail.com, Other Street=84684 Lowe Island, Description=Expedita id at eaque., First Name=Ollie Kozey, Languages=test, Salutation=Prof., Other State/Province=test, Mailing Country=Cayman Islands, Home Phone=710.272.2812, Account Name=Emory Harber, Department=test, Mailing Zip/Postal Code=test, Assistant=test, Phone=337.754.9215 x4481, Other City=Port Jerilyn, Other Zip/Postal Code=test, Lead Source=Other, Mailing State/Province=test, Mailing City=Ankundington, Title=any title, Other Phone=582.119.4981 x12420, Birthdate=9/27/2022, Mobile=(985) 688-7154 x602, Mailing Street=73740 Terry Prairie, Asst. Phone=1-683-461-5662, Other Country=Netherlands, Multiselect=Yes;Maybe, Level=Primary, Last Name=Hettinger, BVT check=false, Fax=test}"}],"stepsCount":0,"attachmentsCount":0,"shouldDisplayMessage":false,"hasContent":true},{"name":"Click on Save button","time":{"start":1681914135301,"stop":1681914135452,"duration":151},"status":"passed","steps":[],"attachments":[],"parameters":[],"stepsCount":0,"attachmentsCount":0,"shouldDisplayMessage":false,"hasContent":false},{"name":"Check that Details page was opened","time":{"start":1681914136156,"stop":1681914137160,"duration":1004},"status":"passed","steps":[],"attachments":[],"parameters":[],"stepsCount":0,"attachmentsCount":0,"shouldDisplayMessage":false,"hasContent":false},{"name":"Open 'Details' tab","time":{"start":1681914137160,"stop":1681914137362,"duration":202},"status":"passed","steps":[{"name":"Click on the element","time":{"start":1681914137329,"stop":1681914137362,"duration":33},"status":"passed","steps":[],"attachments":[],"parameters":[{"name":"locator","value":"By.xpath: //*[contains(@class,'windowViewMode') and contains(@class,'active')]//a[@data-label='Details' or @title='Details']"}],"stepsCount":0,"attachmentsCount":0,"shouldDisplayMessage":false,"hasContent":true}],"attachments":[],"parameters":[{"name":"tabName","value":"Details"}],"stepsCount":1,"attachmentsCount":0,"shouldDisplayMessage":false,"hasContent":true},{"name":"Validation of entered data","time":{"start":1681914137362,"stop":1681914140869,"duration":3507},"status":"passed","steps":[],"attachments":[],"parameters":[{"name":"data","value":"{Reports To=Berry Reilly Shields, Email=antwan.stroman@hotmail.com, Description=Expedita id at eaque., Languages=test, Home Phone=710.272.2812, Account Name=Emory Harber, Department=test, Assistant=test, Phone=337.754.9215 x4481, Lead Source=Other, Title=any title, Other Phone=582.119.4981 x12420, Birthdate=9/27/2022, Mobile=(985) 688-7154 x602, Asst. Phone=1-683-461-5662, Multiselect=Yes;Maybe, Level=Primary, BVT check=false, Fax=test}"}],"stepsCount":0,"attachmentsCount":0,"shouldDisplayMessage":false,"hasContent":true},{"name":"Open additional actions","time":{"start":1681914140870,"stop":1681914146267,"duration":5397},"status":"failed","statusMessage":"Element not found {By.xpath: //*[contains(@class,'windowViewMode') and contains(@class,'active')]//lightning-button-menu[contains(@class, 'menu-button-item')]}\nExpected: exist\nScreenshot: file:/home/runner/work/SSC/SSC/build/reports/tests/1681914145890.12.png\nPage source: file:/home/runner/work/SSC/SSC/build/reports/tests/1681914145890.12.html\nTimeout: 5 s.\nCaused by: NoSuchElementException: no such element: Unable to locate element: {\"method\":\"xpath\",\"selector\":\"//*[contains(@class,'windowViewMode') and contains(@class,'active')]//lightning-button-menu[contains(@class, 'menu-button-item')]\"}","statusTrace":"Element not found {By.xpath: //*[contains(@class,'windowViewMode') and contains(@class,'active')]//lightning-button-menu[contains(@class, 'menu-button-item')]}\nExpected: exist\nScreenshot: file:/home/runner/work/SSC/SSC/build/reports/tests/1681914145890.12.png\nPage source: file:/home/runner/work/SSC/SSC/build/reports/tests/1681914145890.12.html\nTimeout: 5 s.\nCaused by: NoSuchElementException: no such element: Unable to locate element: {\"method\":\"xpath\",\"selector\":\"//*[contains(@class,'windowViewMode') and contains(@class,'active')]//lightning-button-menu[contains(@class, 'menu-button-item')]\"}\n\tat com.codeborne.selenide.impl.WebElementSource.createElementNotFoundError(WebElementSource.java:87)\n\tat com.codeborne.selenide.impl.ElementFinder.createElementNotFoundError(ElementFinder.java:142)\n\tat com.codeborne.selenide.impl.ExceptionWrapper.wrap(ExceptionWrapper.java:32)\n\tat com.codeborne.selenide.impl.SelenideElementProxy.dispatchAndRetry(SelenideElementProxy.java:152)\n\tat com.codeborne.selenide.impl.SelenideElementProxy.invoke(SelenideElementProxy.java:82)\n\tat com.sun.proxy.$Proxy30.getWrappedElement(Unknown Source)\n\tat org.openqa.selenium.remote.internal.WebElementToJsonConverter.apply(WebElementToJsonConverter.java:51)\n\tat java.base/java.util.stream.ReferencePipeline$3$1.accept(ReferencePipeline.java:195)\n\tat java.base/java.util.Spliterators$ArraySpliterator.forEachRemaining(Spliterators.java:948)\n\tat java.base/java.util.stream.AbstractPipeline.copyInto(AbstractPipeline.java:484)\n\tat java.base/java.util.stream.AbstractPipeline.wrapAndCopyInto(AbstractPipeline.java:474)\n\tat java.base/java.util.stream.ReduceOps$ReduceOp.evaluateSequential(ReduceOps.java:913)\n\tat java.base/java.util.stream.AbstractPipeline.evaluate(AbstractPipeline.java:234)\n\tat java.base/java.util.stream.ReferencePipeline.collect(ReferencePipeline.java:578)\n\tat org.openqa.selenium.remote.RemoteWebDriver.executeScript(RemoteWebDriver.java:469)\n\tat com.codeborne.selenide.Driver.executeJavaScript(Driver.java:56)\n\tat com.codeborne.selenide.SelenideDriver.executeJavaScript(SelenideDriver.java:234)\n\tat com.codeborne.selenide.Selenide.executeJavaScript(Selenide.java:550)\n\tat io.github.dzmitryrak.pages.BasePage.clickJS(BasePage.java:39)\n\tat io.github.dzmitryrak.pages.ObjectAction.moreActions(ObjectAction.java:79)\n\tat io.github.dzmitryrak.tests.ContactCRUDTest.editContact(ContactCRUDTest.java:182)\n\tat java.base/jdk.internal.reflect.NativeMethodAccessorImpl.invoke0(Native Method)\n\tat java.base/jdk.internal.reflect.NativeMethodAccessorImpl.invoke(NativeMethodAccessorImpl.java:62)\n\tat java.base/jdk.internal.reflect.DelegatingMethodAccessorImpl.invoke(DelegatingMethodAccessorImpl.java:43)\n\tat java.base/java.lang.reflect.Method.invoke(Method.java:566)\n\tat org.testng.internal.invokers.MethodInvocationHelper.invokeMethod(MethodInvocationHelper.java:139)\n\tat org.testng.internal.invokers.TestInvoker.invokeMethod(TestInvoker.java:677)\n\tat org.testng.internal.invokers.TestInvoker.invokeTestMethod(TestInvoker.java:221)\n\tat org.testng.internal.invokers.MethodRunner.runInSequence(MethodRunner.java:50)\n\tat org.testng.internal.invokers.TestInvoker$MethodInvocationAgent.invoke(TestInvoker.java:969)\n\tat org.testng.internal.invokers.TestInvoker.invokeTestMethods(TestInvoker.java:194)\n\tat org.testng.internal.invokers.TestMethodWorker.invokeTestMethods(TestMethodWorker.java:148)\n\tat org.testng.internal.invokers.TestMethodWorker.run(TestMethodWorker.java:128)\n\tat java.base/java.util.ArrayList.forEach(ArrayList.java:1541)\n\tat org.testng.TestRunner.privateRun(TestRunner.java:829)\n\tat org.testng.TestRunner.run(TestRunner.java:602)\n\tat org.testng.SuiteRunner.runTest(SuiteRunner.java:437)\n\tat org.testng.SuiteRunner$SuiteWorker.run(SuiteRunner.java:475)\n\tat org.testng.internal.thread.ThreadUtil.lambda$execute$0(ThreadUtil.java:58)\n\tat java.base/java.util.concurrent.FutureTask.run(FutureTask.java:264)\n\tat java.base/java.util.concurrent.ThreadPoolExecutor.runWorker(ThreadPoolExecutor.java:1128)\n\tat java.base/java.util.concurrent.ThreadPoolExecutor$Worker.run(ThreadPoolExecutor.java:628)\n\tat java.base/java.lang.Thread.run(Thread.java:829)\nCaused by: org.openqa.selenium.NoSuchElementException: no such element: Unable to locate element: {\"method\":\"xpath\",\"selector\":\"//*[contains(@class,'windowViewMode') and contains(@class,'active')]//lightning-button-menu[contains(@class, 'menu-button-item')]\"}\n  (Session info: headless chrome=112.0.5615.49)\nFor documentation on this error, please visit: https://selenium.dev/exceptions/#no_such_element\nBuild info: version: '4.7.2', revision: '4d4020c3b7'\nSystem info: os.name: 'Linux', os.arch: 'amd64', os.version: '5.15.0-1035-azure', java.version: '11.0.18'\nDriver info: org.openqa.selenium.chrome.ChromeDriver\nCommand: [53582484b8c03c89cabc3e3450664bc8, findElement {using=xpath, value=//*[contains(@class,'windowViewMode') and contains(@class,'active')]//lightning-button-menu[contains(@class, 'menu-button-item')]}]\nCapabilities {acceptInsecureCerts: true, browserName: chrome, browserVersion: 112.0.5615.49, chrome: {chromedriverVersion: 112.0.5615.49 (bd2a7bcb881c..., userDataDir: /tmp/.com.google.Chrome.XCMG5a}, goog:chromeOptions: {debuggerAddress: localhost:35407}, networkConnectionEnabled: false, pageLoadStrategy: normal, platformName: LINUX, proxy: Proxy(), se:cdp: ws://localhost:35407/devtoo..., se:cdpVersion: 112.0.5615.49, setWindowRect: true, strictFileInteractability: false, timeouts: {implicit: 0, pageLoad: 300000, script: 30000}, unhandledPromptBehavior: accept, webauthn:extension:credBlob: true, webauthn:extension:largeBlob: true, webauthn:extension:minPinLength: true, webauthn:extension:prf: true, webauthn:virtualAuthenticators: true}\nSession ID: 53582484b8c03c89cabc3e3450664bc8\n\tat jdk.internal.reflect.GeneratedConstructorAccessor32.newInstance(Unknown Source)\n\tat java.base/jdk.internal.reflect.DelegatingConstructorAccessorImpl.newInstance(DelegatingConstructorAccessorImpl.java:45)\n\tat java.base/java.lang.reflect.Constructor.newInstance(Constructor.java:490)\n\tat org.openqa.selenium.remote.codec.w3c.W3CHttpResponseCodec.createException(W3CHttpResponseCodec.java:200)\n\tat org.openqa.selenium.remote.codec.w3c.W3CHttpResponseCodec.decode(W3CHttpResponseCodec.java:133)\n\tat org.openqa.selenium.remote.codec.w3c.W3CHttpResponseCodec.decode(W3CHttpResponseCodec.java:53)\n\tat org.openqa.selenium.remote.HttpCommandExecutor.execute(HttpCommandExecutor.java:184)\n\tat org.openqa.selenium.remote.service.DriverCommandExecutor.invokeExecute(DriverCommandExecutor.java:167)\n\tat org.openqa.selenium.remote.service.DriverCommandExecutor.execute(DriverCommandExecutor.java:142)\n\tat org.openqa.selenium.remote.RemoteWebDriver.execute(RemoteWebDriver.java:535)\n\tat org.openqa.selenium.remote.ElementLocation$ElementFinder$2.findElement(ElementLocation.java:162)\n\tat org.openqa.selenium.remote.ElementLocation.findElement(ElementLocation.java:60)\n\tat org.openqa.selenium.remote.RemoteWebDriver.findElement(RemoteWebDriver.java:351)\n\tat org.openqa.selenium.remote.RemoteWebDriver.findElement(RemoteWebDriver.java:343)\n\tat com.codeborne.selenide.impl.WebElementSelector.findElement(WebElementSelector.java:70)\n\tat com.codeborne.selenide.impl.WebElementSelector.findElement(WebElementSelector.java:44)\n\tat com.codeborne.selenide.impl.WebElementSelector.findElement(WebElementSelector.java:33)\n\tat com.codeborne.selenide.impl.ElementFinder.getWebElement(ElementFinder.java:122)\n\tat com.codeborne.selenide.commands.GetWrappedElement.execute(GetWrappedElement.java:19)\n\tat com.codeborne.selenide.commands.GetWrappedElement.execute(GetWrappedElement.java:13)\n\tat com.codeborne.selenide.commands.Commands.execute(Commands.java:158)\n\tat com.codeborne.selenide.impl.SelenideElementProxy.dispatchAndRetry(SelenideElementProxy.java:130)\n\t... 39 more\n","steps":[{"name":"Click on the element","time":{"start":1681914140870,"stop":1681914146264,"duration":5394},"status":"failed","statusMessage":"Element not found {By.xpath: //*[contains(@class,'windowViewMode') and contains(@class,'active')]//lightning-button-menu[contains(@class, 'menu-button-item')]}\nExpected: exist\nScreenshot: file:/home/runner/work/SSC/SSC/build/reports/tests/1681914145890.12.png\nPage source: file:/home/runner/work/SSC/SSC/build/reports/tests/1681914145890.12.html\nTimeout: 5 s.\nCaused by: NoSuchElementException: no such element: Unable to locate element: {\"method\":\"xpath\",\"selector\":\"//*[contains(@class,'windowViewMode') and contains(@class,'active')]//lightning-button-menu[contains(@class, 'menu-button-item')]\"}","statusTrace":"Element not found {By.xpath: //*[contains(@class,'windowViewMode') and contains(@class,'active')]//lightning-button-menu[contains(@class, 'menu-button-item')]}\nExpected: exist\nScreenshot: file:/home/runner/work/SSC/SSC/build/reports/tests/1681914145890.12.png\nPage source: file:/home/runner/work/SSC/SSC/build/reports/tests/1681914145890.12.html\nTimeout: 5 s.\nCaused by: NoSuchElementException: no such element: Unable to locate element: {\"method\":\"xpath\",\"selector\":\"//*[contains(@class,'windowViewMode') and contains(@class,'active')]//lightning-button-menu[contains(@class, 'menu-button-item')]\"}\n\tat com.codeborne.selenide.impl.WebElementSource.createElementNotFoundError(WebElementSource.java:87)\n\tat com.codeborne.selenide.impl.ElementFinder.createElementNotFoundError(ElementFinder.java:142)\n\tat com.codeborne.selenide.impl.ExceptionWrapper.wrap(ExceptionWrapper.java:32)\n\tat com.codeborne.selenide.impl.SelenideElementProxy.dispatchAndRetry(SelenideElementProxy.java:152)\n\tat com.codeborne.selenide.impl.SelenideElementProxy.invoke(SelenideElementProxy.java:82)\n\tat com.sun.proxy.$Proxy30.getWrappedElement(Unknown Source)\n\tat org.openqa.selenium.remote.internal.WebElementToJsonConverter.apply(WebElementToJsonConverter.java:51)\n\tat java.base/java.util.stream.ReferencePipeline$3$1.accept(ReferencePipeline.java:195)\n\tat java.base/java.util.Spliterators$ArraySpliterator.forEachRemaining(Spliterators.java:948)\n\tat java.base/java.util.stream.AbstractPipeline.copyInto(AbstractPipeline.java:484)\n\tat java.base/java.util.stream.AbstractPipeline.wrapAndCopyInto(AbstractPipeline.java:474)\n\tat java.base/java.util.stream.ReduceOps$ReduceOp.evaluateSequential(ReduceOps.java:913)\n\tat java.base/java.util.stream.AbstractPipeline.evaluate(AbstractPipeline.java:234)\n\tat java.base/java.util.stream.ReferencePipeline.collect(ReferencePipeline.java:578)\n\tat org.openqa.selenium.remote.RemoteWebDriver.executeScript(RemoteWebDriver.java:469)\n\tat com.codeborne.selenide.Driver.executeJavaScript(Driver.java:56)\n\tat com.codeborne.selenide.SelenideDriver.executeJavaScript(SelenideDriver.java:234)\n\tat com.codeborne.selenide.Selenide.executeJavaScript(Selenide.java:550)\n\tat io.github.dzmitryrak.pages.BasePage.clickJS(BasePage.java:39)\n\tat io.github.dzmitryrak.pages.ObjectAction.moreActions(ObjectAction.java:79)\n\tat io.github.dzmitryrak.tests.ContactCRUDTest.editContact(ContactCRUDTest.java:182)\n\tat java.base/jdk.internal.reflect.NativeMethodAccessorImpl.invoke0(Native Method)\n\tat java.base/jdk.internal.reflect.NativeMethodAccessorImpl.invoke(NativeMethodAccessorImpl.java:62)\n\tat java.base/jdk.internal.reflect.DelegatingMethodAccessorImpl.invoke(DelegatingMethodAccessorImpl.java:43)\n\tat java.base/java.lang.reflect.Method.invoke(Method.java:566)\n\tat org.testng.internal.invokers.MethodInvocationHelper.invokeMethod(MethodInvocationHelper.java:139)\n\tat org.testng.internal.invokers.TestInvoker.invokeMethod(TestInvoker.java:677)\n\tat org.testng.internal.invokers.TestInvoker.invokeTestMethod(TestInvoker.java:221)\n\tat org.testng.internal.invokers.MethodRunner.runInSequence(MethodRunner.java:50)\n\tat org.testng.internal.invokers.TestInvoker$MethodInvocationAgent.invoke(TestInvoker.java:969)\n\tat org.testng.internal.invokers.TestInvoker.invokeTestMethods(TestInvoker.java:194)\n\tat org.testng.internal.invokers.TestMethodWorker.invokeTestMethods(TestMethodWorker.java:148)\n\tat org.testng.internal.invokers.TestMethodWorker.run(TestMethodWorker.java:128)\n\tat java.base/java.util.ArrayList.forEach(ArrayList.java:1541)\n\tat org.testng.TestRunner.privateRun(TestRunner.java:829)\n\tat org.testng.TestRunner.run(TestRunner.java:602)\n\tat org.testng.SuiteRunner.runTest(SuiteRunner.java:437)\n\tat org.testng.SuiteRunner$SuiteWorker.run(SuiteRunner.java:475)\n\tat org.testng.internal.thread.ThreadUtil.lambda$execute$0(ThreadUtil.java:58)\n\tat java.base/java.util.concurrent.FutureTask.run(FutureTask.java:264)\n\tat java.base/java.util.concurrent.ThreadPoolExecutor.runWorker(ThreadPoolExecutor.java:1128)\n\tat java.base/java.util.concurrent.ThreadPoolExecutor$Worker.run(ThreadPoolExecutor.java:628)\n\tat java.base/java.lang.Thread.run(Thread.java:829)\nCaused by: org.openqa.selenium.NoSuchElementException: no such element: Unable to locate element: {\"method\":\"xpath\",\"selector\":\"//*[contains(@class,'windowViewMode') and contains(@class,'active')]//lightning-button-menu[contains(@class, 'menu-button-item')]\"}\n  (Session info: headless chrome=112.0.5615.49)\nFor documentation on this error, please visit: https://selenium.dev/exceptions/#no_such_element\nBuild info: version: '4.7.2', revision: '4d4020c3b7'\nSystem info: os.name: 'Linux', os.arch: 'amd64', os.version: '5.15.0-1035-azure', java.version: '11.0.18'\nDriver info: org.openqa.selenium.chrome.ChromeDriver\nCommand: [53582484b8c03c89cabc3e3450664bc8, findElement {using=xpath, value=//*[contains(@class,'windowViewMode') and contains(@class,'active')]//lightning-button-menu[contains(@class, 'menu-button-item')]}]\nCapabilities {acceptInsecureCerts: true, browserName: chrome, browserVersion: 112.0.5615.49, chrome: {chromedriverVersion: 112.0.5615.49 (bd2a7bcb881c..., userDataDir: /tmp/.com.google.Chrome.XCMG5a}, goog:chromeOptions: {debuggerAddress: localhost:35407}, networkConnectionEnabled: false, pageLoadStrategy: normal, platformName: LINUX, proxy: Proxy(), se:cdp: ws://localhost:35407/devtoo..., se:cdpVersion: 112.0.5615.49, setWindowRect: true, strictFileInteractability: false, timeouts: {implicit: 0, pageLoad: 300000, script: 30000}, unhandledPromptBehavior: accept, webauthn:extension:credBlob: true, webauthn:extension:largeBlob: true, webauthn:extension:minPinLength: true, webauthn:extension:prf: true, webauthn:virtualAuthenticators: true}\nSession ID: 53582484b8c03c89cabc3e3450664bc8\n\tat jdk.internal.reflect.GeneratedConstructorAccessor32.newInstance(Unknown Source)\n\tat java.base/jdk.internal.reflect.DelegatingConstructorAccessorImpl.newInstance(DelegatingConstructorAccessorImpl.java:45)\n\tat java.base/java.lang.reflect.Constructor.newInstance(Constructor.java:490)\n\tat org.openqa.selenium.remote.codec.w3c.W3CHttpResponseCodec.createException(W3CHttpResponseCodec.java:200)\n\tat org.openqa.selenium.remote.codec.w3c.W3CHttpResponseCodec.decode(W3CHttpResponseCodec.java:133)\n\tat org.openqa.selenium.remote.codec.w3c.W3CHttpResponseCodec.decode(W3CHttpResponseCodec.java:53)\n\tat org.openqa.selenium.remote.HttpCommandExecutor.execute(HttpCommandExecutor.java:184)\n\tat org.openqa.selenium.remote.service.DriverCommandExecutor.invokeExecute(DriverCommandExecutor.java:167)\n\tat org.openqa.selenium.remote.service.DriverCommandExecutor.execute(DriverCommandExecutor.java:142)\n\tat org.openqa.selenium.remote.RemoteWebDriver.execute(RemoteWebDriver.java:535)\n\tat org.openqa.selenium.remote.ElementLocation$ElementFinder$2.findElement(ElementLocation.java:162)\n\tat org.openqa.selenium.remote.ElementLocation.findElement(ElementLocation.java:60)\n\tat org.openqa.selenium.remote.RemoteWebDriver.findElement(RemoteWebDriver.java:351)\n\tat org.openqa.selenium.remote.RemoteWebDriver.findElement(RemoteWebDriver.java:343)\n\tat com.codeborne.selenide.impl.WebElementSelector.findElement(WebElementSelector.java:70)\n\tat com.codeborne.selenide.impl.WebElementSelector.findElement(WebElementSelector.java:44)\n\tat com.codeborne.selenide.impl.WebElementSelector.findElement(WebElementSelector.java:33)\n\tat com.codeborne.selenide.impl.ElementFinder.getWebElement(ElementFinder.java:122)\n\tat com.codeborne.selenide.commands.GetWrappedElement.execute(GetWrappedElement.java:19)\n\tat com.codeborne.selenide.commands.GetWrappedElement.execute(GetWrappedElement.java:13)\n\tat com.codeborne.selenide.commands.Commands.execute(Commands.java:158)\n\tat com.codeborne.selenide.impl.SelenideElementProxy.dispatchAndRetry(SelenideElementProxy.java:130)\n\t... 39 more\n","steps":[],"attachments":[{"uid":"68e00934f18a6922","name":"Screenshot","source":"68e00934f18a6922.png","type":"image/png","size":173219}],"parameters":[{"name":"locator","value":"By.xpath: //*[contains(@class,'windowViewMode') and contains(@class,'active')]//lightning-button-menu[contains(@class, 'menu-button-item')]"}],"stepsCount":0,"attachmentsCount":1,"shouldDisplayMessage":true,"hasContent":true}],"attachments":[],"parameters":[],"stepsCount":1,"attachmentsCount":1,"shouldDisplayMessage":false,"hasContent":true}],"attachments":[{"uid":"6ed49ab590bece3b","name":"Screenshot","source":"6ed49ab590bece3b.png","type":"image/png","size":148463}],"parameters":[],"stepsCount":12,"attachmentsCount":2,"shouldDisplayMessage":false,"hasContent":true},"afterStages":[{"name":"Close browser","time":{"start":1681914146287,"stop":1681914146398,"duration":111},"description":"Close browser","status":"passed","steps":[],"attachments":[],"parameters":[],"stepsCount":0,"attachmentsCount":0,"shouldDisplayMessage":false,"hasContent":false}],"labels":[{"name":"package","value":"io.github.dzmitryrak.tests.ContactCRUDTest"},{"name":"testClass","value":"io.github.dzmitryrak.tests.ContactCRUDTest"},{"name":"testMethod","value":"editContact"},{"name":"parentSuite","value":"Build Verification Test"},{"name":"suite","value":"CRUD for Contact"},{"name":"subSuite","value":"io.github.dzmitryrak.tests.ContactCRUDTest"},{"name":"host","value":"fv-az1030-647"},{"name":"thread","value":"2523@fv-az1030-647.TestNG-tests-2(17)"},{"name":"framework","value":"testng"},{"name":"language","value":"java"},{"name":"resultFormat","value":"allure2"}],"parameters":[],"links":[],"hidden":false,"retry":false,"extra":{"severity":"normal","retries":[],"categories":[{"name":"Product defects","matchedStatuses":[],"flaky":false}],"history":{"statistic":{"failed":1,"broken":0,"skipped":3,"passed":10,"unknown":0,"total":14},"items":[{"uid":"65a4b0e4e85b096d","reportUrl":"https://dzmitryrak.github.io/SSC/238//#testresult/65a4b0e4e85b096d","status":"passed","time":{"start":1681912565642,"stop":1681912658661,"duration":93019}},{"uid":"fa46fa1dbe6ee956","reportUrl":"https://dzmitryrak.github.io/SSC/236//#testresult/fa46fa1dbe6ee956","status":"passed","time":{"start":1681487968544,"stop":1681488058042,"duration":89498}},{"uid":"9041a35cf860e91","reportUrl":"https://dzmitryrak.github.io/SSC/235//#testresult/9041a35cf860e91","status":"passed","time":{"start":1681476861925,"stop":1681476951136,"duration":89211}},{"uid":"4feaa8dfde08d72e","reportUrl":"https://dzmitryrak.github.io/SSC/234//#testresult/4feaa8dfde08d72e","status":"passed","time":{"start":1681476828978,"stop":1681476907901,"duration":78923}},{"uid":"72fbf44cd2244f69","reportUrl":"https://dzmitryrak.github.io/SSC/233//#testresult/72fbf44cd2244f69","status":"passed","time":{"start":1681476767240,"stop":1681476853412,"duration":86172}},{"uid":"896b4294621daba","reportUrl":"https://dzmitryrak.github.io/SSC/232//#testresult/896b4294621daba","status":"passed","time":{"start":1681368252044,"stop":1681368370759,"duration":118715}},{"uid":"d8607aab3f8bf5ff","reportUrl":"https://dzmitryrak.github.io/SSC/231//#testresult/d8607aab3f8bf5ff","status":"passed","time":{"start":1681305292375,"stop":1681305387279,"duration":94904}},{"uid":"7e839090c8511fb","reportUrl":"https://dzmitryrak.github.io/SSC/231//#testresult/7e839090c8511fb","status":"passed","time":{"start":1681303369550,"stop":1681303492724,"duration":123174}},{"uid":"e7860597a1fa68d1","reportUrl":"https://dzmitryrak.github.io/SSC/231//#testresult/e7860597a1fa68d1","status":"passed","time":{"start":1681302641373,"stop":1681302747614,"duration":106241}},{"uid":"3157755ff01a92cf","reportUrl":"https://dzmitryrak.github.io/SSC/229//#testresult/3157755ff01a92cf","status":"skipped","statusDetails":"Unable to establish websocket connection to http://localhost:36691/devtools/browser/67238d65-89e7-4279-acfd-98efa3ddc57f\nBuild info: version: '4.7.2', revision: '4d4020c3b7'\nSystem info: os.name: 'Linux', os.arch: 'amd64', os.version: '5.15.0-1035-azure', java.version: '11.0.18'\nDriver info: driver.version: SelenideDriver","time":{"start":1681301162915,"stop":1681301162915,"duration":0}},{"uid":"e0bfc7d8bbffd4d8","reportUrl":"https://dzmitryrak.github.io/SSC/230//#testresult/e0bfc7d8bbffd4d8","status":"skipped","statusDetails":"Unable to establish websocket connection to http://localhost:38831/devtools/browser/92d18f1c-a078-4056-8846-de52f728c694\nBuild info: version: '4.7.2', revision: '4d4020c3b7'\nSystem info: os.name: 'Linux', os.arch: 'amd64', os.version: '5.15.0-1035-azure', java.version: '11.0.18'\nDriver info: driver.version: SelenideDriver","time":{"start":1681300794403,"stop":1681300794403,"duration":0}},{"uid":"d599e4e004f27b1c","reportUrl":"https://dzmitryrak.github.io/SSC/230//#testresult/d599e4e004f27b1c","status":"skipped","statusDetails":"Unable to establish websocket connection to http://localhost:42409/devtools/browser/5591e36a-f99b-4062-a266-021b13789800\nBuild info: version: '4.7.2', revision: '4d4020c3b7'\nSystem info: os.name: 'Linux', os.arch: 'amd64', os.version: '5.15.0-1034-azure', java.version: '11.0.18'\nDriver info: driver.version: SelenideDriver","time":{"start":1679051677229,"stop":1679051677229,"duration":0}},{"uid":"9371b8ec98cd7fa3","reportUrl":"https://dzmitryrak.github.io/SSC/229//#testresult/9371b8ec98cd7fa3","status":"passed","time":{"start":1678955699714,"stop":1678955790810,"duration":91096}}]},"tags":[]},"source":"77df25ee2aa5b410.json","parameterValues":[]}