{"uid":"952f1820ec8f8a92","name":"Check Error Message","fullName":"io.github.dzmitryrak.tests.ReadModalErrorTest.testErrorMessage","historyId":"ee8ee0efbf3df5636f33ebdbae188b0b","time":{"start":1681914166789,"stop":1681914202870,"duration":36081},"status":"failed","statusMessage":"expected [Review the following fields\nName\nBirthdate] but found [Review the following fields\nName]","statusTrace":"java.lang.AssertionError: expected [Review the following fields\nName\nBirthdate] but found [Review the following fields\nName]\n\tat org.testng.Assert.fail(Assert.java:110)\n\tat org.testng.Assert.failNotEquals(Assert.java:1413)\n\tat org.testng.Assert.assertEqualsImpl(Assert.java:149)\n\tat org.testng.Assert.assertEquals(Assert.java:131)\n\tat org.testng.Assert.assertEquals(Assert.java:655)\n\tat org.testng.Assert.assertEquals(Assert.java:665)\n\tat io.github.dzmitryrak.tests.ReadModalErrorTest.testErrorMessage(ReadModalErrorTest.java:20)\n\tat java.base/jdk.internal.reflect.NativeMethodAccessorImpl.invoke0(Native Method)\n\tat java.base/jdk.internal.reflect.NativeMethodAccessorImpl.invoke(NativeMethodAccessorImpl.java:62)\n\tat java.base/jdk.internal.reflect.DelegatingMethodAccessorImpl.invoke(DelegatingMethodAccessorImpl.java:43)\n\tat java.base/java.lang.reflect.Method.invoke(Method.java:566)\n\tat org.testng.internal.invokers.MethodInvocationHelper.invokeMethod(MethodInvocationHelper.java:139)\n\tat org.testng.internal.invokers.TestInvoker.invokeMethod(TestInvoker.java:677)\n\tat org.testng.internal.invokers.TestInvoker.invokeTestMethod(TestInvoker.java:221)\n\tat org.testng.internal.invokers.MethodRunner.runInSequence(MethodRunner.java:50)\n\tat org.testng.internal.invokers.TestInvoker$MethodInvocationAgent.invoke(TestInvoker.java:969)\n\tat org.testng.internal.invokers.TestInvoker.invokeTestMethods(TestInvoker.java:194)\n\tat org.testng.internal.invokers.TestMethodWorker.invokeTestMethods(TestMethodWorker.java:148)\n\tat org.testng.internal.invokers.TestMethodWorker.run(TestMethodWorker.java:128)\n\tat java.base/java.util.ArrayList.forEach(ArrayList.java:1541)\n\tat org.testng.TestRunner.privateRun(TestRunner.java:829)\n\tat org.testng.TestRunner.run(TestRunner.java:602)\n\tat org.testng.SuiteRunner.runTest(SuiteRunner.java:437)\n\tat org.testng.SuiteRunner$SuiteWorker.run(SuiteRunner.java:475)\n\tat org.testng.internal.thread.ThreadUtil.lambda$execute$0(ThreadUtil.java:58)\n\tat java.base/java.util.concurrent.FutureTask.run(FutureTask.java:264)\n\tat java.base/java.util.concurrent.ThreadPoolExecutor.runWorker(ThreadPoolExecutor.java:1128)\n\tat java.base/java.util.concurrent.ThreadPoolExecutor$Worker.run(ThreadPoolExecutor.java:628)\n\tat java.base/java.lang.Thread.run(Thread.java:829)\n","flaky":false,"newFailed":true,"newBroken":false,"newPassed":false,"retriesCount":0,"retriesStatusChange":false,"beforeStages":[{"name":"Open browser","time":{"start":1681914166264,"stop":1681914166787,"duration":523},"description":"Open browser","status":"passed","steps":[],"attachments":[],"parameters":[],"stepsCount":0,"attachmentsCount":0,"shouldDisplayMessage":false,"hasContent":false}],"testStage":{"status":"failed","statusMessage":"expected [Review the following fields\nName\nBirthdate] but found [Review the following fields\nName]","statusTrace":"java.lang.AssertionError: expected [Review the following fields\nName\nBirthdate] but found [Review the following fields\nName]\n\tat org.testng.Assert.fail(Assert.java:110)\n\tat org.testng.Assert.failNotEquals(Assert.java:1413)\n\tat org.testng.Assert.assertEqualsImpl(Assert.java:149)\n\tat org.testng.Assert.assertEquals(Assert.java:131)\n\tat org.testng.Assert.assertEquals(Assert.java:655)\n\tat org.testng.Assert.assertEquals(Assert.java:665)\n\tat io.github.dzmitryrak.tests.ReadModalErrorTest.testErrorMessage(ReadModalErrorTest.java:20)\n\tat java.base/jdk.internal.reflect.NativeMethodAccessorImpl.invoke0(Native Method)\n\tat java.base/jdk.internal.reflect.NativeMethodAccessorImpl.invoke(NativeMethodAccessorImpl.java:62)\n\tat java.base/jdk.internal.reflect.DelegatingMethodAccessorImpl.invoke(DelegatingMethodAccessorImpl.java:43)\n\tat java.base/java.lang.reflect.Method.invoke(Method.java:566)\n\tat org.testng.internal.invokers.MethodInvocationHelper.invokeMethod(MethodInvocationHelper.java:139)\n\tat org.testng.internal.invokers.TestInvoker.invokeMethod(TestInvoker.java:677)\n\tat org.testng.internal.invokers.TestInvoker.invokeTestMethod(TestInvoker.java:221)\n\tat org.testng.internal.invokers.MethodRunner.runInSequence(MethodRunner.java:50)\n\tat org.testng.internal.invokers.TestInvoker$MethodInvocationAgent.invoke(TestInvoker.java:969)\n\tat org.testng.internal.invokers.TestInvoker.invokeTestMethods(TestInvoker.java:194)\n\tat org.testng.internal.invokers.TestMethodWorker.invokeTestMethods(TestMethodWorker.java:148)\n\tat org.testng.internal.invokers.TestMethodWorker.run(TestMethodWorker.java:128)\n\tat java.base/java.util.ArrayList.forEach(ArrayList.java:1541)\n\tat org.testng.TestRunner.privateRun(TestRunner.java:829)\n\tat org.testng.TestRunner.run(TestRunner.java:602)\n\tat org.testng.SuiteRunner.runTest(SuiteRunner.java:437)\n\tat org.testng.SuiteRunner$SuiteWorker.run(SuiteRunner.java:475)\n\tat org.testng.internal.thread.ThreadUtil.lambda$execute$0(ThreadUtil.java:58)\n\tat java.base/java.util.concurrent.FutureTask.run(FutureTask.java:264)\n\tat java.base/java.util.concurrent.ThreadPoolExecutor.runWorker(ThreadPoolExecutor.java:1128)\n\tat java.base/java.util.concurrent.ThreadPoolExecutor$Worker.run(ThreadPoolExecutor.java:628)\n\tat java.base/java.lang.Thread.run(Thread.java:829)\n","steps":[{"name":"Open Login Page","time":{"start":1681914166789,"stop":1681914169054,"duration":2265},"status":"passed","steps":[],"attachments":[],"parameters":[],"stepsCount":0,"attachmentsCount":0,"shouldDisplayMessage":false,"hasContent":false},{"name":"Login by user: drak@tms.sandbox","time":{"start":1681914169054,"stop":1681914169724,"duration":670},"status":"passed","steps":[],"attachments":[],"parameters":[{"name":"username","value":"drak@tms.sandbox"},{"name":"password","value":"password03"}],"stepsCount":0,"attachmentsCount":0,"shouldDisplayMessage":false,"hasContent":true},{"name":"Opening List View","time":{"start":1681914169725,"stop":1681914176916,"duration":7191},"status":"passed","steps":[],"attachments":[],"parameters":[{"name":"listViewName","value":"Contact"}],"stepsCount":0,"attachmentsCount":0,"shouldDisplayMessage":false,"hasContent":true},{"name":"Click New action","time":{"start":1681914176916,"stop":1681914177268,"duration":352},"status":"passed","steps":[],"attachments":[],"parameters":[{"name":"actionName","value":"New"}],"stepsCount":0,"attachmentsCount":0,"shouldDisplayMessage":false,"hasContent":true},{"name":"Filling the field Birthdate using value tet","time":{"start":1681914201449,"stop":1681914202025,"duration":576},"status":"passed","steps":[],"attachments":[],"parameters":[{"name":"field","value":"Birthdate"},{"name":"value","value":"tet"}],"stepsCount":0,"attachmentsCount":0,"shouldDisplayMessage":false,"hasContent":true},{"name":"Click on Save button","time":{"start":1681914202025,"stop":1681914202196,"duration":171},"status":"passed","steps":[],"attachments":[],"parameters":[],"stepsCount":0,"attachmentsCount":0,"shouldDisplayMessage":false,"hasContent":false},{"name":"Get Error Messages","time":{"start":1681914202196,"stop":1681914202822,"duration":626},"status":"passed","steps":[],"attachments":[],"parameters":[],"stepsCount":0,"attachmentsCount":0,"shouldDisplayMessage":false,"hasContent":false}],"attachments":[{"uid":"f7fbad7937ff5b05","name":"Screenshot","source":"f7fbad7937ff5b05.png","type":"image/png","size":148463}],"parameters":[],"stepsCount":7,"attachmentsCount":1,"shouldDisplayMessage":true,"hasContent":true},"afterStages":[{"name":"Close browser","time":{"start":1681914202874,"stop":1681914203005,"duration":131},"description":"Close browser","status":"passed","steps":[],"attachments":[],"parameters":[],"stepsCount":0,"attachmentsCount":0,"shouldDisplayMessage":false,"hasContent":false}],"labels":[{"name":"package","value":"io.github.dzmitryrak.tests.ReadModalErrorTest"},{"name":"testClass","value":"io.github.dzmitryrak.tests.ReadModalErrorTest"},{"name":"testMethod","value":"testErrorMessage"},{"name":"parentSuite","value":"Build Verification Test"},{"name":"suite","value":"Others"},{"name":"subSuite","value":"io.github.dzmitryrak.tests.ReadModalErrorTest"},{"name":"host","value":"fv-az1030-647"},{"name":"thread","value":"2523@fv-az1030-647.TestNG-tests-1(16)"},{"name":"framework","value":"testng"},{"name":"language","value":"java"},{"name":"resultFormat","value":"allure2"}],"parameters":[],"links":[],"hidden":false,"retry":false,"extra":{"severity":"normal","retries":[],"categories":[{"name":"Product defects","matchedStatuses":[],"flaky":false}],"history":{"statistic":{"failed":1,"broken":0,"skipped":3,"passed":10,"unknown":0,"total":14},"items":[{"uid":"371b50f0bb1b3fa0","reportUrl":"https://dzmitryrak.github.io/SSC/238//#testresult/371b50f0bb1b3fa0","status":"passed","time":{"start":1681912642541,"stop":1681912679071,"duration":36530}},{"uid":"dfef4850cfb79018","reportUrl":"https://dzmitryrak.github.io/SSC/236//#testresult/dfef4850cfb79018","status":"passed","time":{"start":1681488038725,"stop":1681488076810,"duration":38085}},{"uid":"db90a9c43137519f","reportUrl":"https://dzmitryrak.github.io/SSC/235//#testresult/db90a9c43137519f","status":"passed","time":{"start":1681476938294,"stop":1681476981965,"duration":43671}},{"uid":"fe9e15f2900b60fb","reportUrl":"https://dzmitryrak.github.io/SSC/234//#testresult/fe9e15f2900b60fb","status":"passed","time":{"start":1681476859015,"stop":1681476898563,"duration":39548}},{"uid":"c2b9fc088c83582b","reportUrl":"https://dzmitryrak.github.io/SSC/233//#testresult/c2b9fc088c83582b","status":"passed","time":{"start":1681476837274,"stop":1681476873574,"duration":36300}},{"uid":"91ec604412c0bf66","reportUrl":"https://dzmitryrak.github.io/SSC/232//#testresult/91ec604412c0bf66","status":"passed","time":{"start":1681368336460,"stop":1681368375456,"duration":38996}},{"uid":"4266a026705e6c22","reportUrl":"https://dzmitryrak.github.io/SSC/231//#testresult/4266a026705e6c22","status":"passed","time":{"start":1681305382775,"stop":1681305418523,"duration":35748}},{"uid":"371a1a79610df901","reportUrl":"https://dzmitryrak.github.io/SSC/231//#testresult/371a1a79610df901","status":"passed","time":{"start":1681303455932,"stop":1681303498669,"duration":42737}},{"uid":"86ad59370a8a685","reportUrl":"https://dzmitryrak.github.io/SSC/231//#testresult/86ad59370a8a685","status":"passed","time":{"start":1681302747263,"stop":1681302781051,"duration":33788}},{"uid":"d1e0109a1fca9f0d","reportUrl":"https://dzmitryrak.github.io/SSC/229//#testresult/d1e0109a1fca9f0d","status":"skipped","statusDetails":"Unable to establish websocket connection to http://localhost:42629/devtools/browser/ea2cb230-8728-4733-a1ba-78e09131c82f\nBuild info: version: '4.7.2', revision: '4d4020c3b7'\nSystem info: os.name: 'Linux', os.arch: 'amd64', os.version: '5.15.0-1035-azure', java.version: '11.0.18'\nDriver info: driver.version: SelenideDriver","time":{"start":1681301163634,"stop":1681301163634,"duration":0}},{"uid":"94e8a854cb4fd2b8","reportUrl":"https://dzmitryrak.github.io/SSC/230//#testresult/94e8a854cb4fd2b8","status":"skipped","statusDetails":"Unable to establish websocket connection to http://localhost:37853/devtools/browser/a20bc35e-ee57-45c4-af06-caf2cf295b14\nBuild info: version: '4.7.2', revision: '4d4020c3b7'\nSystem info: os.name: 'Linux', os.arch: 'amd64', os.version: '5.15.0-1035-azure', java.version: '11.0.18'\nDriver info: driver.version: SelenideDriver","time":{"start":1681300795187,"stop":1681300795193,"duration":6}},{"uid":"5a9529b27a1440bd","reportUrl":"https://dzmitryrak.github.io/SSC/230//#testresult/5a9529b27a1440bd","status":"skipped","statusDetails":"Unable to establish websocket connection to http://localhost:40773/devtools/browser/efcdb36c-78b4-4f3a-9080-f9c13593c568\nBuild info: version: '4.7.2', revision: '4d4020c3b7'\nSystem info: os.name: 'Linux', os.arch: 'amd64', os.version: '5.15.0-1034-azure', java.version: '11.0.18'\nDriver info: driver.version: SelenideDriver","time":{"start":1679051678067,"stop":1679051678068,"duration":1}},{"uid":"c5e2694a68bea78d","reportUrl":"https://dzmitryrak.github.io/SSC/229//#testresult/c5e2694a68bea78d","status":"passed","time":{"start":1678955774490,"stop":1678955812044,"duration":37554}}]},"tags":[]},"source":"952f1820ec8f8a92.json","parameterValues":[]}