{"uid":"52ee1c7ff6bb23aa","name":"Check Error Message","fullName":"io.github.dzmitryrak.tests.ReadModalErrorTest.testErrorMessage","historyId":"ee8ee0efbf3df5636f33ebdbae188b0b","time":{"start":1678400779809,"stop":1678400814466,"duration":34657},"status":"failed","statusMessage":"expected [Review the following fields\nName\nBirthdate] but found [Review the following fields\nName]","statusTrace":"java.lang.AssertionError: expected [Review the following fields\nName\nBirthdate] but found [Review the following fields\nName]\n\tat org.testng.Assert.fail(Assert.java:110)\n\tat org.testng.Assert.failNotEquals(Assert.java:1413)\n\tat org.testng.Assert.assertEqualsImpl(Assert.java:149)\n\tat org.testng.Assert.assertEquals(Assert.java:131)\n\tat org.testng.Assert.assertEquals(Assert.java:655)\n\tat org.testng.Assert.assertEquals(Assert.java:665)\n\tat io.github.dzmitryrak.tests.ReadModalErrorTest.testErrorMessage(ReadModalErrorTest.java:20)\n\tat java.base/jdk.internal.reflect.NativeMethodAccessorImpl.invoke0(Native Method)\n\tat java.base/jdk.internal.reflect.NativeMethodAccessorImpl.invoke(NativeMethodAccessorImpl.java:62)\n\tat java.base/jdk.internal.reflect.DelegatingMethodAccessorImpl.invoke(DelegatingMethodAccessorImpl.java:43)\n\tat java.base/java.lang.reflect.Method.invoke(Method.java:566)\n\tat org.testng.internal.invokers.MethodInvocationHelper.invokeMethod(MethodInvocationHelper.java:139)\n\tat org.testng.internal.invokers.TestInvoker.invokeMethod(TestInvoker.java:677)\n\tat org.testng.internal.invokers.TestInvoker.invokeTestMethod(TestInvoker.java:221)\n\tat org.testng.internal.invokers.MethodRunner.runInSequence(MethodRunner.java:50)\n\tat org.testng.internal.invokers.TestInvoker$MethodInvocationAgent.invoke(TestInvoker.java:969)\n\tat org.testng.internal.invokers.TestInvoker.invokeTestMethods(TestInvoker.java:194)\n\tat org.testng.internal.invokers.TestMethodWorker.invokeTestMethods(TestMethodWorker.java:148)\n\tat org.testng.internal.invokers.TestMethodWorker.run(TestMethodWorker.java:128)\n\tat java.base/java.util.ArrayList.forEach(ArrayList.java:1541)\n\tat org.testng.TestRunner.privateRun(TestRunner.java:829)\n\tat org.testng.TestRunner.run(TestRunner.java:602)\n\tat org.testng.SuiteRunner.runTest(SuiteRunner.java:437)\n\tat org.testng.SuiteRunner$SuiteWorker.run(SuiteRunner.java:475)\n\tat org.testng.internal.thread.ThreadUtil.lambda$execute$0(ThreadUtil.java:58)\n\tat java.base/java.util.concurrent.FutureTask.run(FutureTask.java:264)\n\tat java.base/java.util.concurrent.ThreadPoolExecutor.runWorker(ThreadPoolExecutor.java:1128)\n\tat java.base/java.util.concurrent.ThreadPoolExecutor$Worker.run(ThreadPoolExecutor.java:628)\n\tat java.base/java.lang.Thread.run(Thread.java:829)\n","flaky":true,"newFailed":true,"newBroken":false,"newPassed":false,"retriesCount":0,"retriesStatusChange":false,"beforeStages":[{"name":"Open browser","time":{"start":1678400779208,"stop":1678400779808,"duration":600},"description":"Open browser","status":"passed","steps":[],"attachments":[],"parameters":[],"stepsCount":0,"attachmentsCount":0,"shouldDisplayMessage":false,"hasContent":false}],"testStage":{"status":"failed","statusMessage":"expected [Review the following fields\nName\nBirthdate] but found [Review the following fields\nName]","statusTrace":"java.lang.AssertionError: expected [Review the following fields\nName\nBirthdate] but found [Review the following fields\nName]\n\tat org.testng.Assert.fail(Assert.java:110)\n\tat org.testng.Assert.failNotEquals(Assert.java:1413)\n\tat org.testng.Assert.assertEqualsImpl(Assert.java:149)\n\tat org.testng.Assert.assertEquals(Assert.java:131)\n\tat org.testng.Assert.assertEquals(Assert.java:655)\n\tat org.testng.Assert.assertEquals(Assert.java:665)\n\tat io.github.dzmitryrak.tests.ReadModalErrorTest.testErrorMessage(ReadModalErrorTest.java:20)\n\tat java.base/jdk.internal.reflect.NativeMethodAccessorImpl.invoke0(Native Method)\n\tat java.base/jdk.internal.reflect.NativeMethodAccessorImpl.invoke(NativeMethodAccessorImpl.java:62)\n\tat java.base/jdk.internal.reflect.DelegatingMethodAccessorImpl.invoke(DelegatingMethodAccessorImpl.java:43)\n\tat java.base/java.lang.reflect.Method.invoke(Method.java:566)\n\tat org.testng.internal.invokers.MethodInvocationHelper.invokeMethod(MethodInvocationHelper.java:139)\n\tat org.testng.internal.invokers.TestInvoker.invokeMethod(TestInvoker.java:677)\n\tat org.testng.internal.invokers.TestInvoker.invokeTestMethod(TestInvoker.java:221)\n\tat org.testng.internal.invokers.MethodRunner.runInSequence(MethodRunner.java:50)\n\tat org.testng.internal.invokers.TestInvoker$MethodInvocationAgent.invoke(TestInvoker.java:969)\n\tat org.testng.internal.invokers.TestInvoker.invokeTestMethods(TestInvoker.java:194)\n\tat org.testng.internal.invokers.TestMethodWorker.invokeTestMethods(TestMethodWorker.java:148)\n\tat org.testng.internal.invokers.TestMethodWorker.run(TestMethodWorker.java:128)\n\tat java.base/java.util.ArrayList.forEach(ArrayList.java:1541)\n\tat org.testng.TestRunner.privateRun(TestRunner.java:829)\n\tat org.testng.TestRunner.run(TestRunner.java:602)\n\tat org.testng.SuiteRunner.runTest(SuiteRunner.java:437)\n\tat org.testng.SuiteRunner$SuiteWorker.run(SuiteRunner.java:475)\n\tat org.testng.internal.thread.ThreadUtil.lambda$execute$0(ThreadUtil.java:58)\n\tat java.base/java.util.concurrent.FutureTask.run(FutureTask.java:264)\n\tat java.base/java.util.concurrent.ThreadPoolExecutor.runWorker(ThreadPoolExecutor.java:1128)\n\tat java.base/java.util.concurrent.ThreadPoolExecutor$Worker.run(ThreadPoolExecutor.java:628)\n\tat java.base/java.lang.Thread.run(Thread.java:829)\n","steps":[{"name":"Open Login Page","time":{"start":1678400779809,"stop":1678400781762,"duration":1953},"status":"passed","steps":[],"attachments":[],"parameters":[],"stepsCount":0,"attachmentsCount":0,"shouldDisplayMessage":false,"hasContent":false},{"name":"Login by user: drak@tms.sandbox","time":{"start":1678400781762,"stop":1678400784660,"duration":2898},"status":"passed","steps":[],"attachments":[],"parameters":[{"name":"username","value":"drak@tms.sandbox"},{"name":"password","value":"password03"}],"stepsCount":0,"attachmentsCount":0,"shouldDisplayMessage":false,"hasContent":true},{"name":"Opening List View","time":{"start":1678400784660,"stop":1678400789713,"duration":5053},"status":"passed","steps":[],"attachments":[],"parameters":[{"name":"listViewName","value":"Contact"}],"stepsCount":0,"attachmentsCount":0,"shouldDisplayMessage":false,"hasContent":true},{"name":"Click New action","time":{"start":1678400789713,"stop":1678400789814,"duration":101},"status":"passed","steps":[],"attachments":[],"parameters":[{"name":"actionName","value":"New"}],"stepsCount":0,"attachmentsCount":0,"shouldDisplayMessage":false,"hasContent":true},{"name":"Filling the field Birthdate using value tet","time":{"start":1678400813168,"stop":1678400813588,"duration":420},"status":"passed","steps":[],"attachments":[],"parameters":[{"name":"field","value":"Birthdate"},{"name":"value","value":"tet"}],"stepsCount":0,"attachmentsCount":0,"shouldDisplayMessage":false,"hasContent":true},{"name":"Click on Save button","time":{"start":1678400813588,"stop":1678400813713,"duration":125},"status":"passed","steps":[],"attachments":[],"parameters":[],"stepsCount":0,"attachmentsCount":0,"shouldDisplayMessage":false,"hasContent":false},{"name":"Get Error Messages","time":{"start":1678400813713,"stop":1678400814450,"duration":737},"status":"passed","steps":[],"attachments":[],"parameters":[],"stepsCount":0,"attachmentsCount":0,"shouldDisplayMessage":false,"hasContent":false}],"attachments":[{"uid":"b242f28f99d6e700","name":"Screenshot","source":"b242f28f99d6e700.png","type":"image/png","size":152203}],"parameters":[],"stepsCount":7,"attachmentsCount":1,"shouldDisplayMessage":true,"hasContent":true},"afterStages":[{"name":"Close browser","time":{"start":1678400814474,"stop":1678400814552,"duration":78},"description":"Close browser","status":"passed","steps":[],"attachments":[],"parameters":[],"stepsCount":0,"attachmentsCount":0,"shouldDisplayMessage":false,"hasContent":false}],"labels":[{"name":"package","value":"io.github.dzmitryrak.tests.ReadModalErrorTest"},{"name":"testClass","value":"io.github.dzmitryrak.tests.ReadModalErrorTest"},{"name":"testMethod","value":"testErrorMessage"},{"name":"parentSuite","value":"Build Verification Test"},{"name":"suite","value":"Others"},{"name":"subSuite","value":"io.github.dzmitryrak.tests.ReadModalErrorTest"},{"name":"host","value":"fv-az283-975"},{"name":"thread","value":"2534@fv-az283-975.TestNG-tests-3(18)"},{"name":"framework","value":"testng"},{"name":"language","value":"java"},{"name":"resultFormat","value":"allure2"}],"parameters":[],"links":[],"hidden":false,"retry":false,"extra":{"severity":"normal","retries":[],"categories":[{"name":"Product defects","matchedStatuses":[],"flaky":false}],"history":{"statistic":{"failed":4,"broken":0,"skipped":0,"passed":15,"unknown":0,"total":19},"items":[{"uid":"d46a64ebfa0bd50d","reportUrl":"https://dzmitryrak.github.io/SSC/220//#testresult/d46a64ebfa0bd50d","status":"passed","time":{"start":1678399202873,"stop":1678399241010,"duration":38137}},{"uid":"64cfd22c6d1150f1","reportUrl":"https://dzmitryrak.github.io/SSC/219//#testresult/64cfd22c6d1150f1","status":"passed","time":{"start":1678397827596,"stop":1678397863393,"duration":35797}},{"uid":"47579c97d44fb086","reportUrl":"https://dzmitryrak.github.io/SSC/218//#testresult/47579c97d44fb086","status":"failed","statusDetails":"expected [Review the following fields\nName\nBirthdate] but found [Review the following fields\nName]","time":{"start":1678396351809,"stop":1678396388901,"duration":37092}},{"uid":"91c58a83f32b01c4","reportUrl":"https://dzmitryrak.github.io/SSC/217//#testresult/91c58a83f32b01c4","status":"passed","time":{"start":1678395007105,"stop":1678395047635,"duration":40530}},{"uid":"d29e65d25ce98a10","reportUrl":"https://dzmitryrak.github.io/SSC/217//#testresult/d29e65d25ce98a10","status":"passed","time":{"start":1678189396895,"stop":1678189432620,"duration":35725}},{"uid":"8f4b25750351e8ce","reportUrl":"https://dzmitryrak.github.io/SSC/217//#testresult/8f4b25750351e8ce","status":"passed","time":{"start":1678119374016,"stop":1678119392630,"duration":18614}},{"uid":"795c18836d4d8ec3","reportUrl":"https://dzmitryrak.github.io/SSC/216//#testresult/795c18836d4d8ec3","status":"passed","time":{"start":1678097731804,"stop":1678097771425,"duration":39621}},{"uid":"1c3bde2078323c2b","reportUrl":"https://dzmitryrak.github.io/SSC/215//#testresult/1c3bde2078323c2b","status":"passed","time":{"start":1678083084953,"stop":1678083128052,"duration":43099}},{"uid":"93f8cb9b238366db","reportUrl":"https://dzmitryrak.github.io/SSC/215//#testresult/93f8cb9b238366db","status":"passed","time":{"start":1678060084350,"stop":1678060125332,"duration":40982}},{"uid":"a26e50893e2c5b62","reportUrl":"https://dzmitryrak.github.io/SSC/213//#testresult/a26e50893e2c5b62","status":"passed","time":{"start":1678058383325,"stop":1678058420089,"duration":36764}},{"uid":"d75626073aa58182","reportUrl":"https://dzmitryrak.github.io/SSC/212//#testresult/d75626073aa58182","status":"passed","time":{"start":1678057801094,"stop":1678057839510,"duration":38416}},{"uid":"91b9031c7c40d978","reportUrl":"https://dzmitryrak.github.io/SSC/211//#testresult/91b9031c7c40d978","status":"passed","time":{"start":1678056812968,"stop":1678056851359,"duration":38391}},{"uid":"134ad3cba7e8df77","reportUrl":"https://dzmitryrak.github.io/SSC/211//#testresult/134ad3cba7e8df77","status":"passed","time":{"start":1678053442338,"stop":1678053473012,"duration":30674}},{"uid":"3c1d0fcb36594247","reportUrl":"https://dzmitryrak.github.io/SSC/210//#testresult/3c1d0fcb36594247","status":"passed","time":{"start":1677842715038,"stop":1677842752078,"duration":37040}},{"uid":"b8521b8a372ed5a9","reportUrl":"https://dzmitryrak.github.io/SSC/209//#testresult/b8521b8a372ed5a9","status":"passed","time":{"start":1677841392768,"stop":1677841427896,"duration":35128}},{"uid":"ec813b34a72669f1","reportUrl":"https://dzmitryrak.github.io/SSC/209//#testresult/ec813b34a72669f1","status":"failed","statusDetails":"expected [Review the following fields\nName\nBirthdate] but found [Review the following fields\nName]","time":{"start":1677839738726,"stop":1677839754030,"duration":15304}},{"uid":"b49dfaf23b249d4b","reportUrl":"https://dzmitryrak.github.io/SSC/209//#testresult/b49dfaf23b249d4b","status":"passed","time":{"start":1677838439242,"stop":1677838456329,"duration":17087}},{"uid":"7341af27df3550b5","reportUrl":"https://dzmitryrak.github.io/SSC/209//#testresult/7341af27df3550b5","status":"failed","statusDetails":"Element not found {By.xpath: //*[contains(@class,'slds-breadcrumb__item')]}\nExpected: visible\nScreenshot: file:/home/runner/work/SSC/SSC/build/reports/tests/1677783806310.10.png\nPage source: file:/home/runner/work/SSC/SSC/build/reports/tests/1677783806310.10.html\nTimeout: 20 s.\nCaused by: NoSuchElementException: no such element: Unable to locate element: {\"method\":\"xpath\",\"selector\":\"//*[contains(@class,'slds-breadcrumb__item')]\"}","time":{"start":1677783781391,"stop":1677783806743,"duration":25352}}]},"tags":[]},"source":"52ee1c7ff6bb23aa.json","parameterValues":[]}