{"uid":"39a7467934a8bc0b","name":"Check that listview sorting exists and works","fullName":"io.github.dzmitryrak.tests.CaseTest.sortingListView","historyId":"c84a526b7889b55a3e4c805a043ce38","time":{"start":1678860644469,"stop":1678860669961,"duration":25492},"status":"failed","statusMessage":"Element not found {By.xpath: //*[contains(@class,'windowViewMode') and contains(@class,'active')]//thead//th[0]}\nExpected: exist\nScreenshot: file:/home/runner/work/SSC/SSC/build/reports/tests/1678860668414.6.png\nPage source: file:/home/runner/work/SSC/SSC/build/reports/tests/1678860668414.6.html\nTimeout: 5 s.\nCaused by: StaleElementReferenceException: stale element reference: element is not attached to the page document","statusTrace":"Element not found {By.xpath: //*[contains(@class,'windowViewMode') and contains(@class,'active')]//thead//th[0]}\nExpected: exist\nScreenshot: file:/home/runner/work/SSC/SSC/build/reports/tests/1678860668414.6.png\nPage source: file:/home/runner/work/SSC/SSC/build/reports/tests/1678860668414.6.html\nTimeout: 5 s.\nCaused by: StaleElementReferenceException: stale element reference: element is not attached to the page document\n\tat com.codeborne.selenide.impl.WebElementSource.createElementNotFoundError(WebElementSource.java:87)\n\tat com.codeborne.selenide.impl.CollectionElement.createElementNotFoundError(CollectionElement.java:63)\n\tat com.codeborne.selenide.impl.ExceptionWrapper.wrap(ExceptionWrapper.java:32)\n\tat com.codeborne.selenide.impl.SelenideElementProxy.dispatchAndRetry(SelenideElementProxy.java:152)\n\tat com.codeborne.selenide.impl.SelenideElementProxy.invoke(SelenideElementProxy.java:82)\n\tat com.sun.proxy.$Proxy30.attr(Unknown Source)\n\tat io.github.dzmitryrak.pages.Table.<init>(Table.java:38)\n\tat io.github.dzmitryrak.pages.ListView.table(ListView.java:40)\n\tat io.github.dzmitryrak.tests.CaseTest.sortingListView(CaseTest.java:70)\n\tat java.base/jdk.internal.reflect.NativeMethodAccessorImpl.invoke0(Native Method)\n\tat java.base/jdk.internal.reflect.NativeMethodAccessorImpl.invoke(NativeMethodAccessorImpl.java:62)\n\tat java.base/jdk.internal.reflect.DelegatingMethodAccessorImpl.invoke(DelegatingMethodAccessorImpl.java:43)\n\tat java.base/java.lang.reflect.Method.invoke(Method.java:566)\n\tat org.testng.internal.invokers.MethodInvocationHelper.invokeMethod(MethodInvocationHelper.java:139)\n\tat org.testng.internal.invokers.TestInvoker.invokeMethod(TestInvoker.java:677)\n\tat org.testng.internal.invokers.TestInvoker.invokeTestMethod(TestInvoker.java:221)\n\tat org.testng.internal.invokers.MethodRunner.runInSequence(MethodRunner.java:50)\n\tat org.testng.internal.invokers.TestInvoker$MethodInvocationAgent.invoke(TestInvoker.java:969)\n\tat org.testng.internal.invokers.TestInvoker.invokeTestMethods(TestInvoker.java:194)\n\tat org.testng.internal.invokers.TestMethodWorker.invokeTestMethods(TestMethodWorker.java:148)\n\tat org.testng.internal.invokers.TestMethodWorker.run(TestMethodWorker.java:128)\n\tat java.base/java.util.ArrayList.forEach(ArrayList.java:1541)\n\tat org.testng.TestRunner.privateRun(TestRunner.java:829)\n\tat org.testng.TestRunner.run(TestRunner.java:602)\n\tat org.testng.SuiteRunner.runTest(SuiteRunner.java:437)\n\tat org.testng.SuiteRunner$SuiteWorker.run(SuiteRunner.java:475)\n\tat org.testng.internal.thread.ThreadUtil.lambda$execute$0(ThreadUtil.java:58)\n\tat java.base/java.util.concurrent.FutureTask.run(FutureTask.java:264)\n\tat java.base/java.util.concurrent.ThreadPoolExecutor.runWorker(ThreadPoolExecutor.java:1128)\n\tat java.base/java.util.concurrent.ThreadPoolExecutor$Worker.run(ThreadPoolExecutor.java:628)\n\tat java.base/java.lang.Thread.run(Thread.java:829)\nCaused by: org.openqa.selenium.StaleElementReferenceException: stale element reference: element is not attached to the page document\n  (Session info: headless chrome=110.0.5481.177)\nFor documentation on this error, please visit: https://selenium.dev/exceptions/#stale_element_reference\nBuild info: version: '4.7.2', revision: '4d4020c3b7'\nSystem info: os.name: 'Linux', os.arch: 'amd64', os.version: '5.15.0-1034-azure', java.version: '11.0.18'\nDriver info: org.openqa.selenium.chrome.ChromeDriver\nCommand: [dd68a1b17a35640bdc65900f02dc4d92, getElementAttribute {id=0e2782df-d90b-417e-b106-09e9eda72da2, name=aria-label}]\nCapabilities {acceptInsecureCerts: true, browserName: chrome, browserVersion: 110.0.5481.177, chrome: {chromedriverVersion: 110.0.5481.77 (65ed616c6e8e..., userDataDir: /tmp/.com.google.Chrome.S48Beu}, goog:chromeOptions: {debuggerAddress: localhost:44233}, networkConnectionEnabled: false, pageLoadStrategy: normal, platformName: LINUX, proxy: Proxy(), se:cdp: ws://localhost:44233/devtoo..., se:cdpVersion: 110.0.5481.177, setWindowRect: true, strictFileInteractability: false, timeouts: {implicit: 0, pageLoad: 300000, script: 30000}, unhandledPromptBehavior: accept, webauthn:extension:credBlob: true, webauthn:extension:largeBlob: true, webauthn:virtualAuthenticators: true}\nElement: [[ChromeDriver: chrome on LINUX (dd68a1b17a35640bdc65900f02dc4d92)] -> xpath: //*[contains(@class,'windowViewMode') and contains(@class,'active')]//thead//th]\nSession ID: dd68a1b17a35640bdc65900f02dc4d92\n\tat java.base/jdk.internal.reflect.NativeConstructorAccessorImpl.newInstance0(Native Method)\n\tat java.base/jdk.internal.reflect.NativeConstructorAccessorImpl.newInstance(NativeConstructorAccessorImpl.java:62)\n\tat java.base/jdk.internal.reflect.DelegatingConstructorAccessorImpl.newInstance(DelegatingConstructorAccessorImpl.java:45)\n\tat java.base/java.lang.reflect.Constructor.newInstance(Constructor.java:490)\n\tat org.openqa.selenium.remote.codec.w3c.W3CHttpResponseCodec.createException(W3CHttpResponseCodec.java:200)\n\tat org.openqa.selenium.remote.codec.w3c.W3CHttpResponseCodec.decode(W3CHttpResponseCodec.java:133)\n\tat org.openqa.selenium.remote.codec.w3c.W3CHttpResponseCodec.decode(W3CHttpResponseCodec.java:53)\n\tat org.openqa.selenium.remote.HttpCommandExecutor.execute(HttpCommandExecutor.java:184)\n\tat org.openqa.selenium.remote.service.DriverCommandExecutor.invokeExecute(DriverCommandExecutor.java:167)\n\tat org.openqa.selenium.remote.service.DriverCommandExecutor.execute(DriverCommandExecutor.java:142)\n\tat org.openqa.selenium.remote.RemoteWebDriver.execute(RemoteWebDriver.java:535)\n\tat org.openqa.selenium.remote.RemoteWebElement.execute(RemoteWebElement.java:257)\n\tat org.openqa.selenium.remote.RemoteWebElement.getAttribute(RemoteWebElement.java:158)\n\tat com.codeborne.selenide.commands.GetAttribute.execute(GetAttribute.java:20)\n\tat com.codeborne.selenide.commands.GetAttribute.execute(GetAttribute.java:13)\n\tat com.codeborne.selenide.commands.Commands.execute(Commands.java:158)\n\tat com.codeborne.selenide.impl.SelenideElementProxy.dispatchAndRetry(SelenideElementProxy.java:130)\n\t... 27 more\n","flaky":false,"newFailed":true,"newBroken":false,"newPassed":false,"retriesCount":0,"retriesStatusChange":false,"beforeStages":[{"name":"Open browser","time":{"start":1678860643796,"stop":1678860644467,"duration":671},"description":"Open browser","status":"passed","steps":[],"attachments":[],"parameters":[],"stepsCount":0,"attachmentsCount":0,"shouldDisplayMessage":false,"hasContent":false}],"testStage":{"status":"failed","statusMessage":"Element not found {By.xpath: //*[contains(@class,'windowViewMode') and contains(@class,'active')]//thead//th[0]}\nExpected: exist\nScreenshot: file:/home/runner/work/SSC/SSC/build/reports/tests/1678860668414.6.png\nPage source: file:/home/runner/work/SSC/SSC/build/reports/tests/1678860668414.6.html\nTimeout: 5 s.\nCaused by: StaleElementReferenceException: stale element reference: element is not attached to the page document","statusTrace":"Element not found {By.xpath: //*[contains(@class,'windowViewMode') and contains(@class,'active')]//thead//th[0]}\nExpected: exist\nScreenshot: file:/home/runner/work/SSC/SSC/build/reports/tests/1678860668414.6.png\nPage source: file:/home/runner/work/SSC/SSC/build/reports/tests/1678860668414.6.html\nTimeout: 5 s.\nCaused by: StaleElementReferenceException: stale element reference: element is not attached to the page document\n\tat com.codeborne.selenide.impl.WebElementSource.createElementNotFoundError(WebElementSource.java:87)\n\tat com.codeborne.selenide.impl.CollectionElement.createElementNotFoundError(CollectionElement.java:63)\n\tat com.codeborne.selenide.impl.ExceptionWrapper.wrap(ExceptionWrapper.java:32)\n\tat com.codeborne.selenide.impl.SelenideElementProxy.dispatchAndRetry(SelenideElementProxy.java:152)\n\tat com.codeborne.selenide.impl.SelenideElementProxy.invoke(SelenideElementProxy.java:82)\n\tat com.sun.proxy.$Proxy30.attr(Unknown Source)\n\tat io.github.dzmitryrak.pages.Table.<init>(Table.java:38)\n\tat io.github.dzmitryrak.pages.ListView.table(ListView.java:40)\n\tat io.github.dzmitryrak.tests.CaseTest.sortingListView(CaseTest.java:70)\n\tat java.base/jdk.internal.reflect.NativeMethodAccessorImpl.invoke0(Native Method)\n\tat java.base/jdk.internal.reflect.NativeMethodAccessorImpl.invoke(NativeMethodAccessorImpl.java:62)\n\tat java.base/jdk.internal.reflect.DelegatingMethodAccessorImpl.invoke(DelegatingMethodAccessorImpl.java:43)\n\tat java.base/java.lang.reflect.Method.invoke(Method.java:566)\n\tat org.testng.internal.invokers.MethodInvocationHelper.invokeMethod(MethodInvocationHelper.java:139)\n\tat org.testng.internal.invokers.TestInvoker.invokeMethod(TestInvoker.java:677)\n\tat org.testng.internal.invokers.TestInvoker.invokeTestMethod(TestInvoker.java:221)\n\tat org.testng.internal.invokers.MethodRunner.runInSequence(MethodRunner.java:50)\n\tat org.testng.internal.invokers.TestInvoker$MethodInvocationAgent.invoke(TestInvoker.java:969)\n\tat org.testng.internal.invokers.TestInvoker.invokeTestMethods(TestInvoker.java:194)\n\tat org.testng.internal.invokers.TestMethodWorker.invokeTestMethods(TestMethodWorker.java:148)\n\tat org.testng.internal.invokers.TestMethodWorker.run(TestMethodWorker.java:128)\n\tat java.base/java.util.ArrayList.forEach(ArrayList.java:1541)\n\tat org.testng.TestRunner.privateRun(TestRunner.java:829)\n\tat org.testng.TestRunner.run(TestRunner.java:602)\n\tat org.testng.SuiteRunner.runTest(SuiteRunner.java:437)\n\tat org.testng.SuiteRunner$SuiteWorker.run(SuiteRunner.java:475)\n\tat org.testng.internal.thread.ThreadUtil.lambda$execute$0(ThreadUtil.java:58)\n\tat java.base/java.util.concurrent.FutureTask.run(FutureTask.java:264)\n\tat java.base/java.util.concurrent.ThreadPoolExecutor.runWorker(ThreadPoolExecutor.java:1128)\n\tat java.base/java.util.concurrent.ThreadPoolExecutor$Worker.run(ThreadPoolExecutor.java:628)\n\tat java.base/java.lang.Thread.run(Thread.java:829)\nCaused by: org.openqa.selenium.StaleElementReferenceException: stale element reference: element is not attached to the page document\n  (Session info: headless chrome=110.0.5481.177)\nFor documentation on this error, please visit: https://selenium.dev/exceptions/#stale_element_reference\nBuild info: version: '4.7.2', revision: '4d4020c3b7'\nSystem info: os.name: 'Linux', os.arch: 'amd64', os.version: '5.15.0-1034-azure', java.version: '11.0.18'\nDriver info: org.openqa.selenium.chrome.ChromeDriver\nCommand: [dd68a1b17a35640bdc65900f02dc4d92, getElementAttribute {id=0e2782df-d90b-417e-b106-09e9eda72da2, name=aria-label}]\nCapabilities {acceptInsecureCerts: true, browserName: chrome, browserVersion: 110.0.5481.177, chrome: {chromedriverVersion: 110.0.5481.77 (65ed616c6e8e..., userDataDir: /tmp/.com.google.Chrome.S48Beu}, goog:chromeOptions: {debuggerAddress: localhost:44233}, networkConnectionEnabled: false, pageLoadStrategy: normal, platformName: LINUX, proxy: Proxy(), se:cdp: ws://localhost:44233/devtoo..., se:cdpVersion: 110.0.5481.177, setWindowRect: true, strictFileInteractability: false, timeouts: {implicit: 0, pageLoad: 300000, script: 30000}, unhandledPromptBehavior: accept, webauthn:extension:credBlob: true, webauthn:extension:largeBlob: true, webauthn:virtualAuthenticators: true}\nElement: [[ChromeDriver: chrome on LINUX (dd68a1b17a35640bdc65900f02dc4d92)] -> xpath: //*[contains(@class,'windowViewMode') and contains(@class,'active')]//thead//th]\nSession ID: dd68a1b17a35640bdc65900f02dc4d92\n\tat java.base/jdk.internal.reflect.NativeConstructorAccessorImpl.newInstance0(Native Method)\n\tat java.base/jdk.internal.reflect.NativeConstructorAccessorImpl.newInstance(NativeConstructorAccessorImpl.java:62)\n\tat java.base/jdk.internal.reflect.DelegatingConstructorAccessorImpl.newInstance(DelegatingConstructorAccessorImpl.java:45)\n\tat java.base/java.lang.reflect.Constructor.newInstance(Constructor.java:490)\n\tat org.openqa.selenium.remote.codec.w3c.W3CHttpResponseCodec.createException(W3CHttpResponseCodec.java:200)\n\tat org.openqa.selenium.remote.codec.w3c.W3CHttpResponseCodec.decode(W3CHttpResponseCodec.java:133)\n\tat org.openqa.selenium.remote.codec.w3c.W3CHttpResponseCodec.decode(W3CHttpResponseCodec.java:53)\n\tat org.openqa.selenium.remote.HttpCommandExecutor.execute(HttpCommandExecutor.java:184)\n\tat org.openqa.selenium.remote.service.DriverCommandExecutor.invokeExecute(DriverCommandExecutor.java:167)\n\tat org.openqa.selenium.remote.service.DriverCommandExecutor.execute(DriverCommandExecutor.java:142)\n\tat org.openqa.selenium.remote.RemoteWebDriver.execute(RemoteWebDriver.java:535)\n\tat org.openqa.selenium.remote.RemoteWebElement.execute(RemoteWebElement.java:257)\n\tat org.openqa.selenium.remote.RemoteWebElement.getAttribute(RemoteWebElement.java:158)\n\tat com.codeborne.selenide.commands.GetAttribute.execute(GetAttribute.java:20)\n\tat com.codeborne.selenide.commands.GetAttribute.execute(GetAttribute.java:13)\n\tat com.codeborne.selenide.commands.Commands.execute(Commands.java:158)\n\tat com.codeborne.selenide.impl.SelenideElementProxy.dispatchAndRetry(SelenideElementProxy.java:130)\n\t... 27 more\n","steps":[{"name":"Open Login Page","time":{"start":1678860644469,"stop":1678860646902,"duration":2433},"status":"passed","steps":[],"attachments":[],"parameters":[],"stepsCount":0,"attachmentsCount":0,"shouldDisplayMessage":false,"hasContent":false},{"name":"Login by user: drak@tms.sandbox","time":{"start":1678860646902,"stop":1678860650376,"duration":3474},"status":"passed","steps":[],"attachments":[],"parameters":[{"name":"username","value":"drak@tms.sandbox"},{"name":"password","value":"password03"}],"stepsCount":0,"attachmentsCount":0,"shouldDisplayMessage":false,"hasContent":true},{"name":"Opening List View","time":{"start":1678860650376,"stop":1678860659662,"duration":9286},"status":"passed","steps":[],"attachments":[],"parameters":[{"name":"listViewName","value":"Case"}],"stepsCount":0,"attachmentsCount":0,"shouldDisplayMessage":false,"hasContent":true},{"name":"Click on filter switcher icon","time":{"start":1678860659662,"stop":1678860660393,"duration":731},"status":"passed","steps":[],"attachments":[],"parameters":[],"stepsCount":0,"attachmentsCount":0,"shouldDisplayMessage":false,"hasContent":false},{"name":"Click on the filter value","time":{"start":1678860660393,"stop":1678860662188,"duration":1795},"status":"passed","steps":[],"attachments":[],"parameters":[{"name":"filterValue","value":"My Cases"}],"stepsCount":0,"attachmentsCount":0,"shouldDisplayMessage":false,"hasContent":true}],"attachments":[{"uid":"64f02e6a80d71756","name":"Screenshot","source":"64f02e6a80d71756.png","type":"image/png","size":145827}],"parameters":[],"stepsCount":5,"attachmentsCount":1,"shouldDisplayMessage":true,"hasContent":true},"afterStages":[{"name":"Close browser","time":{"start":1678860669981,"stop":1678860670186,"duration":205},"description":"Close browser","status":"passed","steps":[],"attachments":[],"parameters":[],"stepsCount":0,"attachmentsCount":0,"shouldDisplayMessage":false,"hasContent":false}],"labels":[{"name":"package","value":"io.github.dzmitryrak.tests.CaseTest"},{"name":"testClass","value":"io.github.dzmitryrak.tests.CaseTest"},{"name":"testMethod","value":"sortingListView"},{"name":"parentSuite","value":"Build Verification Test"},{"name":"suite","value":"Cases"},{"name":"subSuite","value":"io.github.dzmitryrak.tests.CaseTest"},{"name":"host","value":"fv-az561-766"},{"name":"thread","value":"2540@fv-az561-766.TestNG-tests-3(18)"},{"name":"framework","value":"testng"},{"name":"language","value":"java"},{"name":"resultFormat","value":"allure2"}],"parameters":[],"links":[],"hidden":false,"retry":false,"extra":{"severity":"normal","retries":[],"categories":[{"name":"Product defects","matchedStatuses":[],"flaky":false}],"history":{"statistic":{"failed":2,"broken":0,"skipped":2,"passed":20,"unknown":0,"total":24},"items":[{"uid":"ba9437445f05d1fa","reportUrl":"https://dzmitryrak.github.io/SSC/224//#testresult/ba9437445f05d1fa","status":"skipped","statusDetails":"Could not start a new session. Possible causes are invalid address of the remote server or browser start-up failure. \nHost info: host: 'fv-az257-287', ip: '10.1.0.141'","time":{"start":1678830617940,"stop":1678830617947,"duration":7}},{"uid":"ae58d64c15ac3c34","reportUrl":"https://dzmitryrak.github.io/SSC/224//#testresult/ae58d64c15ac3c34","status":"passed","time":{"start":1678829889180,"stop":1678829908249,"duration":19069}},{"uid":"175ea7b5b57445e","reportUrl":"https://dzmitryrak.github.io/SSC/223//#testresult/175ea7b5b57445e","status":"passed","time":{"start":1678828505532,"stop":1678828523386,"duration":17854}},{"uid":"9417725f13e497f7","reportUrl":"https://dzmitryrak.github.io/SSC/222//#testresult/9417725f13e497f7","status":"passed","time":{"start":1678449986811,"stop":1678450004249,"duration":17438}},{"uid":"5d513f8ca477e134","reportUrl":"https://dzmitryrak.github.io/SSC/221//#testresult/5d513f8ca477e134","status":"passed","time":{"start":1678400702306,"stop":1678400719107,"duration":16801}},{"uid":"ca95a1b959167b67","reportUrl":"https://dzmitryrak.github.io/SSC/220//#testresult/ca95a1b959167b67","status":"passed","time":{"start":1678399105995,"stop":1678399126964,"duration":20969}},{"uid":"b591142aa5a1ec36","reportUrl":"https://dzmitryrak.github.io/SSC/219//#testresult/b591142aa5a1ec36","status":"passed","time":{"start":1678397756270,"stop":1678397774532,"duration":18262}},{"uid":"a8b8b685c8a85a2a","reportUrl":"https://dzmitryrak.github.io/SSC/218//#testresult/a8b8b685c8a85a2a","status":"passed","time":{"start":1678396291917,"stop":1678396308832,"duration":16915}},{"uid":"1b197adf217ef2e3","reportUrl":"https://dzmitryrak.github.io/SSC/217//#testresult/1b197adf217ef2e3","status":"passed","time":{"start":1678394948630,"stop":1678394967441,"duration":18811}},{"uid":"7c81beee0209e7a","reportUrl":"https://dzmitryrak.github.io/SSC/217//#testresult/7c81beee0209e7a","status":"skipped","statusDetails":"Could not start a new session. Possible causes are invalid address of the remote server or browser start-up failure. \nHost info: host: 'fv-az401-994', ip: '10.1.0.131'","time":{"start":1678189403946,"stop":1678189403947,"duration":1}},{"uid":"1c0de2f9cc6ce923","reportUrl":"https://dzmitryrak.github.io/SSC/217//#testresult/1c0de2f9cc6ce923","status":"passed","time":{"start":1678119391749,"stop":1678119409985,"duration":18236}},{"uid":"b43ad06cf95b2d30","reportUrl":"https://dzmitryrak.github.io/SSC/216//#testresult/b43ad06cf95b2d30","status":"passed","time":{"start":1678097651088,"stop":1678097668283,"duration":17195}},{"uid":"755471871988ff7a","reportUrl":"https://dzmitryrak.github.io/SSC/215//#testresult/755471871988ff7a","status":"passed","time":{"start":1678083024370,"stop":1678083043661,"duration":19291}},{"uid":"6a8617de2ad1798a","reportUrl":"https://dzmitryrak.github.io/SSC/215//#testresult/6a8617de2ad1798a","status":"passed","time":{"start":1678060012035,"stop":1678060029874,"duration":17839}},{"uid":"87e7c548901097cb","reportUrl":"https://dzmitryrak.github.io/SSC/213//#testresult/87e7c548901097cb","status":"passed","time":{"start":1678058301927,"stop":1678058320830,"duration":18903}},{"uid":"192ab2dd0c3ba0e9","reportUrl":"https://dzmitryrak.github.io/SSC/212//#testresult/192ab2dd0c3ba0e9","status":"passed","time":{"start":1678057727798,"stop":1678057746508,"duration":18710}},{"uid":"53a1ef2929441d22","reportUrl":"https://dzmitryrak.github.io/SSC/211//#testresult/53a1ef2929441d22","status":"passed","time":{"start":1678056744831,"stop":1678056765709,"duration":20878}},{"uid":"71a2a0c15dc39fea","reportUrl":"https://dzmitryrak.github.io/SSC/211//#testresult/71a2a0c15dc39fea","status":"passed","time":{"start":1678053361224,"stop":1678053376914,"duration":15690}},{"uid":"bed20e4fc84a715d","reportUrl":"https://dzmitryrak.github.io/SSC/210//#testresult/bed20e4fc84a715d","status":"passed","time":{"start":1677842655726,"stop":1677842671047,"duration":15321}},{"uid":"b00d4d973879a748","reportUrl":"https://dzmitryrak.github.io/SSC/209//#testresult/b00d4d973879a748","status":"passed","time":{"start":1677841328566,"stop":1677841343824,"duration":15258}}]},"tags":[]},"source":"39a7467934a8bc0b.json","parameterValues":[]}