{"uid":"1ddbaa575829593c","name":"Create account with several fields specified","fullName":"io.github.dzmitryrak.tests.AccountCRUDTest.createAccountSomeFields","historyId":"bb108b91b70abc75c258b4696ac3d646","time":{"start":1677232534266,"stop":1677232574066,"duration":39800},"status":"failed","statusMessage":"Element not found {By.xpath: //*[contains(@class,'slds-modal__header') and not(contains(@class,'empty'))]}\nExpected: visible\nScreenshot: file:/home/runner/work/SSC/SSC/build/reports/tests/1677232571849.6.png\nPage source: file:/home/runner/work/SSC/SSC/build/reports/tests/1677232571849.6.html\nTimeout: 10 s.\nCaused by: NoSuchElementException: no such element: Unable to locate element: {\"method\":\"xpath\",\"selector\":\"//*[contains(@class,'slds-modal__header') and not(contains(@class,'empty'))]\"}","statusTrace":"Element not found {By.xpath: //*[contains(@class,'slds-modal__header') and not(contains(@class,'empty'))]}\nExpected: visible\nScreenshot: file:/home/runner/work/SSC/SSC/build/reports/tests/1677232571849.6.png\nPage source: file:/home/runner/work/SSC/SSC/build/reports/tests/1677232571849.6.html\nTimeout: 10 s.\nCaused by: NoSuchElementException: no such element: Unable to locate element: {\"method\":\"xpath\",\"selector\":\"//*[contains(@class,'slds-modal__header') and not(contains(@class,'empty'))]\"}\n\tat com.codeborne.selenide.impl.WebElementSource.createElementNotFoundError(WebElementSource.java:87)\n\tat com.codeborne.selenide.impl.ElementFinder.createElementNotFoundError(ElementFinder.java:142)\n\tat com.codeborne.selenide.impl.WebElementSource.checkConditionAndReturnElement(WebElementSource.java:131)\n\tat com.codeborne.selenide.impl.WebElementSource.checkCondition(WebElementSource.java:100)\n\tat com.codeborne.selenide.commands.Should.execute(Should.java:30)\n\tat com.codeborne.selenide.commands.Should.execute(Should.java:14)\n\tat com.codeborne.selenide.commands.Commands.execute(Commands.java:158)\n\tat com.codeborne.selenide.impl.SelenideElementProxy.dispatchAndRetry(SelenideElementProxy.java:130)\n\tat com.codeborne.selenide.impl.SelenideElementProxy.invoke(SelenideElementProxy.java:82)\n\tat com.sun.proxy.$Proxy30.shouldBe(Unknown Source)\n\tat io.github.dzmitryrak.pages.NewObjectModal.waitTillOpened(NewObjectModal.java:35)\n\tat io.github.dzmitryrak.pages.ListAction.newObject(ListAction.java:18)\n\tat io.github.dzmitryrak.tests.AccountCRUDTest.createAccountSomeFields(AccountCRUDTest.java:229)\n\tat java.base/jdk.internal.reflect.NativeMethodAccessorImpl.invoke0(Native Method)\n\tat java.base/jdk.internal.reflect.NativeMethodAccessorImpl.invoke(NativeMethodAccessorImpl.java:62)\n\tat java.base/jdk.internal.reflect.DelegatingMethodAccessorImpl.invoke(DelegatingMethodAccessorImpl.java:43)\n\tat java.base/java.lang.reflect.Method.invoke(Method.java:566)\n\tat org.testng.internal.invokers.MethodInvocationHelper.invokeMethod(MethodInvocationHelper.java:139)\n\tat org.testng.internal.invokers.TestInvoker.invokeMethod(TestInvoker.java:677)\n\tat org.testng.internal.invokers.TestInvoker.invokeTestMethod(TestInvoker.java:221)\n\tat org.testng.internal.invokers.MethodRunner.runInSequence(MethodRunner.java:50)\n\tat org.testng.internal.invokers.TestInvoker$MethodInvocationAgent.invoke(TestInvoker.java:969)\n\tat org.testng.internal.invokers.TestInvoker.invokeTestMethods(TestInvoker.java:194)\n\tat org.testng.internal.invokers.TestMethodWorker.invokeTestMethods(TestMethodWorker.java:148)\n\tat org.testng.internal.invokers.TestMethodWorker.run(TestMethodWorker.java:128)\n\tat java.base/java.util.ArrayList.forEach(ArrayList.java:1541)\n\tat org.testng.TestRunner.privateRun(TestRunner.java:829)\n\tat org.testng.TestRunner.run(TestRunner.java:602)\n\tat org.testng.SuiteRunner.runTest(SuiteRunner.java:437)\n\tat org.testng.SuiteRunner$SuiteWorker.run(SuiteRunner.java:475)\n\tat org.testng.internal.thread.ThreadUtil.lambda$execute$0(ThreadUtil.java:58)\n\tat java.base/java.util.concurrent.FutureTask.run(FutureTask.java:264)\n\tat java.base/java.util.concurrent.ThreadPoolExecutor.runWorker(ThreadPoolExecutor.java:1128)\n\tat java.base/java.util.concurrent.ThreadPoolExecutor$Worker.run(ThreadPoolExecutor.java:628)\n\tat java.base/java.lang.Thread.run(Thread.java:829)\nCaused by: org.openqa.selenium.NoSuchElementException: no such element: Unable to locate element: {\"method\":\"xpath\",\"selector\":\"//*[contains(@class,'slds-modal__header') and not(contains(@class,'empty'))]\"}\n  (Session info: headless chrome=110.0.5481.100)\nFor documentation on this error, please visit: https://selenium.dev/exceptions/#no_such_element\nBuild info: version: '4.7.2', revision: '4d4020c3b7'\nSystem info: os.name: 'Linux', os.arch: 'amd64', os.version: '5.15.0-1033-azure', java.version: '11.0.18'\nDriver info: org.openqa.selenium.chrome.ChromeDriver\nCommand: [c632e45a8e9a5b3456c0d7cfc23d3a0c, findElement {using=xpath, value=//*[contains(@class,'slds-modal__header') and not(contains(@class,'empty'))]}]\nCapabilities {acceptInsecureCerts: true, browserName: chrome, browserVersion: 110.0.5481.100, chrome: {chromedriverVersion: 110.0.5481.77 (65ed616c6e8e..., userDataDir: /tmp/.com.google.Chrome.pL0sIw}, goog:chromeOptions: {debuggerAddress: localhost:35119}, networkConnectionEnabled: false, pageLoadStrategy: normal, platformName: LINUX, proxy: Proxy(), se:cdp: ws://localhost:35119/devtoo..., se:cdpVersion: 110.0.5481.100, setWindowRect: true, strictFileInteractability: false, timeouts: {implicit: 0, pageLoad: 300000, script: 30000}, unhandledPromptBehavior: accept, webauthn:extension:credBlob: true, webauthn:extension:largeBlob: true, webauthn:virtualAuthenticators: true}\nSession ID: c632e45a8e9a5b3456c0d7cfc23d3a0c\n\tat jdk.internal.reflect.GeneratedConstructorAccessor29.newInstance(Unknown Source)\n\tat java.base/jdk.internal.reflect.DelegatingConstructorAccessorImpl.newInstance(DelegatingConstructorAccessorImpl.java:45)\n\tat java.base/java.lang.reflect.Constructor.newInstance(Constructor.java:490)\n\tat org.openqa.selenium.remote.codec.w3c.W3CHttpResponseCodec.createException(W3CHttpResponseCodec.java:200)\n\tat org.openqa.selenium.remote.codec.w3c.W3CHttpResponseCodec.decode(W3CHttpResponseCodec.java:133)\n\tat org.openqa.selenium.remote.codec.w3c.W3CHttpResponseCodec.decode(W3CHttpResponseCodec.java:53)\n\tat org.openqa.selenium.remote.HttpCommandExecutor.execute(HttpCommandExecutor.java:184)\n\tat org.openqa.selenium.remote.service.DriverCommandExecutor.invokeExecute(DriverCommandExecutor.java:167)\n\tat org.openqa.selenium.remote.service.DriverCommandExecutor.execute(DriverCommandExecutor.java:142)\n\tat org.openqa.selenium.remote.RemoteWebDriver.execute(RemoteWebDriver.java:535)\n\tat org.openqa.selenium.remote.ElementLocation$ElementFinder$2.findElement(ElementLocation.java:162)\n\tat org.openqa.selenium.remote.ElementLocation.findElement(ElementLocation.java:60)\n\tat org.openqa.selenium.remote.RemoteWebDriver.findElement(RemoteWebDriver.java:351)\n\tat org.openqa.selenium.remote.RemoteWebDriver.findElement(RemoteWebDriver.java:343)\n\tat com.codeborne.selenide.impl.WebElementSelector.findElement(WebElementSelector.java:70)\n\tat com.codeborne.selenide.impl.WebElementSelector.findElement(WebElementSelector.java:44)\n\tat com.codeborne.selenide.impl.WebElementSelector.findElement(WebElementSelector.java:33)\n\tat com.codeborne.selenide.impl.ElementFinder.getWebElement(ElementFinder.java:122)\n\tat com.codeborne.selenide.impl.WebElementSource.checkConditionAndReturnElement(WebElementSource.java:112)\n\t... 32 more\n","flaky":false,"newFailed":true,"newBroken":false,"newPassed":false,"retriesCount":0,"retriesStatusChange":false,"beforeStages":[{"name":"Open browser","time":{"start":1677232533396,"stop":1677232534263,"duration":867},"description":"Open browser","status":"passed","steps":[],"attachments":[],"parameters":[],"stepsCount":0,"attachmentsCount":0,"shouldDisplayMessage":false,"hasContent":false}],"testStage":{"status":"failed","statusMessage":"Element not found {By.xpath: //*[contains(@class,'slds-modal__header') and not(contains(@class,'empty'))]}\nExpected: visible\nScreenshot: file:/home/runner/work/SSC/SSC/build/reports/tests/1677232571849.6.png\nPage source: file:/home/runner/work/SSC/SSC/build/reports/tests/1677232571849.6.html\nTimeout: 10 s.\nCaused by: NoSuchElementException: no such element: Unable to locate element: {\"method\":\"xpath\",\"selector\":\"//*[contains(@class,'slds-modal__header') and not(contains(@class,'empty'))]\"}","statusTrace":"Element not found {By.xpath: //*[contains(@class,'slds-modal__header') and not(contains(@class,'empty'))]}\nExpected: visible\nScreenshot: file:/home/runner/work/SSC/SSC/build/reports/tests/1677232571849.6.png\nPage source: file:/home/runner/work/SSC/SSC/build/reports/tests/1677232571849.6.html\nTimeout: 10 s.\nCaused by: NoSuchElementException: no such element: Unable to locate element: {\"method\":\"xpath\",\"selector\":\"//*[contains(@class,'slds-modal__header') and not(contains(@class,'empty'))]\"}\n\tat com.codeborne.selenide.impl.WebElementSource.createElementNotFoundError(WebElementSource.java:87)\n\tat com.codeborne.selenide.impl.ElementFinder.createElementNotFoundError(ElementFinder.java:142)\n\tat com.codeborne.selenide.impl.WebElementSource.checkConditionAndReturnElement(WebElementSource.java:131)\n\tat com.codeborne.selenide.impl.WebElementSource.checkCondition(WebElementSource.java:100)\n\tat com.codeborne.selenide.commands.Should.execute(Should.java:30)\n\tat com.codeborne.selenide.commands.Should.execute(Should.java:14)\n\tat com.codeborne.selenide.commands.Commands.execute(Commands.java:158)\n\tat com.codeborne.selenide.impl.SelenideElementProxy.dispatchAndRetry(SelenideElementProxy.java:130)\n\tat com.codeborne.selenide.impl.SelenideElementProxy.invoke(SelenideElementProxy.java:82)\n\tat com.sun.proxy.$Proxy30.shouldBe(Unknown Source)\n\tat io.github.dzmitryrak.pages.NewObjectModal.waitTillOpened(NewObjectModal.java:35)\n\tat io.github.dzmitryrak.pages.ListAction.newObject(ListAction.java:18)\n\tat io.github.dzmitryrak.tests.AccountCRUDTest.createAccountSomeFields(AccountCRUDTest.java:229)\n\tat java.base/jdk.internal.reflect.NativeMethodAccessorImpl.invoke0(Native Method)\n\tat java.base/jdk.internal.reflect.NativeMethodAccessorImpl.invoke(NativeMethodAccessorImpl.java:62)\n\tat java.base/jdk.internal.reflect.DelegatingMethodAccessorImpl.invoke(DelegatingMethodAccessorImpl.java:43)\n\tat java.base/java.lang.reflect.Method.invoke(Method.java:566)\n\tat org.testng.internal.invokers.MethodInvocationHelper.invokeMethod(MethodInvocationHelper.java:139)\n\tat org.testng.internal.invokers.TestInvoker.invokeMethod(TestInvoker.java:677)\n\tat org.testng.internal.invokers.TestInvoker.invokeTestMethod(TestInvoker.java:221)\n\tat org.testng.internal.invokers.MethodRunner.runInSequence(MethodRunner.java:50)\n\tat org.testng.internal.invokers.TestInvoker$MethodInvocationAgent.invoke(TestInvoker.java:969)\n\tat org.testng.internal.invokers.TestInvoker.invokeTestMethods(TestInvoker.java:194)\n\tat org.testng.internal.invokers.TestMethodWorker.invokeTestMethods(TestMethodWorker.java:148)\n\tat org.testng.internal.invokers.TestMethodWorker.run(TestMethodWorker.java:128)\n\tat java.base/java.util.ArrayList.forEach(ArrayList.java:1541)\n\tat org.testng.TestRunner.privateRun(TestRunner.java:829)\n\tat org.testng.TestRunner.run(TestRunner.java:602)\n\tat org.testng.SuiteRunner.runTest(SuiteRunner.java:437)\n\tat org.testng.SuiteRunner$SuiteWorker.run(SuiteRunner.java:475)\n\tat org.testng.internal.thread.ThreadUtil.lambda$execute$0(ThreadUtil.java:58)\n\tat java.base/java.util.concurrent.FutureTask.run(FutureTask.java:264)\n\tat java.base/java.util.concurrent.ThreadPoolExecutor.runWorker(ThreadPoolExecutor.java:1128)\n\tat java.base/java.util.concurrent.ThreadPoolExecutor$Worker.run(ThreadPoolExecutor.java:628)\n\tat java.base/java.lang.Thread.run(Thread.java:829)\nCaused by: org.openqa.selenium.NoSuchElementException: no such element: Unable to locate element: {\"method\":\"xpath\",\"selector\":\"//*[contains(@class,'slds-modal__header') and not(contains(@class,'empty'))]\"}\n  (Session info: headless chrome=110.0.5481.100)\nFor documentation on this error, please visit: https://selenium.dev/exceptions/#no_such_element\nBuild info: version: '4.7.2', revision: '4d4020c3b7'\nSystem info: os.name: 'Linux', os.arch: 'amd64', os.version: '5.15.0-1033-azure', java.version: '11.0.18'\nDriver info: org.openqa.selenium.chrome.ChromeDriver\nCommand: [c632e45a8e9a5b3456c0d7cfc23d3a0c, findElement {using=xpath, value=//*[contains(@class,'slds-modal__header') and not(contains(@class,'empty'))]}]\nCapabilities {acceptInsecureCerts: true, browserName: chrome, browserVersion: 110.0.5481.100, chrome: {chromedriverVersion: 110.0.5481.77 (65ed616c6e8e..., userDataDir: /tmp/.com.google.Chrome.pL0sIw}, goog:chromeOptions: {debuggerAddress: localhost:35119}, networkConnectionEnabled: false, pageLoadStrategy: normal, platformName: LINUX, proxy: Proxy(), se:cdp: ws://localhost:35119/devtoo..., se:cdpVersion: 110.0.5481.100, setWindowRect: true, strictFileInteractability: false, timeouts: {implicit: 0, pageLoad: 300000, script: 30000}, unhandledPromptBehavior: accept, webauthn:extension:credBlob: true, webauthn:extension:largeBlob: true, webauthn:virtualAuthenticators: true}\nSession ID: c632e45a8e9a5b3456c0d7cfc23d3a0c\n\tat jdk.internal.reflect.GeneratedConstructorAccessor29.newInstance(Unknown Source)\n\tat java.base/jdk.internal.reflect.DelegatingConstructorAccessorImpl.newInstance(DelegatingConstructorAccessorImpl.java:45)\n\tat java.base/java.lang.reflect.Constructor.newInstance(Constructor.java:490)\n\tat org.openqa.selenium.remote.codec.w3c.W3CHttpResponseCodec.createException(W3CHttpResponseCodec.java:200)\n\tat org.openqa.selenium.remote.codec.w3c.W3CHttpResponseCodec.decode(W3CHttpResponseCodec.java:133)\n\tat org.openqa.selenium.remote.codec.w3c.W3CHttpResponseCodec.decode(W3CHttpResponseCodec.java:53)\n\tat org.openqa.selenium.remote.HttpCommandExecutor.execute(HttpCommandExecutor.java:184)\n\tat org.openqa.selenium.remote.service.DriverCommandExecutor.invokeExecute(DriverCommandExecutor.java:167)\n\tat org.openqa.selenium.remote.service.DriverCommandExecutor.execute(DriverCommandExecutor.java:142)\n\tat org.openqa.selenium.remote.RemoteWebDriver.execute(RemoteWebDriver.java:535)\n\tat org.openqa.selenium.remote.ElementLocation$ElementFinder$2.findElement(ElementLocation.java:162)\n\tat org.openqa.selenium.remote.ElementLocation.findElement(ElementLocation.java:60)\n\tat org.openqa.selenium.remote.RemoteWebDriver.findElement(RemoteWebDriver.java:351)\n\tat org.openqa.selenium.remote.RemoteWebDriver.findElement(RemoteWebDriver.java:343)\n\tat com.codeborne.selenide.impl.WebElementSelector.findElement(WebElementSelector.java:70)\n\tat com.codeborne.selenide.impl.WebElementSelector.findElement(WebElementSelector.java:44)\n\tat com.codeborne.selenide.impl.WebElementSelector.findElement(WebElementSelector.java:33)\n\tat com.codeborne.selenide.impl.ElementFinder.getWebElement(ElementFinder.java:122)\n\tat com.codeborne.selenide.impl.WebElementSource.checkConditionAndReturnElement(WebElementSource.java:112)\n\t... 32 more\n","steps":[{"name":"Open Login Page","time":{"start":1677232534280,"stop":1677232536141,"duration":1861},"status":"passed","steps":[],"attachments":[],"parameters":[],"stepsCount":0,"attachmentsCount":0,"shouldDisplayMessage":false,"hasContent":false},{"name":"Login by user: drak@tms.sandbox","time":{"start":1677232536142,"stop":1677232539368,"duration":3226},"status":"passed","steps":[],"attachments":[],"parameters":[{"name":"username","value":"drak@tms.sandbox"},{"name":"password","value":"password02"}],"stepsCount":0,"attachmentsCount":0,"shouldDisplayMessage":false,"hasContent":true},{"name":"Opening List View","time":{"start":1677232540299,"stop":1677232546990,"duration":6691},"status":"passed","steps":[],"attachments":[],"parameters":[{"name":"listViewName","value":"Account"}],"stepsCount":0,"attachmentsCount":0,"shouldDisplayMessage":false,"hasContent":true},{"name":"Click New action","time":{"start":1677232546990,"stop":1677232548659,"duration":1669},"status":"passed","steps":[],"attachments":[],"parameters":[{"name":"actionName","value":"New"}],"stepsCount":0,"attachmentsCount":0,"shouldDisplayMessage":false,"hasContent":true}],"attachments":[{"uid":"e3736da7f1059864","name":"Screenshot","source":"e3736da7f1059864.png","type":"image/png","size":151167},{"uid":"ae7dfe4b023349c9","name":"Screenshot","source":"ae7dfe4b023349c9.png","type":"image/png","size":210026}],"parameters":[],"stepsCount":4,"attachmentsCount":2,"shouldDisplayMessage":true,"hasContent":true},"afterStages":[{"name":"Close browser","time":{"start":1677232574131,"stop":1677232574349,"duration":218},"description":"Close browser","status":"passed","steps":[],"attachments":[],"parameters":[],"stepsCount":0,"attachmentsCount":0,"shouldDisplayMessage":false,"hasContent":false}],"labels":[{"name":"package","value":"io.github.dzmitryrak.tests.AccountCRUDTest"},{"name":"testClass","value":"io.github.dzmitryrak.tests.AccountCRUDTest"},{"name":"testMethod","value":"createAccountSomeFields"},{"name":"parentSuite","value":"Build Verification Test"},{"name":"suite","value":"CRUD for Account"},{"name":"subSuite","value":"io.github.dzmitryrak.tests.AccountCRUDTest"},{"name":"host","value":"fv-az561-839"},{"name":"thread","value":"2597@fv-az561-839.TestNG-tests-1(16)"},{"name":"framework","value":"testng"},{"name":"language","value":"java"},{"name":"resultFormat","value":"allure2"}],"parameters":[],"links":[],"hidden":false,"retry":false,"extra":{"severity":"normal","retries":[],"categories":[{"name":"Product defects","matchedStatuses":[],"flaky":false}],"history":{"statistic":{"failed":1,"broken":0,"skipped":0,"passed":11,"unknown":0,"total":12},"items":[{"uid":"1f5a7dc1006ea89d","reportUrl":"https://dzmitryrak.github.io/SSC/201//#testresult/1f5a7dc1006ea89d","status":"passed","time":{"start":1677231077564,"stop":1677231123966,"duration":46402}},{"uid":"6f2c5569e113db1c","reportUrl":"https://dzmitryrak.github.io/SSC/202//#testresult/6f2c5569e113db1c","status":"passed","time":{"start":1677230748003,"stop":1677230783830,"duration":35827}},{"uid":"c7179e2844c23429","reportUrl":"https://dzmitryrak.github.io/SSC/201//#testresult/c7179e2844c23429","status":"passed","time":{"start":1677230289257,"stop":1677230325884,"duration":36627}},{"uid":"5a2165d0e40d4f6e","reportUrl":"https://dzmitryrak.github.io/SSC/200//#testresult/5a2165d0e40d4f6e","status":"passed","time":{"start":1676640656574,"stop":1676640679612,"duration":23038}},{"uid":"b73a43b6092b7ac2","reportUrl":"https://dzmitryrak.github.io/SSC/199//#testresult/b73a43b6092b7ac2","status":"passed","time":{"start":1676625096337,"stop":1676625133286,"duration":36949}},{"uid":"1185e34ed7cf8ac4","reportUrl":"https://dzmitryrak.github.io/SSC/199//#testresult/1185e34ed7cf8ac4","status":"passed","time":{"start":1676623172245,"stop":1676623205417,"duration":33172}},{"uid":"abc364905ddb5165","reportUrl":"https://dzmitryrak.github.io/SSC/198//#testresult/abc364905ddb5165","status":"passed","time":{"start":1676571135942,"stop":1676571155502,"duration":19560}},{"uid":"f7fa2e350d1e6f9f","reportUrl":"https://dzmitryrak.github.io/SSC/197//#testresult/f7fa2e350d1e6f9f","status":"passed","time":{"start":1676552349045,"stop":1676552382736,"duration":33691}},{"uid":"eed41fb90f244b2c","reportUrl":"https://dzmitryrak.github.io/SSC/196//#testresult/eed41fb90f244b2c","status":"passed","time":{"start":1676550874528,"stop":1676550899835,"duration":25307}},{"uid":"4b9b4fd144fe82b7","reportUrl":"https://dzmitryrak.github.io/SSC/195//#testresult/4b9b4fd144fe82b7","status":"passed","time":{"start":1676007743474,"stop":1676007766766,"duration":23292}},{"uid":"a69b3c27377ebf58","reportUrl":"https://dzmitryrak.github.io/SSC/194//#testresult/a69b3c27377ebf58","status":"passed","time":{"start":1675417189068,"stop":1675417224397,"duration":35329}}]},"tags":[]},"source":"1ddbaa575829593c.json","parameterValues":[]}