{"uid":"c312061154081555","name":"Check Error Message","fullName":"io.github.dzmitryrak.tests.ReadModalErrorTest.testErrorMessage","historyId":"ee8ee0efbf3df5636f33ebdbae188b0b","time":{"start":1674544723753,"stop":1674544763965,"duration":40212},"status":"failed","statusMessage":"Element not found {By.xpath: //*[contains(@class,'slds-modal__header') and not(contains(@class,'empty'))]}\nExpected: visible\nScreenshot: file:/home/runner/work/SSC/SSC/build/reports/tests/1674544762966.12.png\nPage source: file:/home/runner/work/SSC/SSC/build/reports/tests/1674544762966.12.html\nTimeout: 10 s.\nCaused by: NoSuchElementException: no such element: Unable to locate element: {\"method\":\"xpath\",\"selector\":\"//*[contains(@class,'slds-modal__header') and not(contains(@class,'empty'))]\"}","statusTrace":"Element not found {By.xpath: //*[contains(@class,'slds-modal__header') and not(contains(@class,'empty'))]}\nExpected: visible\nScreenshot: file:/home/runner/work/SSC/SSC/build/reports/tests/1674544762966.12.png\nPage source: file:/home/runner/work/SSC/SSC/build/reports/tests/1674544762966.12.html\nTimeout: 10 s.\nCaused by: NoSuchElementException: no such element: Unable to locate element: {\"method\":\"xpath\",\"selector\":\"//*[contains(@class,'slds-modal__header') and not(contains(@class,'empty'))]\"}\n\tat com.codeborne.selenide.impl.WebElementSource.createElementNotFoundError(WebElementSource.java:87)\n\tat com.codeborne.selenide.impl.ElementFinder.createElementNotFoundError(ElementFinder.java:142)\n\tat com.codeborne.selenide.impl.WebElementSource.checkConditionAndReturnElement(WebElementSource.java:131)\n\tat com.codeborne.selenide.impl.WebElementSource.checkCondition(WebElementSource.java:100)\n\tat com.codeborne.selenide.commands.Should.execute(Should.java:30)\n\tat com.codeborne.selenide.commands.Should.execute(Should.java:14)\n\tat com.codeborne.selenide.commands.Commands.execute(Commands.java:158)\n\tat com.codeborne.selenide.impl.SelenideElementProxy.dispatchAndRetry(SelenideElementProxy.java:130)\n\tat com.codeborne.selenide.impl.SelenideElementProxy.invoke(SelenideElementProxy.java:82)\n\tat com.sun.proxy.$Proxy30.shouldBe(Unknown Source)\n\tat io.github.dzmitryrak.pages.NewObjectModal.waitTillOpened(NewObjectModal.java:35)\n\tat io.github.dzmitryrak.pages.ListAction.newObject(ListAction.java:18)\n\tat io.github.dzmitryrak.tests.ReadModalErrorTest.testErrorMessage(ReadModalErrorTest.java:17)\n\tat java.base/jdk.internal.reflect.NativeMethodAccessorImpl.invoke0(Native Method)\n\tat java.base/jdk.internal.reflect.NativeMethodAccessorImpl.invoke(NativeMethodAccessorImpl.java:62)\n\tat java.base/jdk.internal.reflect.DelegatingMethodAccessorImpl.invoke(DelegatingMethodAccessorImpl.java:43)\n\tat java.base/java.lang.reflect.Method.invoke(Method.java:566)\n\tat org.testng.internal.invokers.MethodInvocationHelper.invokeMethod(MethodInvocationHelper.java:139)\n\tat org.testng.internal.invokers.TestInvoker.invokeMethod(TestInvoker.java:677)\n\tat org.testng.internal.invokers.TestInvoker.invokeTestMethod(TestInvoker.java:221)\n\tat org.testng.internal.invokers.MethodRunner.runInSequence(MethodRunner.java:50)\n\tat org.testng.internal.invokers.TestInvoker$MethodInvocationAgent.invoke(TestInvoker.java:969)\n\tat org.testng.internal.invokers.TestInvoker.invokeTestMethods(TestInvoker.java:194)\n\tat org.testng.internal.invokers.TestMethodWorker.invokeTestMethods(TestMethodWorker.java:148)\n\tat org.testng.internal.invokers.TestMethodWorker.run(TestMethodWorker.java:128)\n\tat java.base/java.util.ArrayList.forEach(ArrayList.java:1541)\n\tat org.testng.TestRunner.privateRun(TestRunner.java:829)\n\tat org.testng.TestRunner.run(TestRunner.java:602)\n\tat org.testng.SuiteRunner.runTest(SuiteRunner.java:437)\n\tat org.testng.SuiteRunner$SuiteWorker.run(SuiteRunner.java:475)\n\tat org.testng.internal.thread.ThreadUtil.lambda$execute$0(ThreadUtil.java:58)\n\tat java.base/java.util.concurrent.FutureTask.run(FutureTask.java:264)\n\tat java.base/java.util.concurrent.ThreadPoolExecutor.runWorker(ThreadPoolExecutor.java:1128)\n\tat java.base/java.util.concurrent.ThreadPoolExecutor$Worker.run(ThreadPoolExecutor.java:628)\n\tat java.base/java.lang.Thread.run(Thread.java:829)\nCaused by: org.openqa.selenium.NoSuchElementException: no such element: Unable to locate element: {\"method\":\"xpath\",\"selector\":\"//*[contains(@class,'slds-modal__header') and not(contains(@class,'empty'))]\"}\n  (Session info: headless chrome=109.0.5414.74)\nFor documentation on this error, please visit: https://selenium.dev/exceptions/#no_such_element\nBuild info: version: '4.7.2', revision: '4d4020c3b7'\nSystem info: os.name: 'Linux', os.arch: 'amd64', os.version: '5.15.0-1031-azure', java.version: '11.0.17'\nDriver info: org.openqa.selenium.chrome.ChromeDriver\nCommand: [038dcabbdd06b2b697f8f2359e3d3b73, findElement {using=xpath, value=//*[contains(@class,'slds-modal__header') and not(contains(@class,'empty'))]}]\nCapabilities {acceptInsecureCerts: true, browserName: chrome, browserVersion: 109.0.5414.74, chrome: {chromedriverVersion: 109.0.5414.74 (e7c5703604da..., userDataDir: /tmp/.com.google.Chrome.Da9fmP}, goog:chromeOptions: {debuggerAddress: localhost:39029}, networkConnectionEnabled: false, pageLoadStrategy: normal, platformName: LINUX, proxy: Proxy(), se:cdp: ws://localhost:39029/devtoo..., se:cdpVersion: 109.0.5414.74, setWindowRect: true, strictFileInteractability: false, timeouts: {implicit: 0, pageLoad: 300000, script: 30000}, unhandledPromptBehavior: accept, webauthn:extension:credBlob: true, webauthn:extension:largeBlob: true, webauthn:virtualAuthenticators: true}\nSession ID: 038dcabbdd06b2b697f8f2359e3d3b73\n\tat jdk.internal.reflect.GeneratedConstructorAccessor26.newInstance(Unknown Source)\n\tat java.base/jdk.internal.reflect.DelegatingConstructorAccessorImpl.newInstance(DelegatingConstructorAccessorImpl.java:45)\n\tat java.base/java.lang.reflect.Constructor.newInstance(Constructor.java:490)\n\tat org.openqa.selenium.remote.codec.w3c.W3CHttpResponseCodec.createException(W3CHttpResponseCodec.java:200)\n\tat org.openqa.selenium.remote.codec.w3c.W3CHttpResponseCodec.decode(W3CHttpResponseCodec.java:133)\n\tat org.openqa.selenium.remote.codec.w3c.W3CHttpResponseCodec.decode(W3CHttpResponseCodec.java:53)\n\tat org.openqa.selenium.remote.HttpCommandExecutor.execute(HttpCommandExecutor.java:184)\n\tat org.openqa.selenium.remote.service.DriverCommandExecutor.invokeExecute(DriverCommandExecutor.java:167)\n\tat org.openqa.selenium.remote.service.DriverCommandExecutor.execute(DriverCommandExecutor.java:142)\n\tat org.openqa.selenium.remote.RemoteWebDriver.execute(RemoteWebDriver.java:535)\n\tat org.openqa.selenium.remote.ElementLocation$ElementFinder$2.findElement(ElementLocation.java:162)\n\tat org.openqa.selenium.remote.ElementLocation.findElement(ElementLocation.java:60)\n\tat org.openqa.selenium.remote.RemoteWebDriver.findElement(RemoteWebDriver.java:351)\n\tat org.openqa.selenium.remote.RemoteWebDriver.findElement(RemoteWebDriver.java:343)\n\tat com.codeborne.selenide.impl.WebElementSelector.findElement(WebElementSelector.java:70)\n\tat com.codeborne.selenide.impl.WebElementSelector.findElement(WebElementSelector.java:44)\n\tat com.codeborne.selenide.impl.WebElementSelector.findElement(WebElementSelector.java:33)\n\tat com.codeborne.selenide.impl.ElementFinder.getWebElement(ElementFinder.java:122)\n\tat com.codeborne.selenide.impl.WebElementSource.checkConditionAndReturnElement(WebElementSource.java:112)\n\t... 32 more\n","flaky":true,"newFailed":true,"newBroken":false,"newPassed":false,"retriesCount":0,"retriesStatusChange":false,"beforeStages":[{"name":"Open browser","time":{"start":1674544722872,"stop":1674544723751,"duration":879},"description":"Open browser","status":"passed","steps":[],"attachments":[],"parameters":[],"attachmentsCount":0,"shouldDisplayMessage":false,"hasContent":false,"stepsCount":0}],"testStage":{"status":"failed","statusMessage":"Element not found {By.xpath: //*[contains(@class,'slds-modal__header') and not(contains(@class,'empty'))]}\nExpected: visible\nScreenshot: file:/home/runner/work/SSC/SSC/build/reports/tests/1674544762966.12.png\nPage source: file:/home/runner/work/SSC/SSC/build/reports/tests/1674544762966.12.html\nTimeout: 10 s.\nCaused by: NoSuchElementException: no such element: Unable to locate element: {\"method\":\"xpath\",\"selector\":\"//*[contains(@class,'slds-modal__header') and not(contains(@class,'empty'))]\"}","statusTrace":"Element not found {By.xpath: //*[contains(@class,'slds-modal__header') and not(contains(@class,'empty'))]}\nExpected: visible\nScreenshot: file:/home/runner/work/SSC/SSC/build/reports/tests/1674544762966.12.png\nPage source: file:/home/runner/work/SSC/SSC/build/reports/tests/1674544762966.12.html\nTimeout: 10 s.\nCaused by: NoSuchElementException: no such element: Unable to locate element: {\"method\":\"xpath\",\"selector\":\"//*[contains(@class,'slds-modal__header') and not(contains(@class,'empty'))]\"}\n\tat com.codeborne.selenide.impl.WebElementSource.createElementNotFoundError(WebElementSource.java:87)\n\tat com.codeborne.selenide.impl.ElementFinder.createElementNotFoundError(ElementFinder.java:142)\n\tat com.codeborne.selenide.impl.WebElementSource.checkConditionAndReturnElement(WebElementSource.java:131)\n\tat com.codeborne.selenide.impl.WebElementSource.checkCondition(WebElementSource.java:100)\n\tat com.codeborne.selenide.commands.Should.execute(Should.java:30)\n\tat com.codeborne.selenide.commands.Should.execute(Should.java:14)\n\tat com.codeborne.selenide.commands.Commands.execute(Commands.java:158)\n\tat com.codeborne.selenide.impl.SelenideElementProxy.dispatchAndRetry(SelenideElementProxy.java:130)\n\tat com.codeborne.selenide.impl.SelenideElementProxy.invoke(SelenideElementProxy.java:82)\n\tat com.sun.proxy.$Proxy30.shouldBe(Unknown Source)\n\tat io.github.dzmitryrak.pages.NewObjectModal.waitTillOpened(NewObjectModal.java:35)\n\tat io.github.dzmitryrak.pages.ListAction.newObject(ListAction.java:18)\n\tat io.github.dzmitryrak.tests.ReadModalErrorTest.testErrorMessage(ReadModalErrorTest.java:17)\n\tat java.base/jdk.internal.reflect.NativeMethodAccessorImpl.invoke0(Native Method)\n\tat java.base/jdk.internal.reflect.NativeMethodAccessorImpl.invoke(NativeMethodAccessorImpl.java:62)\n\tat java.base/jdk.internal.reflect.DelegatingMethodAccessorImpl.invoke(DelegatingMethodAccessorImpl.java:43)\n\tat java.base/java.lang.reflect.Method.invoke(Method.java:566)\n\tat org.testng.internal.invokers.MethodInvocationHelper.invokeMethod(MethodInvocationHelper.java:139)\n\tat org.testng.internal.invokers.TestInvoker.invokeMethod(TestInvoker.java:677)\n\tat org.testng.internal.invokers.TestInvoker.invokeTestMethod(TestInvoker.java:221)\n\tat org.testng.internal.invokers.MethodRunner.runInSequence(MethodRunner.java:50)\n\tat org.testng.internal.invokers.TestInvoker$MethodInvocationAgent.invoke(TestInvoker.java:969)\n\tat org.testng.internal.invokers.TestInvoker.invokeTestMethods(TestInvoker.java:194)\n\tat org.testng.internal.invokers.TestMethodWorker.invokeTestMethods(TestMethodWorker.java:148)\n\tat org.testng.internal.invokers.TestMethodWorker.run(TestMethodWorker.java:128)\n\tat java.base/java.util.ArrayList.forEach(ArrayList.java:1541)\n\tat org.testng.TestRunner.privateRun(TestRunner.java:829)\n\tat org.testng.TestRunner.run(TestRunner.java:602)\n\tat org.testng.SuiteRunner.runTest(SuiteRunner.java:437)\n\tat org.testng.SuiteRunner$SuiteWorker.run(SuiteRunner.java:475)\n\tat org.testng.internal.thread.ThreadUtil.lambda$execute$0(ThreadUtil.java:58)\n\tat java.base/java.util.concurrent.FutureTask.run(FutureTask.java:264)\n\tat java.base/java.util.concurrent.ThreadPoolExecutor.runWorker(ThreadPoolExecutor.java:1128)\n\tat java.base/java.util.concurrent.ThreadPoolExecutor$Worker.run(ThreadPoolExecutor.java:628)\n\tat java.base/java.lang.Thread.run(Thread.java:829)\nCaused by: org.openqa.selenium.NoSuchElementException: no such element: Unable to locate element: {\"method\":\"xpath\",\"selector\":\"//*[contains(@class,'slds-modal__header') and not(contains(@class,'empty'))]\"}\n  (Session info: headless chrome=109.0.5414.74)\nFor documentation on this error, please visit: https://selenium.dev/exceptions/#no_such_element\nBuild info: version: '4.7.2', revision: '4d4020c3b7'\nSystem info: os.name: 'Linux', os.arch: 'amd64', os.version: '5.15.0-1031-azure', java.version: '11.0.17'\nDriver info: org.openqa.selenium.chrome.ChromeDriver\nCommand: [038dcabbdd06b2b697f8f2359e3d3b73, findElement {using=xpath, value=//*[contains(@class,'slds-modal__header') and not(contains(@class,'empty'))]}]\nCapabilities {acceptInsecureCerts: true, browserName: chrome, browserVersion: 109.0.5414.74, chrome: {chromedriverVersion: 109.0.5414.74 (e7c5703604da..., userDataDir: /tmp/.com.google.Chrome.Da9fmP}, goog:chromeOptions: {debuggerAddress: localhost:39029}, networkConnectionEnabled: false, pageLoadStrategy: normal, platformName: LINUX, proxy: Proxy(), se:cdp: ws://localhost:39029/devtoo..., se:cdpVersion: 109.0.5414.74, setWindowRect: true, strictFileInteractability: false, timeouts: {implicit: 0, pageLoad: 300000, script: 30000}, unhandledPromptBehavior: accept, webauthn:extension:credBlob: true, webauthn:extension:largeBlob: true, webauthn:virtualAuthenticators: true}\nSession ID: 038dcabbdd06b2b697f8f2359e3d3b73\n\tat jdk.internal.reflect.GeneratedConstructorAccessor26.newInstance(Unknown Source)\n\tat java.base/jdk.internal.reflect.DelegatingConstructorAccessorImpl.newInstance(DelegatingConstructorAccessorImpl.java:45)\n\tat java.base/java.lang.reflect.Constructor.newInstance(Constructor.java:490)\n\tat org.openqa.selenium.remote.codec.w3c.W3CHttpResponseCodec.createException(W3CHttpResponseCodec.java:200)\n\tat org.openqa.selenium.remote.codec.w3c.W3CHttpResponseCodec.decode(W3CHttpResponseCodec.java:133)\n\tat org.openqa.selenium.remote.codec.w3c.W3CHttpResponseCodec.decode(W3CHttpResponseCodec.java:53)\n\tat org.openqa.selenium.remote.HttpCommandExecutor.execute(HttpCommandExecutor.java:184)\n\tat org.openqa.selenium.remote.service.DriverCommandExecutor.invokeExecute(DriverCommandExecutor.java:167)\n\tat org.openqa.selenium.remote.service.DriverCommandExecutor.execute(DriverCommandExecutor.java:142)\n\tat org.openqa.selenium.remote.RemoteWebDriver.execute(RemoteWebDriver.java:535)\n\tat org.openqa.selenium.remote.ElementLocation$ElementFinder$2.findElement(ElementLocation.java:162)\n\tat org.openqa.selenium.remote.ElementLocation.findElement(ElementLocation.java:60)\n\tat org.openqa.selenium.remote.RemoteWebDriver.findElement(RemoteWebDriver.java:351)\n\tat org.openqa.selenium.remote.RemoteWebDriver.findElement(RemoteWebDriver.java:343)\n\tat com.codeborne.selenide.impl.WebElementSelector.findElement(WebElementSelector.java:70)\n\tat com.codeborne.selenide.impl.WebElementSelector.findElement(WebElementSelector.java:44)\n\tat com.codeborne.selenide.impl.WebElementSelector.findElement(WebElementSelector.java:33)\n\tat com.codeborne.selenide.impl.ElementFinder.getWebElement(ElementFinder.java:122)\n\tat com.codeborne.selenide.impl.WebElementSource.checkConditionAndReturnElement(WebElementSource.java:112)\n\t... 32 more\n","steps":[{"name":"Open Login Page","time":{"start":1674544723753,"stop":1674544725606,"duration":1853},"status":"passed","steps":[],"attachments":[],"parameters":[],"attachmentsCount":0,"shouldDisplayMessage":false,"hasContent":false,"stepsCount":0},{"name":"Login by user: drak@tms.sandbox","time":{"start":1674544725606,"stop":1674544728935,"duration":3329},"status":"passed","steps":[],"attachments":[],"parameters":[{"name":"username","value":"drak@tms.sandbox"},{"name":"password","value":"password02"}],"attachmentsCount":0,"shouldDisplayMessage":false,"hasContent":true,"stepsCount":0},{"name":"Opening List View","time":{"start":1674544732419,"stop":1674544740090,"duration":7671},"status":"passed","steps":[],"attachments":[],"parameters":[{"name":"listViewName","value":"Contact"}],"attachmentsCount":0,"shouldDisplayMessage":false,"hasContent":true,"stepsCount":0},{"name":"Click New action","time":{"start":1674544740090,"stop":1674544740542,"duration":452},"status":"passed","steps":[],"attachments":[],"parameters":[{"name":"actionName","value":"New"}],"attachmentsCount":0,"shouldDisplayMessage":false,"hasContent":true,"stepsCount":0}],"attachments":[{"uid":"a5d704e25c02ddc6","name":"Screenshot","source":"a5d704e25c02ddc6.png","type":"image/png","size":143887},{"uid":"5708c8c4911a5de8","name":"Screenshot","source":"5708c8c4911a5de8.png","type":"image/png","size":174862}],"parameters":[],"attachmentsCount":2,"shouldDisplayMessage":true,"hasContent":true,"stepsCount":4},"afterStages":[{"name":"Close browser","time":{"start":1674544763971,"stop":1674544764113,"duration":142},"description":"Close browser","status":"passed","steps":[],"attachments":[],"parameters":[],"attachmentsCount":0,"shouldDisplayMessage":false,"hasContent":false,"stepsCount":0}],"labels":[{"name":"package","value":"io.github.dzmitryrak.tests.ReadModalErrorTest"},{"name":"testClass","value":"io.github.dzmitryrak.tests.ReadModalErrorTest"},{"name":"testMethod","value":"testErrorMessage"},{"name":"parentSuite","value":"Build Verification Test"},{"name":"suite","value":"Others"},{"name":"subSuite","value":"io.github.dzmitryrak.tests.ReadModalErrorTest"},{"name":"host","value":"fv-az455-323"},{"name":"thread","value":"2643@fv-az455-323.TestNG-tests-2(17)"},{"name":"framework","value":"testng"},{"name":"language","value":"java"},{"name":"resultFormat","value":"allure2"}],"parameters":[],"links":[],"hidden":false,"retry":false,"extra":{"severity":"normal","retries":[],"categories":[{"name":"Product defects","matchedStatuses":[],"flaky":false}],"history":{"statistic":{"failed":3,"broken":0,"skipped":0,"passed":28,"unknown":0,"total":31},"items":[{"uid":"729196558f7cbf60","reportUrl":"https://dzmitryrak.github.io/SSC/190//#testresult/729196558f7cbf60","status":"passed","time":{"start":1674486599680,"stop":1674486631006,"duration":31326}},{"uid":"7b04fd59a4294a2b","reportUrl":"https://dzmitryrak.github.io/SSC/190//#testresult/7b04fd59a4294a2b","status":"failed","statusDetails":"expected [Review the following fields\nName\nBirthdate] but found [Review the following fields\nName]","time":{"start":1674485771911,"stop":1674485803302,"duration":31391}},{"uid":"c89fa5432d478a92","reportUrl":"https://dzmitryrak.github.io/SSC/189//#testresult/c89fa5432d478a92","status":"passed","time":{"start":1674463713351,"stop":1674463746294,"duration":32943}},{"uid":"82195ac82bfd416d","reportUrl":"https://dzmitryrak.github.io/SSC/188//#testresult/82195ac82bfd416d","status":"passed","time":{"start":1674462233731,"stop":1674462267649,"duration":33918}},{"uid":"ec54babf85b829ed","reportUrl":"https://dzmitryrak.github.io/SSC/187//#testresult/ec54babf85b829ed","status":"passed","time":{"start":1674375026766,"stop":1674375056462,"duration":29696}},{"uid":"329e55d72eeea723","reportUrl":"https://dzmitryrak.github.io/SSC/186//#testresult/329e55d72eeea723","status":"passed","time":{"start":1674373369013,"stop":1674373401930,"duration":32917}},{"uid":"682f445acca3043d","reportUrl":"https://dzmitryrak.github.io/SSC/184//#testresult/682f445acca3043d","status":"passed","time":{"start":1674229182228,"stop":1674229214183,"duration":31955}},{"uid":"8c1f57f5755f23df","reportUrl":"https://dzmitryrak.github.io/SSC/183//#testresult/8c1f57f5755f23df","status":"passed","time":{"start":1674213311516,"stop":1674213342896,"duration":31380}},{"uid":"c08b7979c18c6f97","reportUrl":"https://dzmitryrak.github.io/SSC/182//#testresult/c08b7979c18c6f97","status":"passed","time":{"start":1674210149522,"stop":1674210179943,"duration":30421}},{"uid":"de612ffde3f09f40","reportUrl":"https://dzmitryrak.github.io/SSC/181//#testresult/de612ffde3f09f40","status":"passed","time":{"start":1674208139612,"stop":1674208170340,"duration":30728}},{"uid":"d15e3fc6295e9324","reportUrl":"https://dzmitryrak.github.io/SSC/180//#testresult/d15e3fc6295e9324","status":"passed","time":{"start":1674157896564,"stop":1674157928035,"duration":31471}},{"uid":"9f8dbd398125d52c","reportUrl":"https://dzmitryrak.github.io/SSC/180//#testresult/9f8dbd398125d52c","status":"passed","time":{"start":1674157173959,"stop":1674157201067,"duration":27108}},{"uid":"f2e088e84fff5be9","reportUrl":"https://dzmitryrak.github.io/SSC/177//#testresult/f2e088e84fff5be9","status":"passed","time":{"start":1674145855964,"stop":1674145887489,"duration":31525}},{"uid":"32a7711c51b5739","reportUrl":"https://dzmitryrak.github.io/SSC/178//#testresult/32a7711c51b5739","status":"failed","statusDetails":"expected [Review the following fields\nName\nBirthdate] but found [Review the following fields\nName]","time":{"start":1674141376577,"stop":1674141399121,"duration":22544}},{"uid":"f52853514844429f","reportUrl":"https://dzmitryrak.github.io/SSC/177//#testresult/f52853514844429f","status":"passed","time":{"start":1674125311159,"stop":1674125341948,"duration":30789}},{"uid":"60cbf29f138be34","reportUrl":"https://dzmitryrak.github.io/SSC/175//#testresult/60cbf29f138be34","status":"passed","time":{"start":1673601586069,"stop":1673601624889,"duration":38820}},{"uid":"e8c8689ac42d4041","reportUrl":"https://dzmitryrak.github.io/SSC/175//#testresult/e8c8689ac42d4041","status":"passed","time":{"start":1673597439900,"stop":1673597467007,"duration":27107}},{"uid":"4af4f97f0969b3ad","reportUrl":"https://dzmitryrak.github.io/SSC/174//#testresult/4af4f97f0969b3ad","status":"passed","time":{"start":1673533694596,"stop":1673533725284,"duration":30688}},{"uid":"288b4219b85266d6","reportUrl":"https://dzmitryrak.github.io/SSC/173//#testresult/288b4219b85266d6","status":"passed","time":{"start":1673526849532,"stop":1673526870897,"duration":21365}},{"uid":"14ee918a007b5eb9","reportUrl":"https://dzmitryrak.github.io/SSC/172//#testresult/14ee918a007b5eb9","status":"passed","time":{"start":1673525214908,"stop":1673525239399,"duration":24491}}]},"tags":[]},"source":"c312061154081555.json","parameterValues":[]}