{"uid":"c6871e19c9b43b10","name":"Check that panel could be validated","fullName":"io.github.dzmitryrak.tests.CaseTest.panelValidation","historyId":"432519be66c1a9bb7a09e1c11a15b62f","time":{"start":1674544707516,"stop":1674544731924,"duration":24408},"status":"failed","statusMessage":"Element not found {By.xpath: //*[contains(@class,'windowViewMode') and contains(@class,'active')]//*[contains(text(), 'Case Details')]/ancestor::article}\nExpected: visible\nScreenshot: file:/home/runner/work/SSC/SSC/build/reports/tests/1674544728987.9.png\nPage source: file:/home/runner/work/SSC/SSC/build/reports/tests/1674544728987.9.html\nTimeout: 10 s.\nCaused by: NoSuchElementException: no such element: Unable to locate element: {\"method\":\"xpath\",\"selector\":\"//*[contains(@class,'windowViewMode') and contains(@class,'active')]//*[contains(text(), 'Case Details')]/ancestor::article\"}","statusTrace":"Element not found {By.xpath: //*[contains(@class,'windowViewMode') and contains(@class,'active')]//*[contains(text(), 'Case Details')]/ancestor::article}\nExpected: visible\nScreenshot: file:/home/runner/work/SSC/SSC/build/reports/tests/1674544728987.9.png\nPage source: file:/home/runner/work/SSC/SSC/build/reports/tests/1674544728987.9.html\nTimeout: 10 s.\nCaused by: NoSuchElementException: no such element: Unable to locate element: {\"method\":\"xpath\",\"selector\":\"//*[contains(@class,'windowViewMode') and contains(@class,'active')]//*[contains(text(), 'Case Details')]/ancestor::article\"}\n\tat com.codeborne.selenide.impl.WebElementSource.createElementNotFoundError(WebElementSource.java:87)\n\tat com.codeborne.selenide.impl.ElementFinder.createElementNotFoundError(ElementFinder.java:142)\n\tat com.codeborne.selenide.impl.WebElementSource.checkConditionAndReturnElement(WebElementSource.java:131)\n\tat com.codeborne.selenide.impl.WebElementSource.checkCondition(WebElementSource.java:100)\n\tat com.codeborne.selenide.commands.Should.execute(Should.java:30)\n\tat com.codeborne.selenide.commands.Should.execute(Should.java:14)\n\tat com.codeborne.selenide.commands.Commands.execute(Commands.java:158)\n\tat com.codeborne.selenide.impl.SelenideElementProxy.dispatchAndRetry(SelenideElementProxy.java:130)\n\tat com.codeborne.selenide.impl.SelenideElementProxy.invoke(SelenideElementProxy.java:82)\n\tat com.sun.proxy.$Proxy30.shouldBe(Unknown Source)\n\tat io.github.dzmitryrak.pages.Panel.panel(Panel.java:14)\n\tat io.github.dzmitryrak.tests.CaseTest.panelValidation(CaseTest.java:19)\n\tat java.base/jdk.internal.reflect.NativeMethodAccessorImpl.invoke0(Native Method)\n\tat java.base/jdk.internal.reflect.NativeMethodAccessorImpl.invoke(NativeMethodAccessorImpl.java:62)\n\tat java.base/jdk.internal.reflect.DelegatingMethodAccessorImpl.invoke(DelegatingMethodAccessorImpl.java:43)\n\tat java.base/java.lang.reflect.Method.invoke(Method.java:566)\n\tat org.testng.internal.invokers.MethodInvocationHelper.invokeMethod(MethodInvocationHelper.java:139)\n\tat org.testng.internal.invokers.TestInvoker.invokeMethod(TestInvoker.java:677)\n\tat org.testng.internal.invokers.TestInvoker.invokeTestMethod(TestInvoker.java:221)\n\tat org.testng.internal.invokers.MethodRunner.runInSequence(MethodRunner.java:50)\n\tat org.testng.internal.invokers.TestInvoker$MethodInvocationAgent.invoke(TestInvoker.java:969)\n\tat org.testng.internal.invokers.TestInvoker.invokeTestMethods(TestInvoker.java:194)\n\tat org.testng.internal.invokers.TestMethodWorker.invokeTestMethods(TestMethodWorker.java:148)\n\tat org.testng.internal.invokers.TestMethodWorker.run(TestMethodWorker.java:128)\n\tat java.base/java.util.ArrayList.forEach(ArrayList.java:1541)\n\tat org.testng.TestRunner.privateRun(TestRunner.java:829)\n\tat org.testng.TestRunner.run(TestRunner.java:602)\n\tat org.testng.SuiteRunner.runTest(SuiteRunner.java:437)\n\tat org.testng.SuiteRunner$SuiteWorker.run(SuiteRunner.java:475)\n\tat org.testng.internal.thread.ThreadUtil.lambda$execute$0(ThreadUtil.java:58)\n\tat java.base/java.util.concurrent.FutureTask.run(FutureTask.java:264)\n\tat java.base/java.util.concurrent.ThreadPoolExecutor.runWorker(ThreadPoolExecutor.java:1128)\n\tat java.base/java.util.concurrent.ThreadPoolExecutor$Worker.run(ThreadPoolExecutor.java:628)\n\tat java.base/java.lang.Thread.run(Thread.java:829)\nCaused by: org.openqa.selenium.NoSuchElementException: no such element: Unable to locate element: {\"method\":\"xpath\",\"selector\":\"//*[contains(@class,'windowViewMode') and contains(@class,'active')]//*[contains(text(), 'Case Details')]/ancestor::article\"}\n  (Session info: headless chrome=109.0.5414.74)\nFor documentation on this error, please visit: https://selenium.dev/exceptions/#no_such_element\nBuild info: version: '4.7.2', revision: '4d4020c3b7'\nSystem info: os.name: 'Linux', os.arch: 'amd64', os.version: '5.15.0-1031-azure', java.version: '11.0.17'\nDriver info: org.openqa.selenium.chrome.ChromeDriver\nCommand: [60545075f90f5b75f45cc61ab74571fc, findElement {using=xpath, value=//*[contains(@class,'windowViewMode') and contains(@class,'active')]//*[contains(text(), 'Case Details')]/ancestor::article}]\nCapabilities {acceptInsecureCerts: true, browserName: chrome, browserVersion: 109.0.5414.74, chrome: {chromedriverVersion: 109.0.5414.74 (e7c5703604da..., userDataDir: /tmp/.com.google.Chrome.1VsuQ8}, goog:chromeOptions: {debuggerAddress: localhost:34483}, networkConnectionEnabled: false, pageLoadStrategy: normal, platformName: LINUX, proxy: Proxy(), se:cdp: ws://localhost:34483/devtoo..., se:cdpVersion: 109.0.5414.74, setWindowRect: true, strictFileInteractability: false, timeouts: {implicit: 0, pageLoad: 300000, script: 30000}, unhandledPromptBehavior: accept, webauthn:extension:credBlob: true, webauthn:extension:largeBlob: true, webauthn:virtualAuthenticators: true}\nSession ID: 60545075f90f5b75f45cc61ab74571fc\n\tat jdk.internal.reflect.GeneratedConstructorAccessor26.newInstance(Unknown Source)\n\tat java.base/jdk.internal.reflect.DelegatingConstructorAccessorImpl.newInstance(DelegatingConstructorAccessorImpl.java:45)\n\tat java.base/java.lang.reflect.Constructor.newInstance(Constructor.java:490)\n\tat org.openqa.selenium.remote.codec.w3c.W3CHttpResponseCodec.createException(W3CHttpResponseCodec.java:200)\n\tat org.openqa.selenium.remote.codec.w3c.W3CHttpResponseCodec.decode(W3CHttpResponseCodec.java:133)\n\tat org.openqa.selenium.remote.codec.w3c.W3CHttpResponseCodec.decode(W3CHttpResponseCodec.java:53)\n\tat org.openqa.selenium.remote.HttpCommandExecutor.execute(HttpCommandExecutor.java:184)\n\tat org.openqa.selenium.remote.service.DriverCommandExecutor.invokeExecute(DriverCommandExecutor.java:167)\n\tat org.openqa.selenium.remote.service.DriverCommandExecutor.execute(DriverCommandExecutor.java:142)\n\tat org.openqa.selenium.remote.RemoteWebDriver.execute(RemoteWebDriver.java:535)\n\tat org.openqa.selenium.remote.ElementLocation$ElementFinder$2.findElement(ElementLocation.java:162)\n\tat org.openqa.selenium.remote.ElementLocation.findElement(ElementLocation.java:60)\n\tat org.openqa.selenium.remote.RemoteWebDriver.findElement(RemoteWebDriver.java:351)\n\tat org.openqa.selenium.remote.RemoteWebDriver.findElement(RemoteWebDriver.java:343)\n\tat com.codeborne.selenide.impl.WebElementSelector.findElement(WebElementSelector.java:70)\n\tat com.codeborne.selenide.impl.WebElementSelector.findElement(WebElementSelector.java:44)\n\tat com.codeborne.selenide.impl.WebElementSelector.findElement(WebElementSelector.java:33)\n\tat com.codeborne.selenide.impl.ElementFinder.getWebElement(ElementFinder.java:122)\n\tat com.codeborne.selenide.impl.WebElementSource.checkConditionAndReturnElement(WebElementSource.java:112)\n\t... 31 more\n","flaky":true,"newFailed":true,"newBroken":false,"newPassed":false,"retriesCount":0,"retriesStatusChange":false,"beforeStages":[{"name":"Open browser","time":{"start":1674544706701,"stop":1674544707515,"duration":814},"description":"Open browser","status":"passed","steps":[],"attachments":[],"parameters":[],"attachmentsCount":0,"shouldDisplayMessage":false,"hasContent":false,"stepsCount":0}],"testStage":{"status":"failed","statusMessage":"Element not found {By.xpath: //*[contains(@class,'windowViewMode') and contains(@class,'active')]//*[contains(text(), 'Case Details')]/ancestor::article}\nExpected: visible\nScreenshot: file:/home/runner/work/SSC/SSC/build/reports/tests/1674544728987.9.png\nPage source: file:/home/runner/work/SSC/SSC/build/reports/tests/1674544728987.9.html\nTimeout: 10 s.\nCaused by: NoSuchElementException: no such element: Unable to locate element: {\"method\":\"xpath\",\"selector\":\"//*[contains(@class,'windowViewMode') and contains(@class,'active')]//*[contains(text(), 'Case Details')]/ancestor::article\"}","statusTrace":"Element not found {By.xpath: //*[contains(@class,'windowViewMode') and contains(@class,'active')]//*[contains(text(), 'Case Details')]/ancestor::article}\nExpected: visible\nScreenshot: file:/home/runner/work/SSC/SSC/build/reports/tests/1674544728987.9.png\nPage source: file:/home/runner/work/SSC/SSC/build/reports/tests/1674544728987.9.html\nTimeout: 10 s.\nCaused by: NoSuchElementException: no such element: Unable to locate element: {\"method\":\"xpath\",\"selector\":\"//*[contains(@class,'windowViewMode') and contains(@class,'active')]//*[contains(text(), 'Case Details')]/ancestor::article\"}\n\tat com.codeborne.selenide.impl.WebElementSource.createElementNotFoundError(WebElementSource.java:87)\n\tat com.codeborne.selenide.impl.ElementFinder.createElementNotFoundError(ElementFinder.java:142)\n\tat com.codeborne.selenide.impl.WebElementSource.checkConditionAndReturnElement(WebElementSource.java:131)\n\tat com.codeborne.selenide.impl.WebElementSource.checkCondition(WebElementSource.java:100)\n\tat com.codeborne.selenide.commands.Should.execute(Should.java:30)\n\tat com.codeborne.selenide.commands.Should.execute(Should.java:14)\n\tat com.codeborne.selenide.commands.Commands.execute(Commands.java:158)\n\tat com.codeborne.selenide.impl.SelenideElementProxy.dispatchAndRetry(SelenideElementProxy.java:130)\n\tat com.codeborne.selenide.impl.SelenideElementProxy.invoke(SelenideElementProxy.java:82)\n\tat com.sun.proxy.$Proxy30.shouldBe(Unknown Source)\n\tat io.github.dzmitryrak.pages.Panel.panel(Panel.java:14)\n\tat io.github.dzmitryrak.tests.CaseTest.panelValidation(CaseTest.java:19)\n\tat java.base/jdk.internal.reflect.NativeMethodAccessorImpl.invoke0(Native Method)\n\tat java.base/jdk.internal.reflect.NativeMethodAccessorImpl.invoke(NativeMethodAccessorImpl.java:62)\n\tat java.base/jdk.internal.reflect.DelegatingMethodAccessorImpl.invoke(DelegatingMethodAccessorImpl.java:43)\n\tat java.base/java.lang.reflect.Method.invoke(Method.java:566)\n\tat org.testng.internal.invokers.MethodInvocationHelper.invokeMethod(MethodInvocationHelper.java:139)\n\tat org.testng.internal.invokers.TestInvoker.invokeMethod(TestInvoker.java:677)\n\tat org.testng.internal.invokers.TestInvoker.invokeTestMethod(TestInvoker.java:221)\n\tat org.testng.internal.invokers.MethodRunner.runInSequence(MethodRunner.java:50)\n\tat org.testng.internal.invokers.TestInvoker$MethodInvocationAgent.invoke(TestInvoker.java:969)\n\tat org.testng.internal.invokers.TestInvoker.invokeTestMethods(TestInvoker.java:194)\n\tat org.testng.internal.invokers.TestMethodWorker.invokeTestMethods(TestMethodWorker.java:148)\n\tat org.testng.internal.invokers.TestMethodWorker.run(TestMethodWorker.java:128)\n\tat java.base/java.util.ArrayList.forEach(ArrayList.java:1541)\n\tat org.testng.TestRunner.privateRun(TestRunner.java:829)\n\tat org.testng.TestRunner.run(TestRunner.java:602)\n\tat org.testng.SuiteRunner.runTest(SuiteRunner.java:437)\n\tat org.testng.SuiteRunner$SuiteWorker.run(SuiteRunner.java:475)\n\tat org.testng.internal.thread.ThreadUtil.lambda$execute$0(ThreadUtil.java:58)\n\tat java.base/java.util.concurrent.FutureTask.run(FutureTask.java:264)\n\tat java.base/java.util.concurrent.ThreadPoolExecutor.runWorker(ThreadPoolExecutor.java:1128)\n\tat java.base/java.util.concurrent.ThreadPoolExecutor$Worker.run(ThreadPoolExecutor.java:628)\n\tat java.base/java.lang.Thread.run(Thread.java:829)\nCaused by: org.openqa.selenium.NoSuchElementException: no such element: Unable to locate element: {\"method\":\"xpath\",\"selector\":\"//*[contains(@class,'windowViewMode') and contains(@class,'active')]//*[contains(text(), 'Case Details')]/ancestor::article\"}\n  (Session info: headless chrome=109.0.5414.74)\nFor documentation on this error, please visit: https://selenium.dev/exceptions/#no_such_element\nBuild info: version: '4.7.2', revision: '4d4020c3b7'\nSystem info: os.name: 'Linux', os.arch: 'amd64', os.version: '5.15.0-1031-azure', java.version: '11.0.17'\nDriver info: org.openqa.selenium.chrome.ChromeDriver\nCommand: [60545075f90f5b75f45cc61ab74571fc, findElement {using=xpath, value=//*[contains(@class,'windowViewMode') and contains(@class,'active')]//*[contains(text(), 'Case Details')]/ancestor::article}]\nCapabilities {acceptInsecureCerts: true, browserName: chrome, browserVersion: 109.0.5414.74, chrome: {chromedriverVersion: 109.0.5414.74 (e7c5703604da..., userDataDir: /tmp/.com.google.Chrome.1VsuQ8}, goog:chromeOptions: {debuggerAddress: localhost:34483}, networkConnectionEnabled: false, pageLoadStrategy: normal, platformName: LINUX, proxy: Proxy(), se:cdp: ws://localhost:34483/devtoo..., se:cdpVersion: 109.0.5414.74, setWindowRect: true, strictFileInteractability: false, timeouts: {implicit: 0, pageLoad: 300000, script: 30000}, unhandledPromptBehavior: accept, webauthn:extension:credBlob: true, webauthn:extension:largeBlob: true, webauthn:virtualAuthenticators: true}\nSession ID: 60545075f90f5b75f45cc61ab74571fc\n\tat jdk.internal.reflect.GeneratedConstructorAccessor26.newInstance(Unknown Source)\n\tat java.base/jdk.internal.reflect.DelegatingConstructorAccessorImpl.newInstance(DelegatingConstructorAccessorImpl.java:45)\n\tat java.base/java.lang.reflect.Constructor.newInstance(Constructor.java:490)\n\tat org.openqa.selenium.remote.codec.w3c.W3CHttpResponseCodec.createException(W3CHttpResponseCodec.java:200)\n\tat org.openqa.selenium.remote.codec.w3c.W3CHttpResponseCodec.decode(W3CHttpResponseCodec.java:133)\n\tat org.openqa.selenium.remote.codec.w3c.W3CHttpResponseCodec.decode(W3CHttpResponseCodec.java:53)\n\tat org.openqa.selenium.remote.HttpCommandExecutor.execute(HttpCommandExecutor.java:184)\n\tat org.openqa.selenium.remote.service.DriverCommandExecutor.invokeExecute(DriverCommandExecutor.java:167)\n\tat org.openqa.selenium.remote.service.DriverCommandExecutor.execute(DriverCommandExecutor.java:142)\n\tat org.openqa.selenium.remote.RemoteWebDriver.execute(RemoteWebDriver.java:535)\n\tat org.openqa.selenium.remote.ElementLocation$ElementFinder$2.findElement(ElementLocation.java:162)\n\tat org.openqa.selenium.remote.ElementLocation.findElement(ElementLocation.java:60)\n\tat org.openqa.selenium.remote.RemoteWebDriver.findElement(RemoteWebDriver.java:351)\n\tat org.openqa.selenium.remote.RemoteWebDriver.findElement(RemoteWebDriver.java:343)\n\tat com.codeborne.selenide.impl.WebElementSelector.findElement(WebElementSelector.java:70)\n\tat com.codeborne.selenide.impl.WebElementSelector.findElement(WebElementSelector.java:44)\n\tat com.codeborne.selenide.impl.WebElementSelector.findElement(WebElementSelector.java:33)\n\tat com.codeborne.selenide.impl.ElementFinder.getWebElement(ElementFinder.java:122)\n\tat com.codeborne.selenide.impl.WebElementSource.checkConditionAndReturnElement(WebElementSource.java:112)\n\t... 31 more\n","steps":[{"name":"Open Login Page","time":{"start":1674544707517,"stop":1674544709313,"duration":1796},"status":"passed","steps":[],"attachments":[],"parameters":[],"attachmentsCount":0,"shouldDisplayMessage":false,"hasContent":false,"stepsCount":0},{"name":"Login by user: drak@tms.sandbox","time":{"start":1674544709314,"stop":1674544712965,"duration":3651},"status":"passed","steps":[],"attachments":[],"parameters":[{"name":"username","value":"drak@tms.sandbox"},{"name":"password","value":"password02"}],"attachmentsCount":0,"shouldDisplayMessage":false,"hasContent":true,"stepsCount":0}],"attachments":[{"uid":"a9d1e38514ba2b4f","name":"Screenshot","source":"a9d1e38514ba2b4f.png","type":"image/png","size":161707}],"parameters":[],"attachmentsCount":1,"shouldDisplayMessage":true,"hasContent":true,"stepsCount":2},"afterStages":[{"name":"Close browser","time":{"start":1674544731940,"stop":1674544732108,"duration":168},"description":"Close browser","status":"passed","steps":[],"attachments":[],"parameters":[],"attachmentsCount":0,"shouldDisplayMessage":false,"hasContent":false,"stepsCount":0}],"labels":[{"name":"package","value":"io.github.dzmitryrak.tests.CaseTest"},{"name":"testClass","value":"io.github.dzmitryrak.tests.CaseTest"},{"name":"testMethod","value":"panelValidation"},{"name":"parentSuite","value":"Build Verification Test"},{"name":"suite","value":"Cases"},{"name":"subSuite","value":"io.github.dzmitryrak.tests.CaseTest"},{"name":"host","value":"fv-az455-323"},{"name":"thread","value":"2643@fv-az455-323.TestNG-tests-3(18)"},{"name":"framework","value":"testng"},{"name":"language","value":"java"},{"name":"resultFormat","value":"allure2"}],"parameters":[],"links":[],"hidden":false,"retry":false,"extra":{"severity":"normal","retries":[],"categories":[{"name":"Product defects","matchedStatuses":[],"flaky":false}],"history":{"statistic":{"failed":3,"broken":0,"skipped":0,"passed":28,"unknown":0,"total":31},"items":[{"uid":"752e3ba6a26d501b","reportUrl":"https://dzmitryrak.github.io/SSC/190//#testresult/752e3ba6a26d501b","status":"passed","time":{"start":1674486534501,"stop":1674486559572,"duration":25071}},{"uid":"2afb1c5c92c91ce5","reportUrl":"https://dzmitryrak.github.io/SSC/190//#testresult/2afb1c5c92c91ce5","status":"passed","time":{"start":1674485712177,"stop":1674485729780,"duration":17603}},{"uid":"36de64196b22f3d","reportUrl":"https://dzmitryrak.github.io/SSC/189//#testresult/36de64196b22f3d","status":"failed","statusDetails":"Element not found {By.xpath: //*[contains(@class,'windowViewMode') and contains(@class,'active')]//*[contains(text(), 'Case Details')]/ancestor::article}\nExpected: visible\nScreenshot: file:/home/runner/work/SSC/SSC/build/reports/tests/1674463670212.7.png\nPage source: file:/home/runner/work/SSC/SSC/build/reports/tests/1674463670212.7.html\nTimeout: 10 s.\nCaused by: NoSuchElementException: no such element: Unable to locate element: {\"method\":\"xpath\",\"selector\":\"//*[contains(@class,'windowViewMode') and contains(@class,'active')]//*[contains(text(), 'Case Details')]/ancestor::article\"}","time":{"start":1674463649703,"stop":1674463671771,"duration":22068}},{"uid":"1daca93aea568581","reportUrl":"https://dzmitryrak.github.io/SSC/188//#testresult/1daca93aea568581","status":"passed","time":{"start":1674462184982,"stop":1674462207155,"duration":22173}},{"uid":"8c923ec1d1480626","reportUrl":"https://dzmitryrak.github.io/SSC/187//#testresult/8c923ec1d1480626","status":"passed","time":{"start":1674374965999,"stop":1674374986470,"duration":20471}},{"uid":"701017ed093802a9","reportUrl":"https://dzmitryrak.github.io/SSC/186//#testresult/701017ed093802a9","status":"failed","statusDetails":"Element not found {By.xpath: //*[contains(@class,'windowViewMode') and contains(@class,'active')]//*[contains(text(), 'Case Details')]/ancestor::article//*[text()='Case Number']/ancestor::*[@slot = 'secondaryFields' or @class = 'slds-media__body']//lightning-formatted-text}\nExpected: text \"00001002\"\nScreenshot: file:/home/runner/work/SSC/SSC/build/reports/tests/1674373326299.8.png\nPage source: file:/home/runner/work/SSC/SSC/build/reports/tests/1674373326299.8.html\nTimeout: 5 s.\nCaused by: NoSuchElementException: no such element: Unable to locate element: {\"method\":\"xpath\",\"selector\":\"//*[contains(@class,'windowViewMode') and contains(@class,'active')]//*[contains(text(), 'Case Details')]/ancestor::article//*[text()='Case Number']/ancestor::*[@slot = 'secondaryFields' or @class = 'slds-media__body']//lightning-formatted-text\"}","time":{"start":1674373306716,"stop":1674373326745,"duration":20029}},{"uid":"d6b165dbb9fd9d3d","reportUrl":"https://dzmitryrak.github.io/SSC/184//#testresult/d6b165dbb9fd9d3d","status":"passed","time":{"start":1674229115409,"stop":1674229133668,"duration":18259}},{"uid":"8c9817bcedaec759","reportUrl":"https://dzmitryrak.github.io/SSC/183//#testresult/8c9817bcedaec759","status":"passed","time":{"start":1674213251345,"stop":1674213271284,"duration":19939}},{"uid":"7c0c127bfa0e315a","reportUrl":"https://dzmitryrak.github.io/SSC/182//#testresult/7c0c127bfa0e315a","status":"passed","time":{"start":1674210090285,"stop":1674210110878,"duration":20593}},{"uid":"cd7c3a30163e41","reportUrl":"https://dzmitryrak.github.io/SSC/181//#testresult/cd7c3a30163e41","status":"passed","time":{"start":1674208073529,"stop":1674208099232,"duration":25703}},{"uid":"bad808b4d1331e07","reportUrl":"https://dzmitryrak.github.io/SSC/180//#testresult/bad808b4d1331e07","status":"passed","time":{"start":1674157848034,"stop":1674157867809,"duration":19775}},{"uid":"68239301b6aea84e","reportUrl":"https://dzmitryrak.github.io/SSC/180//#testresult/68239301b6aea84e","status":"passed","time":{"start":1674157133047,"stop":1674157146729,"duration":13682}},{"uid":"ca3367afc9b2ddca","reportUrl":"https://dzmitryrak.github.io/SSC/177//#testresult/ca3367afc9b2ddca","status":"passed","time":{"start":1674145788910,"stop":1674145811280,"duration":22370}},{"uid":"b3c63ed85616d691","reportUrl":"https://dzmitryrak.github.io/SSC/178//#testresult/b3c63ed85616d691","status":"passed","time":{"start":1674141313316,"stop":1674141326792,"duration":13476}},{"uid":"6a25842a4412f084","reportUrl":"https://dzmitryrak.github.io/SSC/177//#testresult/6a25842a4412f084","status":"passed","time":{"start":1674125269075,"stop":1674125281010,"duration":11935}},{"uid":"14ce9d35baec526d","reportUrl":"https://dzmitryrak.github.io/SSC/175//#testresult/14ce9d35baec526d","status":"passed","time":{"start":1673601523608,"stop":1673601552066,"duration":28458}},{"uid":"cecae07da93a3c7d","reportUrl":"https://dzmitryrak.github.io/SSC/175//#testresult/cecae07da93a3c7d","status":"passed","time":{"start":1673597397910,"stop":1673597412583,"duration":14673}},{"uid":"3e9a4df01a6d7857","reportUrl":"https://dzmitryrak.github.io/SSC/174//#testresult/3e9a4df01a6d7857","status":"passed","time":{"start":1673533634492,"stop":1673533648615,"duration":14123}},{"uid":"c9d359fff0142351","reportUrl":"https://dzmitryrak.github.io/SSC/173//#testresult/c9d359fff0142351","status":"passed","time":{"start":1673526803006,"stop":1673526815909,"duration":12903}},{"uid":"f65a08c4d09c8798","reportUrl":"https://dzmitryrak.github.io/SSC/172//#testresult/f65a08c4d09c8798","status":"passed","time":{"start":1673525159583,"stop":1673525175588,"duration":16005}}]},"tags":[]},"source":"c6871e19c9b43b10.json","parameterValues":[]}